<?xml version="1.0" encoding="UTF-8"?>
<robot generator="Robot 7.3.1 (Python 3.13.0 on win32)" generated="2025-06-24T11:14:29.293121" rpa="false" schemaversion="5">
<suite id="s1" name="TestKeywords" source="D:\Project(Naruapon)\Test-Login-Google-OAuth\TestKeywords.robot">
<test id="s1-t1" name="(TC03)ค้นหาสินค้าที่ไม่มีอยู่จริง" line="25">
<kw name="Open WebBrowser">
<kw name="Open Browser" owner="SeleniumLibrary">
<msg time="2025-06-24T11:14:29.500189" level="INFO">Opening browser 'chrome' to base url 'https://dormdeal-project.vercel.app'.</msg>
<arg>${URL}</arg>
<arg>${BROWSER}</arg>
<doc>Opens a new browser instance to the optional ``url``.</doc>
<status status="PASS" start="2025-06-24T11:14:29.499949" elapsed="1.459234"/>
</kw>
<status status="PASS" start="2025-06-24T11:14:29.499274" elapsed="1.460075"/>
</kw>
<kw name="Maximize Browser Window" owner="SeleniumLibrary">
<doc>Maximizes current browser window.</doc>
<status status="PASS" start="2025-06-24T11:14:30.959626" elapsed="0.026063"/>
</kw>
<kw name="Login With Google OAuth">
<kw name="Wait Until Element Is Visible" owner="SeleniumLibrary">
<arg>xpath=//*[@id="root"]/div/div[1]/div[3]/a</arg>
<arg>timeout=10s</arg>
<doc>Waits until the element ``locator`` is visible.</doc>
<status status="PASS" start="2025-06-24T11:14:30.986308" elapsed="0.021455"/>
</kw>
<kw name="Click Element" owner="SeleniumLibrary">
<msg time="2025-06-24T11:14:31.008427" level="INFO">Clicking element 'xpath=//*[@id="root"]/div/div[1]/div[3]/a'.</msg>
<arg>xpath=//*[@id="root"]/div/div[1]/div[3]/a</arg>
<doc>Click the element identified by ``locator``.</doc>
<status status="PASS" start="2025-06-24T11:14:31.008159" elapsed="0.079623"/>
</kw>
<kw name="Wait Until Element Is Visible" owner="SeleniumLibrary">
<arg>xpath=//*[@id="login"]/div/button</arg>
<arg>timeout=10s</arg>
<doc>Waits until the element ``locator`` is visible.</doc>
<status status="PASS" start="2025-06-24T11:14:31.088007" elapsed="0.232111"/>
</kw>
<kw name="Get Window Handles" owner="SeleniumLibrary">
<msg time="2025-06-24T11:14:31.321704" level="INFO">${main_window} = ['9E7608E2ED2FE7D269C6FC0D4E1F53DB']</msg>
<var>${main_window}</var>
<doc>Returns all child window handles of the selected browser as a list.</doc>
<status status="PASS" start="2025-06-24T11:14:31.320325" elapsed="0.001418"/>
</kw>
<kw name="Click Element" owner="SeleniumLibrary">
<msg time="2025-06-24T11:14:31.322043" level="INFO">Clicking element 'xpath=//*[@id="login"]/div/button'.</msg>
<arg>xpath=//*[@id="login"]/div/button</arg>
<doc>Click the element identified by ``locator``.</doc>
<status status="PASS" start="2025-06-24T11:14:31.321876" elapsed="0.040465"/>
</kw>
<kw name="Sleep" owner="BuiltIn">
<msg time="2025-06-24T11:14:34.362786" level="INFO">Slept 3 seconds.</msg>
<arg>3s</arg>
<doc>Pauses the test executed for the given time.</doc>
<status status="PASS" start="2025-06-24T11:14:31.362475" elapsed="3.000562"/>
</kw>
<kw name="Get Window Handles" owner="SeleniumLibrary">
<msg time="2025-06-24T11:14:34.366459" level="INFO">${all_windows} = ['9E7608E2ED2FE7D269C6FC0D4E1F53DB', 'CF6D10416E92AF6D55B4D449C310B5B6']</msg>
<var>${all_windows}</var>
<doc>Returns all child window handles of the selected browser as a list.</doc>
<status status="PASS" start="2025-06-24T11:14:34.363250" elapsed="0.003254"/>
</kw>
<kw name="Switch Window" owner="SeleniumLibrary">
<arg>${all_windows}[1]</arg>
<doc>Switches to browser window matching ``locator``.</doc>
<status status="PASS" start="2025-06-24T11:14:34.366636" elapsed="0.026827"/>
</kw>
<kw name="Wait Until Page Contains Element" owner="SeleniumLibrary">
<arg>id=identifierId</arg>
<arg>timeout=10s</arg>
<doc>Waits until the element ``locator`` appears on the current page.</doc>
<status status="PASS" start="2025-06-24T11:14:34.393640" elapsed="3.770345"/>
</kw>
<kw name="Input Text" owner="SeleniumLibrary">
<msg time="2025-06-24T11:14:38.164425" level="INFO">Typing text '654259002' into text field 'id=identifierId'.</msg>
<arg>id=identifierId</arg>
<arg>${username}</arg>
<doc>Types the given ``text`` into the text field identified by ``locator``.</doc>
<status status="PASS" start="2025-06-24T11:14:38.164168" elapsed="0.085046"/>
</kw>
<kw name="Wait Until Element Is Visible" owner="SeleniumLibrary">
<arg>xpath=//*[@id="identifierNext"]/div/button/span</arg>
<arg>timeout=5s</arg>
<doc>Waits until the element ``locator`` is visible.</doc>
<status status="PASS" start="2025-06-24T11:14:38.249350" elapsed="0.013083"/>
</kw>
<kw name="Click Element" owner="SeleniumLibrary">
<msg time="2025-06-24T11:14:38.262824" level="INFO">Clicking element 'xpath=//*[@id="identifierNext"]/div/button/span'.</msg>
<arg>xpath=//*[@id="identifierNext"]/div/button/span</arg>
<doc>Click the element identified by ``locator``.</doc>
<status status="PASS" start="2025-06-24T11:14:38.262628" elapsed="0.095864"/>
</kw>
<kw name="Wait Until Element Is Visible" owner="SeleniumLibrary">
<arg>name=Passwd</arg>
<arg>timeout=5s</arg>
<doc>Waits until the element ``locator`` is visible.</doc>
<status status="PASS" start="2025-06-24T11:14:38.358756" elapsed="1.446440"/>
</kw>
<kw name="Input Text" owner="SeleniumLibrary">
<msg time="2025-06-24T11:14:39.805516" level="INFO">Typing text '1730201408866' into text field 'name=Passwd'.</msg>
<arg>name=Passwd</arg>
<arg>${password}</arg>
<doc>Types the given ``text`` into the text field identified by ``locator``.</doc>
<status status="PASS" start="2025-06-24T11:14:39.805337" elapsed="0.078208"/>
</kw>
<kw name="Click Element" owner="SeleniumLibrary">
<msg time="2025-06-24T11:14:39.883881" level="INFO">Clicking element 'xpath=//*[@id="passwordNext"]/div/button/span'.</msg>
<arg>xpath=//*[@id="passwordNext"]/div/button/span</arg>
<doc>Click the element identified by ``locator``.</doc>
<status status="PASS" start="2025-06-24T11:14:39.883705" elapsed="0.227334"/>
</kw>
<kw name="Sleep" owner="BuiltIn">
<msg time="2025-06-24T11:14:45.111836" level="INFO">Slept 5 seconds.</msg>
<arg>5s</arg>
<doc>Pauses the test executed for the given time.</doc>
<status status="PASS" start="2025-06-24T11:14:40.111201" elapsed="5.000736"/>
</kw>
<kw name="Switch Window" owner="SeleniumLibrary">
<arg>${main_window}[0]</arg>
<doc>Switches to browser window matching ``locator``.</doc>
<status status="PASS" start="2025-06-24T11:14:45.112100" elapsed="0.006148"/>
</kw>
<kw name="Sleep" owner="BuiltIn">
<msg time="2025-06-24T11:14:50.118917" level="INFO">Slept 5 seconds.</msg>
<arg>5s</arg>
<doc>Pauses the test executed for the given time.</doc>
<status status="PASS" start="2025-06-24T11:14:45.118424" elapsed="5.000608"/>
</kw>
<arg>654259002</arg>
<arg>1730201408866</arg>
<status status="PASS" start="2025-06-24T11:14:30.986051" elapsed="19.133095"/>
</kw>
<kw name="Open Want To Sell">
<kw name="Wait Until Element Is Visible" owner="SeleniumLibrary">
<arg>xpath=//*[@id="root"]/div/div[2]/div/div[2]/div/div/div[1]/a[2]</arg>
<arg>timeout=5s</arg>
<doc>Waits until the element ``locator`` is visible.</doc>
<status status="PASS" start="2025-06-24T11:14:50.119758" elapsed="0.013546"/>
</kw>
<kw name="Click Element" owner="SeleniumLibrary">
<msg time="2025-06-24T11:14:50.133642" level="INFO">Clicking element 'xpath=//*[@id="root"]/div/div[2]/div/div[2]/div/div/div[1]/a[2]'.</msg>
<arg>xpath=//*[@id="root"]/div/div[2]/div/div[2]/div/div/div[1]/a[2]</arg>
<doc>Click the element identified by ``locator``.</doc>
<status status="PASS" start="2025-06-24T11:14:50.133452" elapsed="0.190665"/>
</kw>
<status status="PASS" start="2025-06-24T11:14:50.119497" elapsed="0.204708"/>
</kw>
<kw name="กรอกข้อมูลการค้นหาโพสต์">
<kw name="Wait Until Element Is Visible" owner="SeleniumLibrary">
<arg>xpath=//*[@id="root"]/div/div[2]/div[2]/div[1]/div[2]/input</arg>
<arg>timeout=5s</arg>
<doc>Waits until the element ``locator`` is visible.</doc>
<status status="PASS" start="2025-06-24T11:14:50.324790" elapsed="0.018762"/>
</kw>
<kw name="Click Element" owner="SeleniumLibrary">
<msg time="2025-06-24T11:14:50.343901" level="INFO">Clicking element 'xpath=//*[@id="root"]/div/div[2]/div[2]/div[1]/div[2]/input'.</msg>
<arg>xpath=//*[@id="root"]/div/div[2]/div[2]/div[1]/div[2]/input</arg>
<doc>Click the element identified by ``locator``.</doc>
<status status="PASS" start="2025-06-24T11:14:50.343676" elapsed="0.045521"/>
</kw>
<kw name="Input Text" owner="SeleniumLibrary">
<msg time="2025-06-24T11:14:50.389506" level="INFO">Typing text 'ค้นหาไม่เจออะสิ' into text field 'xpath=//*[@id="root"]/div/div[2]/div[2]/div[1]/div[2]/input'.</msg>
<arg>xpath=//*[@id="root"]/div/div[2]/div[2]/div[1]/div[2]/input</arg>
<arg>ค้นหาไม่เจออะสิ</arg>
<doc>Types the given ``text`` into the text field identified by ``locator``.</doc>
<status status="PASS" start="2025-06-24T11:14:50.389339" elapsed="0.060806"/>
</kw>
<kw name="Wait Until Page Contains" owner="SeleniumLibrary">
<arg>ไม่พบสินค้าตามเงื่อนไขที่เลือก</arg>
<arg>timeout=5s</arg>
<doc>Waits until ``text`` appears on the current page.</doc>
<status status="PASS" start="2025-06-24T11:14:50.450304" elapsed="0.007335"/>
</kw>
<kw name="Sleep" owner="BuiltIn">
<msg time="2025-06-24T11:14:53.458057" level="INFO">Slept 3 seconds.</msg>
<arg>3s</arg>
<doc>Pauses the test executed for the given time.</doc>
<status status="PASS" start="2025-06-24T11:14:50.457770" elapsed="3.000399"/>
</kw>
<kw name="Close Browser" owner="SeleniumLibrary">
<doc>Closes the current browser.</doc>
<status status="PASS" start="2025-06-24T11:14:53.458341" elapsed="2.131826"/>
</kw>
<status status="PASS" start="2025-06-24T11:14:50.324520" elapsed="5.265825"/>
</kw>
<status status="PASS" start="2025-06-24T11:14:29.498436" elapsed="26.092184"/>
</test>
<status status="PASS" start="2025-06-24T11:14:29.294168" elapsed="26.297120"/>
</suite>
<statistics>
<total>
<stat pass="1" fail="0" skip="0">All Tests</stat>
</total>
<tag>
</tag>
<suite>
<stat name="TestKeywords" id="s1" pass="1" fail="0" skip="0">TestKeywords</stat>
</suite>
</statistics>
<errors>
</errors>
</robot>
