<?xml version="1.0" encoding="UTF-8"?>
<robot generator="Rebot 7.3.1 (Python 3.12.2 on win32)" generated="2025-07-15T23:26:18.419636" rpa="false" schemaversion="5">
<suite id="s1" name="PostingProducts &amp; PostingProducts &amp; PostingProducts">
<suite id="s1-s1" name="PostingProducts" source="D:\Programming\Term1ProjectFinal\Test-Project\Dormdeal-Project-Testing\Manage product announcement posts\PostingProducts.robot">
<test id="s1-s1-t1" name="(TC7001) การเพิ่มโพสต์สินค้าสำเร็จ" line="9">
<kw name="Open WebBrowser" owner="keywords">
<kw name="Open Browser" owner="SeleniumLibrary">
<msg time="2025-07-04T14:58:31.057870" level="INFO">Opening browser 'chrome' to base url 'http://localhost:5173'.</msg>
<arg>${URL}</arg>
<arg>${BROWSER}</arg>
<doc>Opens a new browser instance to the optional ``url``.</doc>
<status status="PASS" start="2025-07-04T14:58:31.057870" elapsed="1.427329"/>
</kw>
<status status="PASS" start="2025-07-04T14:58:31.056869" elapsed="1.429330"/>
</kw>
<kw name="Maximize Browser Window" owner="SeleniumLibrary">
<doc>Maximizes current browser window.</doc>
<status status="PASS" start="2025-07-04T14:58:32.486199" elapsed="0.020004"/>
</kw>
<kw name="Login With Google OAuth" owner="keywords">
<kw name="Wait Until Element Is Visible" owner="SeleniumLibrary">
<arg>xpath=//*[@data-test="login-sign"]</arg>
<arg>timeout=10s</arg>
<doc>Waits until the element ``locator`` is visible.</doc>
<status status="PASS" start="2025-07-04T14:58:32.507204" elapsed="0.019231"/>
</kw>
<kw name="Click Element" owner="SeleniumLibrary">
<msg time="2025-07-04T14:58:32.527435" level="INFO">Clicking element 'xpath=//*[@data-test="login-sign"]'.</msg>
<arg>xpath=//*[@data-test="login-sign"]</arg>
<doc>Click the element identified by ``locator``.</doc>
<status status="PASS" start="2025-07-04T14:58:32.527435" elapsed="0.049367"/>
</kw>
<kw name="Wait Until Element Is Visible" owner="SeleniumLibrary">
<arg>xpath=//*[@id="login"]/div/button</arg>
<arg>timeout=10s</arg>
<doc>Waits until the element ``locator`` is visible.</doc>
<status status="PASS" start="2025-07-04T14:58:32.576802" elapsed="0.221410"/>
</kw>
<kw name="Get Window Handles" owner="SeleniumLibrary">
<msg time="2025-07-04T14:58:32.799212" level="INFO">${main_window} = ['F9EA232BB47B2ADB98FA7847F595E35C']</msg>
<var>${main_window}</var>
<doc>Returns all child window handles of the selected browser as a list.</doc>
<status status="PASS" start="2025-07-04T14:58:32.798212" elapsed="0.001000"/>
</kw>
<kw name="Click Element" owner="SeleniumLibrary">
<msg time="2025-07-04T14:58:32.799212" level="INFO">Clicking element 'xpath=//*[@id="login"]/div/button'.</msg>
<arg>xpath=//*[@id="login"]/div/button</arg>
<doc>Click the element identified by ``locator``.</doc>
<status status="PASS" start="2025-07-04T14:58:32.799212" elapsed="0.049011"/>
</kw>
<kw name="Click Element" owner="SeleniumLibrary">
<msg time="2025-07-04T14:58:32.849224" level="INFO">Clicking element 'css=[data-test="scroll-bottom"]'.</msg>
<arg>css=[data-test="scroll-bottom"]</arg>
<doc>Click the element identified by ``locator``.</doc>
<status status="PASS" start="2025-07-04T14:58:32.848223" elapsed="0.037009"/>
</kw>
<kw name="Click Element" owner="SeleniumLibrary">
<msg time="2025-07-04T14:58:32.885232" level="INFO">Clicking element 'css=[data-test="accept-button"]'.</msg>
<arg>css=[data-test="accept-button"]</arg>
<doc>Click the element identified by ``locator``.</doc>
<status status="PASS" start="2025-07-04T14:58:32.885232" elapsed="0.607431"/>
</kw>
<kw name="Sleep" owner="BuiltIn">
<msg time="2025-07-04T14:58:36.494401" level="INFO">Slept 3 seconds.</msg>
<arg>3s</arg>
<doc>Pauses the test executed for the given time.</doc>
<status status="PASS" start="2025-07-04T14:58:33.492663" elapsed="3.001738"/>
</kw>
<kw name="Get Window Handles" owner="SeleniumLibrary">
<msg time="2025-07-04T14:58:36.497401" level="INFO">${all_windows} = ['F9EA232BB47B2ADB98FA7847F595E35C', 'D7187B5F0863E7B54CA17017EE84B78D']</msg>
<var>${all_windows}</var>
<doc>Returns all child window handles of the selected browser as a list.</doc>
<status status="PASS" start="2025-07-04T14:58:36.494401" elapsed="0.003000"/>
</kw>
<kw name="Switch Window" owner="SeleniumLibrary">
<arg>${all_windows}[1]</arg>
<doc>Switches to browser window matching ``locator``.</doc>
<status status="PASS" start="2025-07-04T14:58:36.497401" elapsed="0.021708"/>
</kw>
<kw name="Wait Until Page Contains Element" owner="SeleniumLibrary">
<arg>id=identifierId</arg>
<arg>timeout=10s</arg>
<doc>Waits until the element ``locator`` appears on the current page.</doc>
<status status="PASS" start="2025-07-04T14:58:36.520110" elapsed="0.791942"/>
</kw>
<kw name="Input Text" owner="SeleniumLibrary">
<msg time="2025-07-04T14:58:37.312052" level="INFO">Typing text '654259002' into text field 'id=identifierId'.</msg>
<arg>id=identifierId</arg>
<arg>${username}</arg>
<doc>Types the given ``text`` into the text field identified by ``locator``.</doc>
<status status="PASS" start="2025-07-04T14:58:37.312052" elapsed="0.072016"/>
</kw>
<kw name="Wait Until Element Is Visible" owner="SeleniumLibrary">
<arg>xpath=//*[@id="identifierNext"]/div/button/span</arg>
<arg>timeout=10s</arg>
<doc>Waits until the element ``locator`` is visible.</doc>
<status status="PASS" start="2025-07-04T14:58:37.384068" elapsed="0.012003"/>
</kw>
<kw name="Click Element" owner="SeleniumLibrary">
<msg time="2025-07-04T14:58:37.396071" level="INFO">Clicking element 'xpath=//*[@id="identifierNext"]/div/button/span'.</msg>
<arg>xpath=//*[@id="identifierNext"]/div/button/span</arg>
<doc>Click the element identified by ``locator``.</doc>
<status status="PASS" start="2025-07-04T14:58:37.396071" elapsed="0.093020"/>
</kw>
<kw name="Wait Until Element Is Visible" owner="SeleniumLibrary">
<arg>name=Passwd</arg>
<arg>timeout=10s</arg>
<doc>Waits until the element ``locator`` is visible.</doc>
<status status="PASS" start="2025-07-04T14:58:37.489091" elapsed="1.859571"/>
</kw>
<kw name="Input Text" owner="SeleniumLibrary">
<msg time="2025-07-04T14:58:39.349662" level="INFO">Typing text '1730201408866' into text field 'name=Passwd'.</msg>
<arg>name=Passwd</arg>
<arg>${password}</arg>
<doc>Types the given ``text`` into the text field identified by ``locator``.</doc>
<status status="PASS" start="2025-07-04T14:58:39.348662" elapsed="0.059014"/>
</kw>
<kw name="Click Element" owner="SeleniumLibrary">
<msg time="2025-07-04T14:58:39.408676" level="INFO">Clicking element 'xpath=//*[@id="passwordNext"]/div/button/span'.</msg>
<arg>xpath=//*[@id="passwordNext"]/div/button/span</arg>
<doc>Click the element identified by ``locator``.</doc>
<status status="PASS" start="2025-07-04T14:58:39.408676" elapsed="0.205012"/>
</kw>
<kw name="Sleep" owner="BuiltIn">
<msg time="2025-07-04T14:58:49.615533" level="INFO">Slept 10 seconds.</msg>
<arg>10s</arg>
<doc>Pauses the test executed for the given time.</doc>
<status status="PASS" start="2025-07-04T14:58:39.614689" elapsed="10.000844"/>
</kw>
<kw name="Switch Window" owner="SeleniumLibrary">
<arg>${main_window}[0]</arg>
<doc>Switches to browser window matching ``locator``.</doc>
<status status="PASS" start="2025-07-04T14:58:49.615533" elapsed="0.003001"/>
</kw>
<arg>${GOOGLE_USERNAME}</arg>
<arg>${GOOGLE_PASSWORD}</arg>
<status status="PASS" start="2025-07-04T14:58:32.507204" elapsed="17.111330"/>
</kw>
<kw name="PostButton" owner="keywords">
<kw name="Wait Until Element Is Visible" owner="SeleniumLibrary">
<arg>xpath=//*[@data-test="post-button"]</arg>
<arg>timeout=10s</arg>
<doc>Waits until the element ``locator`` is visible.</doc>
<status status="PASS" start="2025-07-04T14:58:49.619534" elapsed="0.010002"/>
</kw>
<kw name="Click Element" owner="SeleniumLibrary">
<msg time="2025-07-04T14:58:49.629536" level="INFO">Clicking element 'xpath=//*[@data-test="post-button"]'.</msg>
<arg>xpath=//*[@data-test="post-button"]</arg>
<doc>Click the element identified by ``locator``.</doc>
<status status="PASS" start="2025-07-04T14:58:49.629536" elapsed="0.205505"/>
</kw>
<status status="PASS" start="2025-07-04T14:58:49.619534" elapsed="0.215507"/>
</kw>
<kw name="SelectTheOfferButton" owner="keywords">
<kw name="Wait Until Element Is Visible" owner="SeleniumLibrary">
<arg>${Want-To-Sell}</arg>
<arg>timeout=5s</arg>
<doc>Waits until the element ``locator`` is visible.</doc>
<status status="PASS" start="2025-07-04T14:58:49.835041" elapsed="0.419465"/>
</kw>
<kw name="Click Element" owner="SeleniumLibrary">
<msg time="2025-07-04T14:58:50.254506" level="INFO">Clicking element 'xpath=//*[@data-test="post-type-wts"]'.</msg>
<arg>${Want-To-Sell}</arg>
<doc>Click the element identified by ``locator``.</doc>
<status status="PASS" start="2025-07-04T14:58:50.254506" elapsed="0.031007"/>
</kw>
<status status="PASS" start="2025-07-04T14:58:49.835041" elapsed="0.450472"/>
</kw>
<kw name="ProductName" owner="keywords">
<kw name="Wait Until Element Is Visible" owner="SeleniumLibrary">
<arg>id=productName</arg>
<arg>timeout=5s</arg>
<doc>Waits until the element ``locator`` is visible.</doc>
<status status="PASS" start="2025-07-04T14:58:50.286514" elapsed="0.009002"/>
</kw>
<kw name="Input Text" owner="SeleniumLibrary">
<msg time="2025-07-04T14:58:50.296516" level="INFO">Typing text 'Air Jordan 1 mid light smoke grey' into text field 'id=productName'.</msg>
<arg>id=productName</arg>
<arg>${product_name}</arg>
<doc>Types the given ``text`` into the text field identified by ``locator``.</doc>
<status status="PASS" start="2025-07-04T14:58:50.296516" elapsed="0.078018"/>
</kw>
<status status="PASS" start="2025-07-04T14:58:50.286514" elapsed="0.088020"/>
</kw>
<kw name="SelectCategory" owner="keywords">
<kw name="Wait Until Element Is Visible" owner="SeleniumLibrary">
<arg>xpath=//*[@data-test="category-header"]</arg>
<arg>timeout=5s</arg>
<doc>Waits until the element ``locator`` is visible.</doc>
<status status="PASS" start="2025-07-04T14:58:50.374534" elapsed="0.010003"/>
</kw>
<kw name="Select From List By Value" owner="SeleniumLibrary">
<msg time="2025-07-04T14:58:50.384537" level="INFO">Selecting options from selection list 'xpath=//*[@data-test="category"]' by value 67ee888655b50d41195bca16.</msg>
<arg>${CATEGORY_DROPDOWN}</arg>
<arg>${MAIN_CATEGORY}</arg>
<doc>Selects options from selection list ``locator`` by ``values``.</doc>
<status status="PASS" start="2025-07-04T14:58:50.384537" elapsed="0.040983"/>
</kw>
<kw name="Wait Until Element Is Visible" owner="SeleniumLibrary">
<arg>xpath=//*[@data-test="subcategory-header"]</arg>
<arg>timeout=5s</arg>
<doc>Waits until the element ``locator`` is visible.</doc>
<status status="PASS" start="2025-07-04T14:58:50.425520" elapsed="0.011003"/>
</kw>
<kw name="Select From List By Value" owner="SeleniumLibrary">
<msg time="2025-07-04T14:58:50.436523" level="INFO">Selecting options from selection list 'xpath=//*[@data-test="subcategory"]' by value 67ee88a355b50d41195bca22.</msg>
<arg>${SUB_CATEGORY_DROPDOWN}</arg>
<arg>${SUB_CATEGORY}</arg>
<doc>Selects options from selection list ``locator`` by ``values``.</doc>
<status status="PASS" start="2025-07-04T14:58:50.436523" elapsed="0.035491"/>
</kw>
<status status="PASS" start="2025-07-04T14:58:50.374534" elapsed="0.097480"/>
</kw>
<kw name="SelectImages" owner="keywords">
<kw name="Wait Until Element Is Visible" owner="SeleniumLibrary">
<arg>xpath=//*[@data-test="image-upload"]</arg>
<arg>timeout=5s</arg>
<doc>Waits until the element ``locator`` is visible.</doc>
<status status="PASS" start="2025-07-04T14:58:50.472014" elapsed="0.010003"/>
</kw>
<kw name="Choose File" owner="SeleniumLibrary">
<msg time="2025-07-04T14:58:50.482017" level="INFO">Sending D:\Programming\Term1ProjectFinal\Test-Project\Dormdeal-Project-Testing\resources\images\AirJordan1.jpg to browser.</msg>
<arg>xpath=//*[@data-test="image-upload"]/input[@type="file"]</arg>
<arg>${LOCAL_IMAGE_PATH}</arg>
<doc>Inputs the ``file_path`` into the file input field ``locator``.</doc>
<status status="PASS" start="2025-07-04T14:58:50.482017" elapsed="0.019655"/>
</kw>
<kw name="Choose File" owner="SeleniumLibrary">
<msg time="2025-07-04T14:58:50.501672" level="INFO">Sending D:\Programming\Term1ProjectFinal\Test-Project\Dormdeal-Project-Testing\resources\images\AirJordan2.jpg to browser.</msg>
<arg>xpath=//*[@data-test="image-upload"]/input[@type="file"]</arg>
<arg>${LOCAL_IMAGE_PATH2}</arg>
<doc>Inputs the ``file_path`` into the file input field ``locator``.</doc>
<status status="PASS" start="2025-07-04T14:58:50.501672" elapsed="0.016705"/>
</kw>
<status status="PASS" start="2025-07-04T14:58:50.472014" elapsed="0.046363"/>
</kw>
<kw name="Price" owner="keywords">
<kw name="Wait Until Element Is Visible" owner="SeleniumLibrary">
<arg>id=price</arg>
<arg>timeout=5s</arg>
<doc>Waits until the element ``locator`` is visible.</doc>
<status status="PASS" start="2025-07-04T14:58:50.519377" elapsed="0.011003"/>
</kw>
<kw name="Input Text" owner="SeleniumLibrary">
<msg time="2025-07-04T14:58:50.530380" level="INFO">Typing text '3200' into text field 'id=price'.</msg>
<arg>id=price</arg>
<arg>${price}</arg>
<doc>Types the given ``text`` into the text field identified by ``locator``.</doc>
<status status="PASS" start="2025-07-04T14:58:50.530380" elapsed="0.061182"/>
</kw>
<status status="PASS" start="2025-07-04T14:58:50.518377" elapsed="0.073185"/>
</kw>
<kw name="Description" owner="keywords">
<kw name="Wait Until Element Is Visible" owner="SeleniumLibrary">
<arg>id=description</arg>
<arg>timeout=5s</arg>
<doc>Waits until the element ``locator`` is visible.</doc>
<status status="PASS" start="2025-07-04T14:58:50.592562" elapsed="0.011003"/>
</kw>
<kw name="Input Text" owner="SeleniumLibrary">
<msg time="2025-07-04T14:58:50.603565" level="INFO">Typing text 'เป็นลอยนิดหน่อยเก็บนานไป' into text field 'id=description'.</msg>
<arg>id=description</arg>
<arg>${description}</arg>
<doc>Types the given ``text`` into the text field identified by ``locator``.</doc>
<status status="PASS" start="2025-07-04T14:58:50.603565" elapsed="0.090833"/>
</kw>
<status status="PASS" start="2025-07-04T14:58:50.592562" elapsed="0.101836"/>
</kw>
<kw name="Condition" owner="keywords">
<kw name="Wait Until Element Is Visible" owner="SeleniumLibrary">
<arg>xpath=//*[@data-test="condition"]</arg>
<arg>timeout=5s</arg>
<doc>Waits until the element ``locator`` is visible.</doc>
<status status="PASS" start="2025-07-04T14:58:50.695399" elapsed="0.011002"/>
</kw>
<kw name="Click Element" owner="SeleniumLibrary">
<msg time="2025-07-04T14:58:50.707402" level="INFO">Clicking element 'xpath=//*[@data-test="used-acceptable"]'.</msg>
<arg>${condition}</arg>
<doc>Click the element identified by ``locator``.</doc>
<status status="PASS" start="2025-07-04T14:58:50.707402" elapsed="0.037008"/>
</kw>
<status status="PASS" start="2025-07-04T14:58:50.694398" elapsed="0.050012"/>
</kw>
<kw name="Announcement Post Type" owner="keywords">
<kw name="Wait Until Element Is Visible" owner="SeleniumLibrary">
<arg>xpath=//*[@data-test="posttype"]</arg>
<arg>timeout=5s</arg>
<doc>Waits until the element ``locator`` is visible.</doc>
<status status="PASS" start="2025-07-04T14:58:50.745410" elapsed="0.011002"/>
</kw>
<kw name="Click Element" owner="SeleniumLibrary">
<msg time="2025-07-04T14:58:50.757439" level="INFO">Clicking element 'xpath=//*[@data-test="postfree"]'.</msg>
<arg>${announcement_post_type}</arg>
<doc>Click the element identified by ``locator``.</doc>
<status status="PASS" start="2025-07-04T14:58:50.756935" elapsed="0.042579"/>
</kw>
<status status="PASS" start="2025-07-04T14:58:50.745410" elapsed="0.054104"/>
</kw>
<doc>เปิดเว็บ DormDeal และทำการ Login ผ่าน Google OAuth</doc>
<status status="PASS" start="2025-07-04T14:58:31.055869" elapsed="19.743645"/>
</test>
<status status="PASS" start="2025-07-04T14:58:30.809299" elapsed="19.990215"/>
</suite>
<suite id="s1-s2" name="PostingProducts" source="D:\Programming\Term1ProjectFinal\Test-Project\Dormdeal-Project-Testing\Testing\Manage product announcement posts\PostingProducts.robot">
<test id="s1-s2-t1" name="(TC7001) การเพิ่มโพสต์สินค้าสำเร็จ" line="9">
<kw name="Open WebBrowser" owner="keywords">
<kw name="Open Browser" owner="SeleniumLibrary">
<msg time="2025-07-15T21:25:18.924972" level="INFO">Opening browser 'chrome' to base url 'http://localhost:5173'.</msg>
<arg>${URL}</arg>
<arg>${BROWSER}</arg>
<doc>Opens a new browser instance to the optional ``url``.</doc>
<status status="PASS" start="2025-07-15T21:25:18.924972" elapsed="2.652104"/>
</kw>
<status status="PASS" start="2025-07-15T21:25:18.923972" elapsed="2.654104"/>
</kw>
<kw name="Maximize Browser Window" owner="SeleniumLibrary">
<doc>Maximizes current browser window.</doc>
<status status="PASS" start="2025-07-15T21:25:21.578076" elapsed="0.029118"/>
</kw>
<kw name="Login With Google OAuth" owner="keywords">
<kw name="Wait Until Element Is Visible" owner="SeleniumLibrary">
<arg>xpath=//*[@data-test="login-sign"]</arg>
<arg>timeout=10s</arg>
<doc>Waits until the element ``locator`` is visible.</doc>
<status status="PASS" start="2025-07-15T21:25:21.608194" elapsed="0.017004"/>
</kw>
<kw name="Click Element" owner="SeleniumLibrary">
<msg time="2025-07-15T21:25:21.626198" level="INFO">Clicking element 'xpath=//*[@data-test="login-sign"]'.</msg>
<arg>xpath=//*[@data-test="login-sign"]</arg>
<doc>Click the element identified by ``locator``.</doc>
<status status="PASS" start="2025-07-15T21:25:21.626198" elapsed="0.085236"/>
</kw>
<kw name="Wait Until Element Is Visible" owner="SeleniumLibrary">
<arg>xpath=//*[@id="login"]/div/button</arg>
<arg>timeout=10s</arg>
<doc>Waits until the element ``locator`` is visible.</doc>
<status status="PASS" start="2025-07-15T21:25:21.712434" elapsed="0.246975"/>
</kw>
<kw name="Get Window Handles" owner="SeleniumLibrary">
<msg time="2025-07-15T21:25:21.960410" level="INFO">${main_window} = ['B28380E2DE98E4C59FD847B8DB88D811']</msg>
<var>${main_window}</var>
<doc>Returns all child window handles of the selected browser as a list.</doc>
<status status="PASS" start="2025-07-15T21:25:21.959409" elapsed="0.001001"/>
</kw>
<kw name="Click Element" owner="SeleniumLibrary">
<msg time="2025-07-15T21:25:21.960410" level="INFO">Clicking element 'xpath=//*[@id="login"]/div/button'.</msg>
<arg>xpath=//*[@id="login"]/div/button</arg>
<doc>Click the element identified by ``locator``.</doc>
<status status="PASS" start="2025-07-15T21:25:21.960410" elapsed="0.046010"/>
</kw>
<kw name="Click Element" owner="SeleniumLibrary">
<msg time="2025-07-15T21:25:22.006420" level="INFO">Clicking element 'css=[data-test="scroll-bottom"]'.</msg>
<arg>css=[data-test="scroll-bottom"]</arg>
<doc>Click the element identified by ``locator``.</doc>
<status status="PASS" start="2025-07-15T21:25:22.006420" elapsed="0.030007"/>
</kw>
<kw name="Click Element" owner="SeleniumLibrary">
<msg time="2025-07-15T21:25:22.037427" level="INFO">Clicking element 'css=[data-test="accept-button"]'.</msg>
<arg>css=[data-test="accept-button"]</arg>
<doc>Click the element identified by ``locator``.</doc>
<status status="PASS" start="2025-07-15T21:25:22.037427" elapsed="0.609810"/>
</kw>
<kw name="Sleep" owner="BuiltIn">
<msg time="2025-07-15T21:25:25.648323" level="INFO">Slept 3 seconds.</msg>
<arg>3s</arg>
<doc>Pauses the test executed for the given time.</doc>
<status status="PASS" start="2025-07-15T21:25:22.648241" elapsed="3.000082"/>
</kw>
<kw name="Get Window Handles" owner="SeleniumLibrary">
<msg time="2025-07-15T21:25:25.653323" level="INFO">${all_windows} = ['B28380E2DE98E4C59FD847B8DB88D811', '6A7765FE4192BD9CD2983258AD4FC189']</msg>
<var>${all_windows}</var>
<doc>Returns all child window handles of the selected browser as a list.</doc>
<status status="PASS" start="2025-07-15T21:25:25.648323" elapsed="0.005000"/>
</kw>
<kw name="Switch Window" owner="SeleniumLibrary">
<arg>${all_windows}[1]</arg>
<doc>Switches to browser window matching ``locator``.</doc>
<status status="PASS" start="2025-07-15T21:25:25.653323" elapsed="0.021005"/>
</kw>
<kw name="Wait Until Page Contains Element" owner="SeleniumLibrary">
<arg>id=identifierId</arg>
<arg>timeout=10s</arg>
<doc>Waits until the element ``locator`` appears on the current page.</doc>
<status status="PASS" start="2025-07-15T21:25:25.674328" elapsed="0.145613"/>
</kw>
<kw name="Input Text" owner="SeleniumLibrary">
<msg time="2025-07-15T21:25:25.819941" level="INFO">Typing text '654259002' into text field 'id=identifierId'.</msg>
<arg>id=identifierId</arg>
<arg>${username}</arg>
<doc>Types the given ``text`` into the text field identified by ``locator``.</doc>
<status status="PASS" start="2025-07-15T21:25:25.819941" elapsed="0.073018"/>
</kw>
<kw name="Wait Until Element Is Visible" owner="SeleniumLibrary">
<arg>xpath=//*[@id="identifierNext"]/div/button/span</arg>
<arg>timeout=10s</arg>
<doc>Waits until the element ``locator`` is visible.</doc>
<status status="PASS" start="2025-07-15T21:25:25.893958" elapsed="0.011002"/>
</kw>
<kw name="Click Element" owner="SeleniumLibrary">
<msg time="2025-07-15T21:25:25.905961" level="INFO">Clicking element 'xpath=//*[@id="identifierNext"]/div/button/span'.</msg>
<arg>xpath=//*[@id="identifierNext"]/div/button/span</arg>
<doc>Click the element identified by ``locator``.</doc>
<status status="PASS" start="2025-07-15T21:25:25.904960" elapsed="0.090021"/>
</kw>
<kw name="Wait Until Element Is Visible" owner="SeleniumLibrary">
<arg>name=Passwd</arg>
<arg>timeout=10s</arg>
<doc>Waits until the element ``locator`` is visible.</doc>
<status status="PASS" start="2025-07-15T21:25:25.995981" elapsed="1.448712"/>
</kw>
<kw name="Input Text" owner="SeleniumLibrary">
<msg time="2025-07-15T21:25:27.444693" level="INFO">Typing text '1730201408866' into text field 'name=Passwd'.</msg>
<arg>name=Passwd</arg>
<arg>${password}</arg>
<doc>Types the given ``text`` into the text field identified by ``locator``.</doc>
<status status="PASS" start="2025-07-15T21:25:27.444693" elapsed="0.062015"/>
</kw>
<kw name="Click Element" owner="SeleniumLibrary">
<msg time="2025-07-15T21:25:27.507709" level="INFO">Clicking element 'xpath=//*[@id="passwordNext"]/div/button/span'.</msg>
<arg>xpath=//*[@id="passwordNext"]/div/button/span</arg>
<doc>Click the element identified by ``locator``.</doc>
<status status="PASS" start="2025-07-15T21:25:27.507709" elapsed="0.171321"/>
</kw>
<kw name="Sleep" owner="BuiltIn">
<msg time="2025-07-15T21:25:37.679801" level="INFO">Slept 10 seconds.</msg>
<arg>10s</arg>
<doc>Pauses the test executed for the given time.</doc>
<status status="PASS" start="2025-07-15T21:25:27.679030" elapsed="10.000771"/>
</kw>
<kw name="Switch Window" owner="SeleniumLibrary">
<arg>${main_window}[0]</arg>
<doc>Switches to browser window matching ``locator``.</doc>
<status status="PASS" start="2025-07-15T21:25:37.679801" elapsed="0.008002"/>
</kw>
<arg>${GOOGLE_USERNAME}</arg>
<arg>${GOOGLE_PASSWORD}</arg>
<status status="PASS" start="2025-07-15T21:25:21.608194" elapsed="16.079609"/>
</kw>
<kw name="PostButton" owner="keywords">
<kw name="Wait Until Element Is Visible" owner="SeleniumLibrary">
<arg>xpath=//*[@data-test="post-button"]</arg>
<arg>timeout=10s</arg>
<doc>Waits until the element ``locator`` is visible.</doc>
<status status="PASS" start="2025-07-15T21:25:37.688803" elapsed="0.010002"/>
</kw>
<kw name="Click Element" owner="SeleniumLibrary">
<msg time="2025-07-15T21:25:37.698805" level="INFO">Clicking element 'xpath=//*[@data-test="post-button"]'.</msg>
<arg>xpath=//*[@data-test="post-button"]</arg>
<doc>Click the element identified by ``locator``.</doc>
<status status="PASS" start="2025-07-15T21:25:37.698805" elapsed="0.202045"/>
</kw>
<status status="PASS" start="2025-07-15T21:25:37.688803" elapsed="0.212047"/>
</kw>
<kw name="SelectTheOfferButton" owner="keywords">
<kw name="Wait Until Element Is Visible" owner="SeleniumLibrary">
<arg>${Want-To-Sell}</arg>
<arg>timeout=5s</arg>
<doc>Waits until the element ``locator`` is visible.</doc>
<status status="PASS" start="2025-07-15T21:25:37.900850" elapsed="0.420267"/>
</kw>
<kw name="Click Element" owner="SeleniumLibrary">
<msg time="2025-07-15T21:25:38.322117" level="INFO">Clicking element 'xpath=//*[@data-test="post-type-wts"]'.</msg>
<arg>${Want-To-Sell}</arg>
<doc>Click the element identified by ``locator``.</doc>
<status status="PASS" start="2025-07-15T21:25:38.321117" elapsed="0.030006"/>
</kw>
<status status="PASS" start="2025-07-15T21:25:37.900850" elapsed="0.450273"/>
</kw>
<kw name="ProductName" owner="keywords">
<kw name="Wait Until Element Is Visible" owner="SeleniumLibrary">
<arg>id=productName</arg>
<arg>timeout=5s</arg>
<doc>Waits until the element ``locator`` is visible.</doc>
<status status="PASS" start="2025-07-15T21:25:38.352124" elapsed="0.010002"/>
</kw>
<kw name="Input Text" owner="SeleniumLibrary">
<msg time="2025-07-15T21:25:38.362126" level="INFO">Typing text 'Air Jordan 1 mid light smoke grey' into text field 'id=productName'.</msg>
<arg>id=productName</arg>
<arg>${product_name}</arg>
<doc>Types the given ``text`` into the text field identified by ``locator``.</doc>
<status status="PASS" start="2025-07-15T21:25:38.362126" elapsed="0.073320"/>
</kw>
<status status="PASS" start="2025-07-15T21:25:38.352124" elapsed="0.084321"/>
</kw>
<kw name="SelectCategory" owner="keywords">
<kw name="Wait Until Element Is Visible" owner="SeleniumLibrary">
<arg>xpath=//*[@data-test="category-header"]</arg>
<arg>timeout=5s</arg>
<doc>Waits until the element ``locator`` is visible.</doc>
<status status="PASS" start="2025-07-15T21:25:38.436445" elapsed="0.010002"/>
</kw>
<kw name="Select From List By Value" owner="SeleniumLibrary">
<msg time="2025-07-15T21:25:38.446447" level="INFO">Selecting options from selection list 'xpath=//*[@data-test="category"]' by value 67ee888655b50d41195bca16.</msg>
<arg>${CATEGORY_DROPDOWN}</arg>
<arg>${MAIN_CATEGORY}</arg>
<doc>Selects options from selection list ``locator`` by ``values``.</doc>
<status status="PASS" start="2025-07-15T21:25:38.446447" elapsed="0.040010"/>
</kw>
<status status="PASS" start="2025-07-15T21:25:38.436445" elapsed="0.050012"/>
</kw>
<kw name="SelectSubCategory" owner="keywords">
<kw name="Wait Until Element Is Visible" owner="SeleniumLibrary">
<arg>xpath=//*[@data-test="subcategory-header"]</arg>
<arg>timeout=5s</arg>
<doc>Waits until the element ``locator`` is visible.</doc>
<status status="PASS" start="2025-07-15T21:25:38.486457" elapsed="0.013002"/>
</kw>
<kw name="Select From List By Value" owner="SeleniumLibrary">
<msg time="2025-07-15T21:25:38.500459" level="INFO">Selecting options from selection list 'xpath=//*[@data-test="subcategory"]' by value 67ee88a355b50d41195bca22.</msg>
<arg>${SUB_CATEGORY_DROPDOWN}</arg>
<arg>${SUB_CATEGORY}</arg>
<doc>Selects options from selection list ``locator`` by ``values``.</doc>
<status status="PASS" start="2025-07-15T21:25:38.500459" elapsed="0.042018"/>
</kw>
<status status="PASS" start="2025-07-15T21:25:38.486457" elapsed="0.056020"/>
</kw>
<kw name="SelectImages" owner="keywords">
<kw name="Wait Until Element Is Visible" owner="SeleniumLibrary">
<arg>xpath=//*[@data-test="image-upload"]</arg>
<arg>timeout=5s</arg>
<doc>Waits until the element ``locator`` is visible.</doc>
<status status="PASS" start="2025-07-15T21:25:38.543478" elapsed="0.008869"/>
</kw>
<kw name="Choose File" owner="SeleniumLibrary">
<msg time="2025-07-15T21:25:38.552347" level="INFO">Sending D:\Programming\Term1ProjectFinal\Test-Project\Dormdeal-Project-Testing\resources\images\AirJordan1.jpg to browser.</msg>
<arg>xpath=//*[@data-test="image-upload"]/input[@type="file"]</arg>
<arg>${LOCAL_IMAGE_PATH}</arg>
<doc>Inputs the ``file_path`` into the file input field ``locator``.</doc>
<status status="PASS" start="2025-07-15T21:25:38.552347" elapsed="0.018582"/>
</kw>
<kw name="Choose File" owner="SeleniumLibrary">
<msg time="2025-07-15T21:25:38.571929" level="INFO">Sending D:\Programming\Term1ProjectFinal\Test-Project\Dormdeal-Project-Testing\resources\images\AirJordan2.jpg to browser.</msg>
<arg>xpath=//*[@data-test="image-upload"]/input[@type="file"]</arg>
<arg>${LOCAL_IMAGE_PATH2}</arg>
<doc>Inputs the ``file_path`` into the file input field ``locator``.</doc>
<status status="PASS" start="2025-07-15T21:25:38.571929" elapsed="0.016004"/>
</kw>
<status status="PASS" start="2025-07-15T21:25:38.543478" elapsed="0.044455"/>
</kw>
<kw name="Price" owner="keywords">
<kw name="Wait Until Element Is Visible" owner="SeleniumLibrary">
<arg>id=price</arg>
<arg>timeout=5s</arg>
<doc>Waits until the element ``locator`` is visible.</doc>
<status status="PASS" start="2025-07-15T21:25:38.588933" elapsed="0.011002"/>
</kw>
<kw name="Input Text" owner="SeleniumLibrary">
<msg time="2025-07-15T21:25:38.599935" level="INFO">Typing text '3200' into text field 'id=price'.</msg>
<arg>id=price</arg>
<arg>${price}</arg>
<doc>Types the given ``text`` into the text field identified by ``locator``.</doc>
<status status="PASS" start="2025-07-15T21:25:38.599935" elapsed="0.045766"/>
</kw>
<status status="PASS" start="2025-07-15T21:25:38.588933" elapsed="0.056768"/>
</kw>
<kw name="Description" owner="keywords">
<kw name="Wait Until Element Is Visible" owner="SeleniumLibrary">
<arg>id=description</arg>
<arg>timeout=5s</arg>
<doc>Waits until the element ``locator`` is visible.</doc>
<status status="PASS" start="2025-07-15T21:25:38.646701" elapsed="0.009003"/>
</kw>
<kw name="Input Text" owner="SeleniumLibrary">
<msg time="2025-07-15T21:25:38.655704" level="INFO">Typing text 'เป็นลอยนิดหน่อยเก็บนานไป' into text field 'id=description'.</msg>
<arg>id=description</arg>
<arg>${description}</arg>
<doc>Types the given ``text`` into the text field identified by ``locator``.</doc>
<status status="PASS" start="2025-07-15T21:25:38.655704" elapsed="0.081978"/>
</kw>
<status status="PASS" start="2025-07-15T21:25:38.646701" elapsed="0.091981"/>
</kw>
<kw name="Condition" owner="keywords">
<kw name="Wait Until Element Is Visible" owner="SeleniumLibrary">
<arg>xpath=//*[@data-test="condition"]</arg>
<arg>timeout=5s</arg>
<doc>Waits until the element ``locator`` is visible.</doc>
<status status="PASS" start="2025-07-15T21:25:38.738682" elapsed="0.010002"/>
</kw>
<kw name="Click Element" owner="SeleniumLibrary">
<msg time="2025-07-15T21:25:38.748684" level="INFO">Clicking element 'xpath=//*[@data-test="used-acceptable"]'.</msg>
<arg>${condition}</arg>
<doc>Click the element identified by ``locator``.</doc>
<status status="PASS" start="2025-07-15T21:25:38.748684" elapsed="0.032007"/>
</kw>
<status status="PASS" start="2025-07-15T21:25:38.738682" elapsed="0.042009"/>
</kw>
<kw name="Announcement Post Type" owner="keywords">
<kw name="Wait Until Element Is Visible" owner="SeleniumLibrary">
<arg>xpath=//*[@data-test="posttype"]</arg>
<arg>timeout=5s</arg>
<doc>Waits until the element ``locator`` is visible.</doc>
<status status="PASS" start="2025-07-15T21:25:38.781691" elapsed="0.009003"/>
</kw>
<kw name="Click Element" owner="SeleniumLibrary">
<msg time="2025-07-15T21:25:38.790694" level="INFO">Clicking element 'xpath=//*[@data-test="postfree"]'.</msg>
<arg>${announcement_post_type}</arg>
<doc>Click the element identified by ``locator``.</doc>
<status status="PASS" start="2025-07-15T21:25:38.790694" elapsed="0.043009"/>
</kw>
<status status="PASS" start="2025-07-15T21:25:38.781691" elapsed="0.052012"/>
</kw>
<kw name="SubmitPost" owner="keywords">
<kw name="Wait Until Element Is Visible" owner="SeleniumLibrary">
<arg>${submitbutton}</arg>
<arg>timeout=5s</arg>
<doc>Waits until the element ``locator`` is visible.</doc>
<status status="PASS" start="2025-07-15T21:25:38.834703" elapsed="0.011003"/>
</kw>
<kw name="Click Element" owner="SeleniumLibrary">
<msg time="2025-07-15T21:25:38.845706" level="INFO">Clicking element 'xpath=//*[@data-test="submit-post"]'.</msg>
<arg>${submitbutton}</arg>
<doc>Click the element identified by ``locator``.</doc>
<status status="PASS" start="2025-07-15T21:25:38.845706" elapsed="0.033307"/>
</kw>
<status status="PASS" start="2025-07-15T21:25:38.834703" elapsed="0.044310"/>
</kw>
<kw name="CheckPostSuccess" owner="keywords">
<kw name="Get Current Date" owner="DateTime">
<msg time="2025-07-15T21:25:38.880013" level="INFO">${timestamp} = 2025-07-15_21-25-38</msg>
<var>${timestamp}</var>
<arg>result_format=%Y-%m-%d_%H-%M-%S</arg>
<doc>Returns current local or UTC time with an optional increment.</doc>
<status status="PASS" start="2025-07-15T21:25:38.879013" elapsed="0.001000"/>
</kw>
<kw name="Set Variable" owner="BuiltIn">
<msg time="2025-07-15T21:25:38.880013" level="INFO">${filename} = (TC7001)_2025-07-15_21-25-38.png</msg>
<var>${filename}</var>
<arg>${tc_id}_${timestamp}.png</arg>
<doc>Returns the given values which can then be assigned to a variables.</doc>
<status status="PASS" start="2025-07-15T21:25:38.880013" elapsed="0.000000"/>
</kw>
<kw name="Set Variable" owner="BuiltIn">
<msg time="2025-07-15T21:25:38.880013" level="INFO">${screenshot_path} = ./screenshots/ManagePost/(TC7001)_2025-07-15_21-25-38.png</msg>
<var>${screenshot_path}</var>
<arg>./screenshots/ManagePost/${filename}</arg>
<doc>Returns the given values which can then be assigned to a variables.</doc>
<status status="PASS" start="2025-07-15T21:25:38.880013" elapsed="0.000000"/>
</kw>
<kw name="Wait Until Page Contains Element" owner="SeleniumLibrary">
<arg>xpath=//*[@data-test="swal-post-success"]</arg>
<arg>timeout=10s</arg>
<doc>Waits until the element ``locator`` appears on the current page.</doc>
<status status="PASS" start="2025-07-15T21:25:38.880013" elapsed="2.055860"/>
</kw>
<kw name="Sleep" owner="BuiltIn">
<msg time="2025-07-15T21:25:42.935895" level="INFO">Slept 2 seconds.</msg>
<arg>2s</arg>
<doc>Pauses the test executed for the given time.</doc>
<status status="PASS" start="2025-07-15T21:25:40.935873" elapsed="2.000022"/>
</kw>
<kw name="Element Text Should Be" owner="SeleniumLibrary">
<msg time="2025-07-15T21:25:42.935895" level="INFO">Verifying element 'xpath=//*[@data-test="swal-post-success"]' contains exact text 'กรุณารอเจ้าหน้าที่ตรวจสอบ!'.</msg>
<arg>xpath=//*[@data-test="swal-post-success"]</arg>
<arg>กรุณารอเจ้าหน้าที่ตรวจสอบ!</arg>
<doc>Verifies that element ``locator`` contains exact the text ``expected``.</doc>
<status status="PASS" start="2025-07-15T21:25:42.935895" elapsed="0.011002"/>
</kw>
<kw name="Capture Page Screenshot" owner="SeleniumLibrary">
<msg time="2025-07-15T21:25:43.038487" level="INFO" html="true">&lt;/td&gt;&lt;/tr&gt;&lt;tr&gt;&lt;td colspan="3"&gt;&lt;a href="screenshots/ManagePost/%28TC7001%29_2025-07-15_21-25-38.png"&gt;&lt;img src="screenshots/ManagePost/%28TC7001%29_2025-07-15_21-25-38.png" width="800px"&gt;&lt;/a&gt;</msg>
<arg>${screenshot_path}</arg>
<doc>Takes a screenshot of the current page and embeds it into a log file.</doc>
<status status="PASS" start="2025-07-15T21:25:42.947898" elapsed="0.090589"/>
</kw>
<arg>(TC7001)</arg>
<status status="PASS" start="2025-07-15T21:25:38.879013" elapsed="4.159474"/>
</kw>
<kw name="Close Browser" owner="SeleniumLibrary">
<doc>Closes the current browser.</doc>
<status status="PASS" start="2025-07-15T21:25:43.038487" elapsed="2.165390"/>
</kw>
<doc>Test adding product posts on the DormDeal website from the login process to the successful submission of the post.</doc>
<status status="PASS" start="2025-07-15T21:25:18.922960" elapsed="26.280917"/>
</test>
<test id="s1-s2-t2" name="(TC7002) การเพิ่มโพสต์สินค้าไม่สำเร็จ(กรณีไม่เลือกข้อเสนอ)" line="28">
<kw name="Open WebBrowser" owner="keywords">
<kw name="Open Browser" owner="SeleniumLibrary">
<msg time="2025-07-15T21:25:45.205879" level="INFO">Opening browser 'chrome' to base url 'http://localhost:5173'.</msg>
<arg>${URL}</arg>
<arg>${BROWSER}</arg>
<doc>Opens a new browser instance to the optional ``url``.</doc>
<status status="PASS" start="2025-07-15T21:25:45.205879" elapsed="1.514388"/>
</kw>
<status status="PASS" start="2025-07-15T21:25:45.205879" elapsed="1.514388"/>
</kw>
<kw name="Maximize Browser Window" owner="SeleniumLibrary">
<doc>Maximizes current browser window.</doc>
<status status="PASS" start="2025-07-15T21:25:46.721267" elapsed="0.034406"/>
</kw>
<kw name="Login With Google OAuth" owner="keywords">
<kw name="Wait Until Element Is Visible" owner="SeleniumLibrary">
<arg>xpath=//*[@data-test="login-sign"]</arg>
<arg>timeout=10s</arg>
<doc>Waits until the element ``locator`` is visible.</doc>
<status status="PASS" start="2025-07-15T21:25:46.755673" elapsed="0.027068"/>
</kw>
<kw name="Click Element" owner="SeleniumLibrary">
<msg time="2025-07-15T21:25:46.782741" level="INFO">Clicking element 'xpath=//*[@data-test="login-sign"]'.</msg>
<arg>xpath=//*[@data-test="login-sign"]</arg>
<doc>Click the element identified by ``locator``.</doc>
<status status="PASS" start="2025-07-15T21:25:46.782741" elapsed="0.049011"/>
</kw>
<kw name="Wait Until Element Is Visible" owner="SeleniumLibrary">
<arg>xpath=//*[@id="login"]/div/button</arg>
<arg>timeout=10s</arg>
<doc>Waits until the element ``locator`` is visible.</doc>
<status status="PASS" start="2025-07-15T21:25:46.831752" elapsed="0.245076"/>
</kw>
<kw name="Get Window Handles" owner="SeleniumLibrary">
<msg time="2025-07-15T21:25:47.077829" level="INFO">${main_window} = ['46CF1EAA6F842B224BB3202DDECA4E21']</msg>
<var>${main_window}</var>
<doc>Returns all child window handles of the selected browser as a list.</doc>
<status status="PASS" start="2025-07-15T21:25:47.077829" elapsed="0.000000"/>
</kw>
<kw name="Click Element" owner="SeleniumLibrary">
<msg time="2025-07-15T21:25:47.078828" level="INFO">Clicking element 'xpath=//*[@id="login"]/div/button'.</msg>
<arg>xpath=//*[@id="login"]/div/button</arg>
<doc>Click the element identified by ``locator``.</doc>
<status status="PASS" start="2025-07-15T21:25:47.078828" elapsed="0.048174"/>
</kw>
<kw name="Click Element" owner="SeleniumLibrary">
<msg time="2025-07-15T21:25:47.127002" level="INFO">Clicking element 'css=[data-test="scroll-bottom"]'.</msg>
<arg>css=[data-test="scroll-bottom"]</arg>
<doc>Click the element identified by ``locator``.</doc>
<status status="PASS" start="2025-07-15T21:25:47.127002" elapsed="0.031008"/>
</kw>
<kw name="Click Element" owner="SeleniumLibrary">
<msg time="2025-07-15T21:25:47.159009" level="INFO">Clicking element 'css=[data-test="accept-button"]'.</msg>
<arg>css=[data-test="accept-button"]</arg>
<doc>Click the element identified by ``locator``.</doc>
<status status="PASS" start="2025-07-15T21:25:47.158010" elapsed="0.590431"/>
</kw>
<kw name="Sleep" owner="BuiltIn">
<msg time="2025-07-15T21:25:50.749525" level="INFO">Slept 3 seconds.</msg>
<arg>3s</arg>
<doc>Pauses the test executed for the given time.</doc>
<status status="PASS" start="2025-07-15T21:25:47.749441" elapsed="3.000084"/>
</kw>
<kw name="Get Window Handles" owner="SeleniumLibrary">
<msg time="2025-07-15T21:25:50.754527" level="INFO">${all_windows} = ['46CF1EAA6F842B224BB3202DDECA4E21', 'AAE31FA6D45D9F1C30142580E2579C1C']</msg>
<var>${all_windows}</var>
<doc>Returns all child window handles of the selected browser as a list.</doc>
<status status="PASS" start="2025-07-15T21:25:50.749525" elapsed="0.005002"/>
</kw>
<kw name="Switch Window" owner="SeleniumLibrary">
<arg>${all_windows}[1]</arg>
<doc>Switches to browser window matching ``locator``.</doc>
<status status="PASS" start="2025-07-15T21:25:50.754527" elapsed="0.022674"/>
</kw>
<kw name="Wait Until Page Contains Element" owner="SeleniumLibrary">
<arg>id=identifierId</arg>
<arg>timeout=10s</arg>
<doc>Waits until the element ``locator`` appears on the current page.</doc>
<status status="PASS" start="2025-07-15T21:25:50.777201" elapsed="0.171414"/>
</kw>
<kw name="Input Text" owner="SeleniumLibrary">
<msg time="2025-07-15T21:25:50.948615" level="INFO">Typing text '654259002' into text field 'id=identifierId'.</msg>
<arg>id=identifierId</arg>
<arg>${username}</arg>
<doc>Types the given ``text`` into the text field identified by ``locator``.</doc>
<status status="PASS" start="2025-07-15T21:25:50.948615" elapsed="0.073016"/>
</kw>
<kw name="Wait Until Element Is Visible" owner="SeleniumLibrary">
<arg>xpath=//*[@id="identifierNext"]/div/button/span</arg>
<arg>timeout=10s</arg>
<doc>Waits until the element ``locator`` is visible.</doc>
<status status="PASS" start="2025-07-15T21:25:51.021631" elapsed="0.012002"/>
</kw>
<kw name="Click Element" owner="SeleniumLibrary">
<msg time="2025-07-15T21:25:51.033633" level="INFO">Clicking element 'xpath=//*[@id="identifierNext"]/div/button/span'.</msg>
<arg>xpath=//*[@id="identifierNext"]/div/button/span</arg>
<doc>Click the element identified by ``locator``.</doc>
<status status="PASS" start="2025-07-15T21:25:51.033633" elapsed="0.092957"/>
</kw>
<kw name="Wait Until Element Is Visible" owner="SeleniumLibrary">
<arg>name=Passwd</arg>
<arg>timeout=10s</arg>
<doc>Waits until the element ``locator`` is visible.</doc>
<status status="PASS" start="2025-07-15T21:25:51.126590" elapsed="1.442115"/>
</kw>
<kw name="Input Text" owner="SeleniumLibrary">
<msg time="2025-07-15T21:25:52.569705" level="INFO">Typing text '1730201408866' into text field 'name=Passwd'.</msg>
<arg>name=Passwd</arg>
<arg>${password}</arg>
<doc>Types the given ``text`` into the text field identified by ``locator``.</doc>
<status status="PASS" start="2025-07-15T21:25:52.569705" elapsed="0.057013"/>
</kw>
<kw name="Click Element" owner="SeleniumLibrary">
<msg time="2025-07-15T21:25:52.626718" level="INFO">Clicking element 'xpath=//*[@id="passwordNext"]/div/button/span'.</msg>
<arg>xpath=//*[@id="passwordNext"]/div/button/span</arg>
<doc>Click the element identified by ``locator``.</doc>
<status status="PASS" start="2025-07-15T21:25:52.626718" elapsed="0.189526"/>
</kw>
<kw name="Sleep" owner="BuiltIn">
<msg time="2025-07-15T21:26:02.817279" level="INFO">Slept 10 seconds.</msg>
<arg>10s</arg>
<doc>Pauses the test executed for the given time.</doc>
<status status="PASS" start="2025-07-15T21:25:52.817245" elapsed="10.000034"/>
</kw>
<kw name="Switch Window" owner="SeleniumLibrary">
<arg>${main_window}[0]</arg>
<doc>Switches to browser window matching ``locator``.</doc>
<status status="PASS" start="2025-07-15T21:26:02.817279" elapsed="0.003001"/>
</kw>
<arg>${GOOGLE_USERNAME}</arg>
<arg>${GOOGLE_PASSWORD}</arg>
<status status="PASS" start="2025-07-15T21:25:46.755673" elapsed="16.064607"/>
</kw>
<kw name="PostButton" owner="keywords">
<kw name="Wait Until Element Is Visible" owner="SeleniumLibrary">
<arg>xpath=//*[@data-test="post-button"]</arg>
<arg>timeout=10s</arg>
<doc>Waits until the element ``locator`` is visible.</doc>
<status status="PASS" start="2025-07-15T21:26:02.821280" elapsed="0.009002"/>
</kw>
<kw name="Click Element" owner="SeleniumLibrary">
<msg time="2025-07-15T21:26:02.831283" level="INFO">Clicking element 'xpath=//*[@data-test="post-button"]'.</msg>
<arg>xpath=//*[@data-test="post-button"]</arg>
<doc>Click the element identified by ``locator``.</doc>
<status status="PASS" start="2025-07-15T21:26:02.830282" elapsed="0.199365"/>
</kw>
<status status="PASS" start="2025-07-15T21:26:02.821280" elapsed="0.208367"/>
</kw>
<kw name="ProductName" owner="keywords">
<kw name="Wait Until Element Is Visible" owner="SeleniumLibrary">
<arg>id=productName</arg>
<arg>timeout=5s</arg>
<doc>Waits until the element ``locator`` is visible.</doc>
<status status="PASS" start="2025-07-15T21:26:03.030647" elapsed="0.421348"/>
</kw>
<kw name="Input Text" owner="SeleniumLibrary">
<msg time="2025-07-15T21:26:03.451995" level="INFO">Typing text 'Air Jordan 1 mid light smoke grey' into text field 'id=productName'.</msg>
<arg>id=productName</arg>
<arg>${product_name}</arg>
<doc>Types the given ``text`` into the text field identified by ``locator``.</doc>
<status status="PASS" start="2025-07-15T21:26:03.451995" elapsed="0.071016"/>
</kw>
<status status="PASS" start="2025-07-15T21:26:03.030647" elapsed="0.492364"/>
</kw>
<kw name="SelectCategory" owner="keywords">
<kw name="Wait Until Element Is Visible" owner="SeleniumLibrary">
<arg>xpath=//*[@data-test="category-header"]</arg>
<arg>timeout=5s</arg>
<doc>Waits until the element ``locator`` is visible.</doc>
<status status="PASS" start="2025-07-15T21:26:03.524011" elapsed="0.010002"/>
</kw>
<kw name="Select From List By Value" owner="SeleniumLibrary">
<msg time="2025-07-15T21:26:03.534013" level="INFO">Selecting options from selection list 'xpath=//*[@data-test="category"]' by value 67ee888655b50d41195bca16.</msg>
<arg>${CATEGORY_DROPDOWN}</arg>
<arg>${MAIN_CATEGORY}</arg>
<doc>Selects options from selection list ``locator`` by ``values``.</doc>
<status status="PASS" start="2025-07-15T21:26:03.534013" elapsed="0.038009"/>
</kw>
<status status="PASS" start="2025-07-15T21:26:03.524011" elapsed="0.048011"/>
</kw>
<kw name="SelectSubCategory" owner="keywords">
<kw name="Wait Until Element Is Visible" owner="SeleniumLibrary">
<arg>xpath=//*[@data-test="subcategory-header"]</arg>
<arg>timeout=5s</arg>
<doc>Waits until the element ``locator`` is visible.</doc>
<status status="PASS" start="2025-07-15T21:26:03.573022" elapsed="0.010003"/>
</kw>
<kw name="Select From List By Value" owner="SeleniumLibrary">
<msg time="2025-07-15T21:26:03.584025" level="INFO">Selecting options from selection list 'xpath=//*[@data-test="subcategory"]' by value 67ee88a355b50d41195bca22.</msg>
<arg>${SUB_CATEGORY_DROPDOWN}</arg>
<arg>${SUB_CATEGORY}</arg>
<doc>Selects options from selection list ``locator`` by ``values``.</doc>
<status status="PASS" start="2025-07-15T21:26:03.583025" elapsed="0.032007"/>
</kw>
<status status="PASS" start="2025-07-15T21:26:03.573022" elapsed="0.042010"/>
</kw>
<kw name="SelectImages" owner="keywords">
<kw name="Wait Until Element Is Visible" owner="SeleniumLibrary">
<arg>xpath=//*[@data-test="image-upload"]</arg>
<arg>timeout=5s</arg>
<doc>Waits until the element ``locator`` is visible.</doc>
<status status="PASS" start="2025-07-15T21:26:03.615032" elapsed="0.010002"/>
</kw>
<kw name="Choose File" owner="SeleniumLibrary">
<msg time="2025-07-15T21:26:03.625034" level="INFO">Sending D:\Programming\Term1ProjectFinal\Test-Project\Dormdeal-Project-Testing\resources\images\AirJordan1.jpg to browser.</msg>
<arg>xpath=//*[@data-test="image-upload"]/input[@type="file"]</arg>
<arg>${LOCAL_IMAGE_PATH}</arg>
<doc>Inputs the ``file_path`` into the file input field ``locator``.</doc>
<status status="PASS" start="2025-07-15T21:26:03.625034" elapsed="0.021005"/>
</kw>
<kw name="Choose File" owner="SeleniumLibrary">
<msg time="2025-07-15T21:26:03.646039" level="INFO">Sending D:\Programming\Term1ProjectFinal\Test-Project\Dormdeal-Project-Testing\resources\images\AirJordan2.jpg to browser.</msg>
<arg>xpath=//*[@data-test="image-upload"]/input[@type="file"]</arg>
<arg>${LOCAL_IMAGE_PATH2}</arg>
<doc>Inputs the ``file_path`` into the file input field ``locator``.</doc>
<status status="PASS" start="2025-07-15T21:26:03.646039" elapsed="0.025005"/>
</kw>
<status status="PASS" start="2025-07-15T21:26:03.615032" elapsed="0.056012"/>
</kw>
<kw name="Price" owner="keywords">
<kw name="Wait Until Element Is Visible" owner="SeleniumLibrary">
<arg>id=price</arg>
<arg>timeout=5s</arg>
<doc>Waits until the element ``locator`` is visible.</doc>
<status status="PASS" start="2025-07-15T21:26:03.672044" elapsed="0.010002"/>
</kw>
<kw name="Input Text" owner="SeleniumLibrary">
<msg time="2025-07-15T21:26:03.683047" level="INFO">Typing text '3200' into text field 'id=price'.</msg>
<arg>id=price</arg>
<arg>${price}</arg>
<doc>Types the given ``text`` into the text field identified by ``locator``.</doc>
<status status="PASS" start="2025-07-15T21:26:03.682046" elapsed="0.043010"/>
</kw>
<status status="PASS" start="2025-07-15T21:26:03.672044" elapsed="0.053012"/>
</kw>
<kw name="Description" owner="keywords">
<kw name="Wait Until Element Is Visible" owner="SeleniumLibrary">
<arg>id=description</arg>
<arg>timeout=5s</arg>
<doc>Waits until the element ``locator`` is visible.</doc>
<status status="PASS" start="2025-07-15T21:26:03.726056" elapsed="0.009002"/>
</kw>
<kw name="Input Text" owner="SeleniumLibrary">
<msg time="2025-07-15T21:26:03.736058" level="INFO">Typing text 'เป็นลอยนิดหน่อยเก็บนานไป' into text field 'id=description'.</msg>
<arg>id=description</arg>
<arg>${description}</arg>
<doc>Types the given ``text`` into the text field identified by ``locator``.</doc>
<status status="PASS" start="2025-07-15T21:26:03.735058" elapsed="0.082019"/>
</kw>
<status status="PASS" start="2025-07-15T21:26:03.725056" elapsed="0.092021"/>
</kw>
<kw name="Condition" owner="keywords">
<kw name="Wait Until Element Is Visible" owner="SeleniumLibrary">
<arg>xpath=//*[@data-test="condition"]</arg>
<arg>timeout=5s</arg>
<doc>Waits until the element ``locator`` is visible.</doc>
<status status="PASS" start="2025-07-15T21:26:03.818076" elapsed="0.009003"/>
</kw>
<kw name="Click Element" owner="SeleniumLibrary">
<msg time="2025-07-15T21:26:03.828079" level="INFO">Clicking element 'xpath=//*[@data-test="used-acceptable"]'.</msg>
<arg>${condition}</arg>
<doc>Click the element identified by ``locator``.</doc>
<status status="PASS" start="2025-07-15T21:26:03.828079" elapsed="0.033008"/>
</kw>
<status status="PASS" start="2025-07-15T21:26:03.817077" elapsed="0.044010"/>
</kw>
<kw name="Announcement Post Type" owner="keywords">
<kw name="Wait Until Element Is Visible" owner="SeleniumLibrary">
<arg>xpath=//*[@data-test="posttype"]</arg>
<arg>timeout=5s</arg>
<doc>Waits until the element ``locator`` is visible.</doc>
<status status="PASS" start="2025-07-15T21:26:03.862086" elapsed="0.010003"/>
</kw>
<kw name="Click Element" owner="SeleniumLibrary">
<msg time="2025-07-15T21:26:03.872089" level="INFO">Clicking element 'xpath=//*[@data-test="postfree"]'.</msg>
<arg>${announcement_post_type}</arg>
<doc>Click the element identified by ``locator``.</doc>
<status status="PASS" start="2025-07-15T21:26:03.872089" elapsed="0.036008"/>
</kw>
<status status="PASS" start="2025-07-15T21:26:03.861087" elapsed="0.047010"/>
</kw>
<kw name="SubmitPost" owner="keywords">
<kw name="Wait Until Element Is Visible" owner="SeleniumLibrary">
<arg>${submitbutton}</arg>
<arg>timeout=5s</arg>
<doc>Waits until the element ``locator`` is visible.</doc>
<status status="PASS" start="2025-07-15T21:26:03.908097" elapsed="0.011003"/>
</kw>
<kw name="Click Element" owner="SeleniumLibrary">
<msg time="2025-07-15T21:26:03.920099" level="INFO">Clicking element 'xpath=//*[@data-test="submit-post"]'.</msg>
<arg>${submitbutton}</arg>
<doc>Click the element identified by ``locator``.</doc>
<status status="PASS" start="2025-07-15T21:26:03.920099" elapsed="0.035009"/>
</kw>
<status status="PASS" start="2025-07-15T21:26:03.908097" elapsed="0.047011"/>
</kw>
<kw name="CheckPostFailed" owner="keywords">
<kw name="Get Current Date" owner="DateTime">
<msg time="2025-07-15T21:26:03.956108" level="INFO">${timestamp} = 2025-07-15_21-26-03</msg>
<var>${timestamp}</var>
<arg>result_format=%Y-%m-%d_%H-%M-%S</arg>
<doc>Returns current local or UTC time with an optional increment.</doc>
<status status="PASS" start="2025-07-15T21:26:03.956108" elapsed="0.000000"/>
</kw>
<kw name="Set Variable" owner="BuiltIn">
<msg time="2025-07-15T21:26:03.957111" level="INFO">${filename} = (TC7002)_2025-07-15_21-26-03.png</msg>
<var>${filename}</var>
<arg>${tc_id}_${timestamp}.png</arg>
<doc>Returns the given values which can then be assigned to a variables.</doc>
<status status="PASS" start="2025-07-15T21:26:03.956108" elapsed="0.001003"/>
</kw>
<kw name="Set Variable" owner="BuiltIn">
<msg time="2025-07-15T21:26:03.957111" level="INFO">${screenshot_path} = ./screenshots/ManagePost/(TC7002)_2025-07-15_21-26-03.png</msg>
<var>${screenshot_path}</var>
<arg>./screenshots/ManagePost/${filename}</arg>
<doc>Returns the given values which can then be assigned to a variables.</doc>
<status status="PASS" start="2025-07-15T21:26:03.957111" elapsed="0.000000"/>
</kw>
<kw name="Wait Until Page Contains Element" owner="SeleniumLibrary">
<arg>xpath=//*[@data-test="swal-post-failed"]</arg>
<arg>timeout=10s</arg>
<doc>Waits until the element ``locator`` appears on the current page.</doc>
<status status="PASS" start="2025-07-15T21:26:03.957111" elapsed="0.006999"/>
</kw>
<kw name="Sleep" owner="BuiltIn">
<msg time="2025-07-15T21:26:05.964132" level="INFO">Slept 2 seconds.</msg>
<arg>2s</arg>
<doc>Pauses the test executed for the given time.</doc>
<status status="PASS" start="2025-07-15T21:26:03.964110" elapsed="2.000022"/>
</kw>
<kw name="Element Text Should Be" owner="SeleniumLibrary">
<msg time="2025-07-15T21:26:05.964132" level="INFO">Verifying element 'xpath=//*[@data-test="swal-post-failed"]' contains exact text 'กรุณากรอกข้อมูลให้ครบถ้วน!'.</msg>
<arg>xpath=//*[@data-test="swal-post-failed"]</arg>
<arg>กรุณากรอกข้อมูลให้ครบถ้วน!</arg>
<doc>Verifies that element ``locator`` contains exact the text ``expected``.</doc>
<status status="PASS" start="2025-07-15T21:26:05.964132" elapsed="0.011796"/>
</kw>
<kw name="Capture Page Screenshot" owner="SeleniumLibrary">
<msg time="2025-07-15T21:26:06.062862" level="INFO" html="true">&lt;/td&gt;&lt;/tr&gt;&lt;tr&gt;&lt;td colspan="3"&gt;&lt;a href="screenshots/ManagePost/%28TC7002%29_2025-07-15_21-26-03.png"&gt;&lt;img src="screenshots/ManagePost/%28TC7002%29_2025-07-15_21-26-03.png" width="800px"&gt;&lt;/a&gt;</msg>
<arg>${screenshot_path}</arg>
<doc>Takes a screenshot of the current page and embeds it into a log file.</doc>
<status status="PASS" start="2025-07-15T21:26:05.975928" elapsed="0.086934"/>
</kw>
<arg>(TC7002)</arg>
<status status="PASS" start="2025-07-15T21:26:03.955108" elapsed="2.107754"/>
</kw>
<kw name="Close Browser" owner="SeleniumLibrary">
<doc>Closes the current browser.</doc>
<status status="PASS" start="2025-07-15T21:26:06.062862" elapsed="2.166068"/>
</kw>
<doc>Test posting failure when user does not select an offer type; system should show error message</doc>
<status status="PASS" start="2025-07-15T21:25:45.204888" elapsed="23.024042"/>
</test>
<test id="s1-s2-t3" name="(TC7003) การเพิ่มโพสต์สินค้าไม่สำเร็จ(กรณีไม่กรอกชื่อสินค้า)" line="46">
<kw name="Open WebBrowser" owner="keywords">
<kw name="Open Browser" owner="SeleniumLibrary">
<msg time="2025-07-15T21:26:08.230932" level="INFO">Opening browser 'chrome' to base url 'http://localhost:5173'.</msg>
<arg>${URL}</arg>
<arg>${BROWSER}</arg>
<doc>Opens a new browser instance to the optional ``url``.</doc>
<status status="PASS" start="2025-07-15T21:26:08.230932" elapsed="1.436582"/>
</kw>
<status status="PASS" start="2025-07-15T21:26:08.230932" elapsed="1.436582"/>
</kw>
<kw name="Maximize Browser Window" owner="SeleniumLibrary">
<doc>Maximizes current browser window.</doc>
<status status="PASS" start="2025-07-15T21:26:09.667514" elapsed="0.031036"/>
</kw>
<kw name="Login With Google OAuth" owner="keywords">
<kw name="Wait Until Element Is Visible" owner="SeleniumLibrary">
<arg>xpath=//*[@data-test="login-sign"]</arg>
<arg>timeout=10s</arg>
<doc>Waits until the element ``locator`` is visible.</doc>
<status status="PASS" start="2025-07-15T21:26:09.699568" elapsed="0.012591"/>
</kw>
<kw name="Click Element" owner="SeleniumLibrary">
<msg time="2025-07-15T21:26:09.712159" level="INFO">Clicking element 'xpath=//*[@data-test="login-sign"]'.</msg>
<arg>xpath=//*[@data-test="login-sign"]</arg>
<doc>Click the element identified by ``locator``.</doc>
<status status="PASS" start="2025-07-15T21:26:09.712159" elapsed="0.107099"/>
</kw>
<kw name="Wait Until Element Is Visible" owner="SeleniumLibrary">
<arg>xpath=//*[@id="login"]/div/button</arg>
<arg>timeout=10s</arg>
<doc>Waits until the element ``locator`` is visible.</doc>
<status status="PASS" start="2025-07-15T21:26:09.819258" elapsed="0.219068"/>
</kw>
<kw name="Get Window Handles" owner="SeleniumLibrary">
<msg time="2025-07-15T21:26:10.039326" level="INFO">${main_window} = ['FB87F7C19EAD0E93FEE6D442CF32F772']</msg>
<var>${main_window}</var>
<doc>Returns all child window handles of the selected browser as a list.</doc>
<status status="PASS" start="2025-07-15T21:26:10.038326" elapsed="0.001000"/>
</kw>
<kw name="Click Element" owner="SeleniumLibrary">
<msg time="2025-07-15T21:26:10.039326" level="INFO">Clicking element 'xpath=//*[@id="login"]/div/button'.</msg>
<arg>xpath=//*[@id="login"]/div/button</arg>
<doc>Click the element identified by ``locator``.</doc>
<status status="PASS" start="2025-07-15T21:26:10.039326" elapsed="0.044010"/>
</kw>
<kw name="Click Element" owner="SeleniumLibrary">
<msg time="2025-07-15T21:26:10.084336" level="INFO">Clicking element 'css=[data-test="scroll-bottom"]'.</msg>
<arg>css=[data-test="scroll-bottom"]</arg>
<doc>Click the element identified by ``locator``.</doc>
<status status="PASS" start="2025-07-15T21:26:10.083336" elapsed="0.031007"/>
</kw>
<kw name="Click Element" owner="SeleniumLibrary">
<msg time="2025-07-15T21:26:10.115343" level="INFO">Clicking element 'css=[data-test="accept-button"]'.</msg>
<arg>css=[data-test="accept-button"]</arg>
<doc>Click the element identified by ``locator``.</doc>
<status status="PASS" start="2025-07-15T21:26:10.115343" elapsed="0.600943"/>
</kw>
<kw name="Sleep" owner="BuiltIn">
<msg time="2025-07-15T21:26:13.718012" level="INFO">Slept 3 seconds.</msg>
<arg>3s</arg>
<doc>Pauses the test executed for the given time.</doc>
<status status="PASS" start="2025-07-15T21:26:10.716286" elapsed="3.001726"/>
</kw>
<kw name="Get Window Handles" owner="SeleniumLibrary">
<msg time="2025-07-15T21:26:13.722013" level="INFO">${all_windows} = ['FB87F7C19EAD0E93FEE6D442CF32F772', '56F470CAD5B228175FB65423F197E176']</msg>
<var>${all_windows}</var>
<doc>Returns all child window handles of the selected browser as a list.</doc>
<status status="PASS" start="2025-07-15T21:26:13.718012" elapsed="0.004001"/>
</kw>
<kw name="Switch Window" owner="SeleniumLibrary">
<arg>${all_windows}[1]</arg>
<doc>Switches to browser window matching ``locator``.</doc>
<status status="PASS" start="2025-07-15T21:26:13.722013" elapsed="0.022006"/>
</kw>
<kw name="Wait Until Page Contains Element" owner="SeleniumLibrary">
<arg>id=identifierId</arg>
<arg>timeout=10s</arg>
<doc>Waits until the element ``locator`` appears on the current page.</doc>
<status status="PASS" start="2025-07-15T21:26:13.744019" elapsed="0.203072"/>
</kw>
<kw name="Input Text" owner="SeleniumLibrary">
<msg time="2025-07-15T21:26:13.947091" level="INFO">Typing text '654259002' into text field 'id=identifierId'.</msg>
<arg>id=identifierId</arg>
<arg>${username}</arg>
<doc>Types the given ``text`` into the text field identified by ``locator``.</doc>
<status status="PASS" start="2025-07-15T21:26:13.947091" elapsed="0.073017"/>
</kw>
<kw name="Wait Until Element Is Visible" owner="SeleniumLibrary">
<arg>xpath=//*[@id="identifierNext"]/div/button/span</arg>
<arg>timeout=10s</arg>
<doc>Waits until the element ``locator`` is visible.</doc>
<status status="PASS" start="2025-07-15T21:26:14.020108" elapsed="0.012003"/>
</kw>
<kw name="Click Element" owner="SeleniumLibrary">
<msg time="2025-07-15T21:26:14.032111" level="INFO">Clicking element 'xpath=//*[@id="identifierNext"]/div/button/span'.</msg>
<arg>xpath=//*[@id="identifierNext"]/div/button/span</arg>
<doc>Click the element identified by ``locator``.</doc>
<status status="PASS" start="2025-07-15T21:26:14.032111" elapsed="0.092021"/>
</kw>
<kw name="Wait Until Element Is Visible" owner="SeleniumLibrary">
<arg>name=Passwd</arg>
<arg>timeout=10s</arg>
<doc>Waits until the element ``locator`` is visible.</doc>
<status status="PASS" start="2025-07-15T21:26:14.124132" elapsed="1.439990"/>
</kw>
<kw name="Input Text" owner="SeleniumLibrary">
<msg time="2025-07-15T21:26:15.564122" level="INFO">Typing text '1730201408866' into text field 'name=Passwd'.</msg>
<arg>name=Passwd</arg>
<arg>${password}</arg>
<doc>Types the given ``text`` into the text field identified by ``locator``.</doc>
<status status="PASS" start="2025-07-15T21:26:15.564122" elapsed="0.057013"/>
</kw>
<kw name="Click Element" owner="SeleniumLibrary">
<msg time="2025-07-15T21:26:15.621135" level="INFO">Clicking element 'xpath=//*[@id="passwordNext"]/div/button/span'.</msg>
<arg>xpath=//*[@id="passwordNext"]/div/button/span</arg>
<doc>Click the element identified by ``locator``.</doc>
<status status="PASS" start="2025-07-15T21:26:15.621135" elapsed="0.202804"/>
</kw>
<kw name="Sleep" owner="BuiltIn">
<msg time="2025-07-15T21:26:25.824953" level="INFO">Slept 10 seconds.</msg>
<arg>10s</arg>
<doc>Pauses the test executed for the given time.</doc>
<status status="PASS" start="2025-07-15T21:26:15.823939" elapsed="10.001014"/>
</kw>
<kw name="Switch Window" owner="SeleniumLibrary">
<arg>${main_window}[0]</arg>
<doc>Switches to browser window matching ``locator``.</doc>
<status status="PASS" start="2025-07-15T21:26:25.824953" elapsed="0.004002"/>
</kw>
<arg>${GOOGLE_USERNAME}</arg>
<arg>${GOOGLE_PASSWORD}</arg>
<status status="PASS" start="2025-07-15T21:26:09.699058" elapsed="16.129897"/>
</kw>
<kw name="PostButton" owner="keywords">
<kw name="Wait Until Element Is Visible" owner="SeleniumLibrary">
<arg>xpath=//*[@data-test="post-button"]</arg>
<arg>timeout=10s</arg>
<doc>Waits until the element ``locator`` is visible.</doc>
<status status="PASS" start="2025-07-15T21:26:25.828955" elapsed="0.010001"/>
</kw>
<kw name="Click Element" owner="SeleniumLibrary">
<msg time="2025-07-15T21:26:25.838956" level="INFO">Clicking element 'xpath=//*[@data-test="post-button"]'.</msg>
<arg>xpath=//*[@data-test="post-button"]</arg>
<doc>Click the element identified by ``locator``.</doc>
<status status="PASS" start="2025-07-15T21:26:25.838956" elapsed="0.206046"/>
</kw>
<status status="PASS" start="2025-07-15T21:26:25.828955" elapsed="0.216047"/>
</kw>
<kw name="SelectTheOfferButton" owner="keywords">
<kw name="Wait Until Element Is Visible" owner="SeleniumLibrary">
<arg>${Want-To-Sell}</arg>
<arg>timeout=5s</arg>
<doc>Waits until the element ``locator`` is visible.</doc>
<status status="PASS" start="2025-07-15T21:26:26.045002" elapsed="0.421140"/>
</kw>
<kw name="Click Element" owner="SeleniumLibrary">
<msg time="2025-07-15T21:26:26.467142" level="INFO">Clicking element 'xpath=//*[@data-test="post-type-wts"]'.</msg>
<arg>${Want-To-Sell}</arg>
<doc>Click the element identified by ``locator``.</doc>
<status status="PASS" start="2025-07-15T21:26:26.467142" elapsed="0.043010"/>
</kw>
<status status="PASS" start="2025-07-15T21:26:26.045002" elapsed="0.465150"/>
</kw>
<kw name="SelectCategory" owner="keywords">
<kw name="Wait Until Element Is Visible" owner="SeleniumLibrary">
<arg>xpath=//*[@data-test="category-header"]</arg>
<arg>timeout=5s</arg>
<doc>Waits until the element ``locator`` is visible.</doc>
<status status="PASS" start="2025-07-15T21:26:26.511152" elapsed="0.010003"/>
</kw>
<kw name="Select From List By Value" owner="SeleniumLibrary">
<msg time="2025-07-15T21:26:26.521155" level="INFO">Selecting options from selection list 'xpath=//*[@data-test="category"]' by value 67ee888655b50d41195bca16.</msg>
<arg>${CATEGORY_DROPDOWN}</arg>
<arg>${MAIN_CATEGORY}</arg>
<doc>Selects options from selection list ``locator`` by ``values``.</doc>
<status status="PASS" start="2025-07-15T21:26:26.521155" elapsed="0.045009"/>
</kw>
<status status="PASS" start="2025-07-15T21:26:26.511152" elapsed="0.055012"/>
</kw>
<kw name="SelectSubCategory" owner="keywords">
<kw name="Wait Until Element Is Visible" owner="SeleniumLibrary">
<arg>xpath=//*[@data-test="subcategory-header"]</arg>
<arg>timeout=5s</arg>
<doc>Waits until the element ``locator`` is visible.</doc>
<status status="PASS" start="2025-07-15T21:26:26.567164" elapsed="0.009003"/>
</kw>
<kw name="Select From List By Value" owner="SeleniumLibrary">
<msg time="2025-07-15T21:26:26.577167" level="INFO">Selecting options from selection list 'xpath=//*[@data-test="subcategory"]' by value 67ee88a355b50d41195bca22.</msg>
<arg>${SUB_CATEGORY_DROPDOWN}</arg>
<arg>${SUB_CATEGORY}</arg>
<doc>Selects options from selection list ``locator`` by ``values``.</doc>
<status status="PASS" start="2025-07-15T21:26:26.576167" elapsed="0.033007"/>
</kw>
<status status="PASS" start="2025-07-15T21:26:26.566164" elapsed="0.043010"/>
</kw>
<kw name="SelectImages" owner="keywords">
<kw name="Wait Until Element Is Visible" owner="SeleniumLibrary">
<arg>xpath=//*[@data-test="image-upload"]</arg>
<arg>timeout=5s</arg>
<doc>Waits until the element ``locator`` is visible.</doc>
<status status="PASS" start="2025-07-15T21:26:26.610175" elapsed="0.008001"/>
</kw>
<kw name="Choose File" owner="SeleniumLibrary">
<msg time="2025-07-15T21:26:26.619177" level="INFO">Sending D:\Programming\Term1ProjectFinal\Test-Project\Dormdeal-Project-Testing\resources\images\AirJordan1.jpg to browser.</msg>
<arg>xpath=//*[@data-test="image-upload"]/input[@type="file"]</arg>
<arg>${LOCAL_IMAGE_PATH}</arg>
<doc>Inputs the ``file_path`` into the file input field ``locator``.</doc>
<status status="PASS" start="2025-07-15T21:26:26.619177" elapsed="0.022004"/>
</kw>
<kw name="Choose File" owner="SeleniumLibrary">
<msg time="2025-07-15T21:26:26.641181" level="INFO">Sending D:\Programming\Term1ProjectFinal\Test-Project\Dormdeal-Project-Testing\resources\images\AirJordan2.jpg to browser.</msg>
<arg>xpath=//*[@data-test="image-upload"]/input[@type="file"]</arg>
<arg>${LOCAL_IMAGE_PATH2}</arg>
<doc>Inputs the ``file_path`` into the file input field ``locator``.</doc>
<status status="PASS" start="2025-07-15T21:26:26.641181" elapsed="0.016003"/>
</kw>
<status status="PASS" start="2025-07-15T21:26:26.609174" elapsed="0.048010"/>
</kw>
<kw name="Price" owner="keywords">
<kw name="Wait Until Element Is Visible" owner="SeleniumLibrary">
<arg>id=price</arg>
<arg>timeout=5s</arg>
<doc>Waits until the element ``locator`` is visible.</doc>
<status status="PASS" start="2025-07-15T21:26:26.658185" elapsed="0.011003"/>
</kw>
<kw name="Input Text" owner="SeleniumLibrary">
<msg time="2025-07-15T21:26:26.670188" level="INFO">Typing text '3200' into text field 'id=price'.</msg>
<arg>id=price</arg>
<arg>${price}</arg>
<doc>Types the given ``text`` into the text field identified by ``locator``.</doc>
<status status="PASS" start="2025-07-15T21:26:26.669188" elapsed="0.049010"/>
</kw>
<status status="PASS" start="2025-07-15T21:26:26.657184" elapsed="0.061014"/>
</kw>
<kw name="Description" owner="keywords">
<kw name="Wait Until Element Is Visible" owner="SeleniumLibrary">
<arg>id=description</arg>
<arg>timeout=5s</arg>
<doc>Waits until the element ``locator`` is visible.</doc>
<status status="PASS" start="2025-07-15T21:26:26.719198" elapsed="0.012003"/>
</kw>
<kw name="Input Text" owner="SeleniumLibrary">
<msg time="2025-07-15T21:26:26.732202" level="INFO">Typing text 'เป็นลอยนิดหน่อยเก็บนานไป' into text field 'id=description'.</msg>
<arg>id=description</arg>
<arg>${description}</arg>
<doc>Types the given ``text`` into the text field identified by ``locator``.</doc>
<status status="PASS" start="2025-07-15T21:26:26.732202" elapsed="0.092021"/>
</kw>
<status status="PASS" start="2025-07-15T21:26:26.719198" elapsed="0.105025"/>
</kw>
<kw name="Condition" owner="keywords">
<kw name="Wait Until Element Is Visible" owner="SeleniumLibrary">
<arg>xpath=//*[@data-test="condition"]</arg>
<arg>timeout=5s</arg>
<doc>Waits until the element ``locator`` is visible.</doc>
<status status="PASS" start="2025-07-15T21:26:26.825223" elapsed="0.010002"/>
</kw>
<kw name="Click Element" owner="SeleniumLibrary">
<msg time="2025-07-15T21:26:26.835225" level="INFO">Clicking element 'xpath=//*[@data-test="used-acceptable"]'.</msg>
<arg>${condition}</arg>
<doc>Click the element identified by ``locator``.</doc>
<status status="PASS" start="2025-07-15T21:26:26.835225" elapsed="0.036008"/>
</kw>
<status status="PASS" start="2025-07-15T21:26:26.825223" elapsed="0.046010"/>
</kw>
<kw name="Announcement Post Type" owner="keywords">
<kw name="Wait Until Element Is Visible" owner="SeleniumLibrary">
<arg>xpath=//*[@data-test="posttype"]</arg>
<arg>timeout=5s</arg>
<doc>Waits until the element ``locator`` is visible.</doc>
<status status="PASS" start="2025-07-15T21:26:26.872232" elapsed="0.012003"/>
</kw>
<kw name="Click Element" owner="SeleniumLibrary">
<msg time="2025-07-15T21:26:26.884235" level="INFO">Clicking element 'xpath=//*[@data-test="postfree"]'.</msg>
<arg>${announcement_post_type}</arg>
<doc>Click the element identified by ``locator``.</doc>
<status status="PASS" start="2025-07-15T21:26:26.884235" elapsed="0.039009"/>
</kw>
<status status="PASS" start="2025-07-15T21:26:26.872232" elapsed="0.051012"/>
</kw>
<kw name="SubmitPost" owner="keywords">
<kw name="Wait Until Element Is Visible" owner="SeleniumLibrary">
<arg>${submitbutton}</arg>
<arg>timeout=5s</arg>
<doc>Waits until the element ``locator`` is visible.</doc>
<status status="PASS" start="2025-07-15T21:26:26.923244" elapsed="0.011003"/>
</kw>
<kw name="Click Element" owner="SeleniumLibrary">
<msg time="2025-07-15T21:26:26.934247" level="INFO">Clicking element 'xpath=//*[@data-test="submit-post"]'.</msg>
<arg>${submitbutton}</arg>
<doc>Click the element identified by ``locator``.</doc>
<status status="PASS" start="2025-07-15T21:26:26.934247" elapsed="0.039009"/>
</kw>
<status status="PASS" start="2025-07-15T21:26:26.923244" elapsed="0.050012"/>
</kw>
<kw name="CheckPostFailed" owner="keywords">
<kw name="Get Current Date" owner="DateTime">
<msg time="2025-07-15T21:26:26.974256" level="INFO">${timestamp} = 2025-07-15_21-26-26</msg>
<var>${timestamp}</var>
<arg>result_format=%Y-%m-%d_%H-%M-%S</arg>
<doc>Returns current local or UTC time with an optional increment.</doc>
<status status="PASS" start="2025-07-15T21:26:26.973256" elapsed="0.001000"/>
</kw>
<kw name="Set Variable" owner="BuiltIn">
<msg time="2025-07-15T21:26:26.974256" level="INFO">${filename} = (TC7003)_2025-07-15_21-26-26.png</msg>
<var>${filename}</var>
<arg>${tc_id}_${timestamp}.png</arg>
<doc>Returns the given values which can then be assigned to a variables.</doc>
<status status="PASS" start="2025-07-15T21:26:26.974256" elapsed="0.000000"/>
</kw>
<kw name="Set Variable" owner="BuiltIn">
<msg time="2025-07-15T21:26:26.974256" level="INFO">${screenshot_path} = ./screenshots/ManagePost/(TC7003)_2025-07-15_21-26-26.png</msg>
<var>${screenshot_path}</var>
<arg>./screenshots/ManagePost/${filename}</arg>
<doc>Returns the given values which can then be assigned to a variables.</doc>
<status status="PASS" start="2025-07-15T21:26:26.974256" elapsed="0.000000"/>
</kw>
<kw name="Wait Until Page Contains Element" owner="SeleniumLibrary">
<arg>xpath=//*[@data-test="swal-post-failed"]</arg>
<arg>timeout=10s</arg>
<doc>Waits until the element ``locator`` appears on the current page.</doc>
<status status="PASS" start="2025-07-15T21:26:26.974256" elapsed="0.008001"/>
</kw>
<kw name="Sleep" owner="BuiltIn">
<msg time="2025-07-15T21:26:28.982614" level="INFO">Slept 2 seconds.</msg>
<arg>2s</arg>
<doc>Pauses the test executed for the given time.</doc>
<status status="PASS" start="2025-07-15T21:26:26.982257" elapsed="2.000357"/>
</kw>
<kw name="Element Text Should Be" owner="SeleniumLibrary">
<msg time="2025-07-15T21:26:28.982614" level="INFO">Verifying element 'xpath=//*[@data-test="swal-post-failed"]' contains exact text 'กรุณากรอกข้อมูลให้ครบถ้วน!'.</msg>
<arg>xpath=//*[@data-test="swal-post-failed"]</arg>
<arg>กรุณากรอกข้อมูลให้ครบถ้วน!</arg>
<doc>Verifies that element ``locator`` contains exact the text ``expected``.</doc>
<status status="PASS" start="2025-07-15T21:26:28.982614" elapsed="0.011003"/>
</kw>
<kw name="Capture Page Screenshot" owner="SeleniumLibrary">
<msg time="2025-07-15T21:26:29.062205" level="INFO" html="true">&lt;/td&gt;&lt;/tr&gt;&lt;tr&gt;&lt;td colspan="3"&gt;&lt;a href="screenshots/ManagePost/%28TC7003%29_2025-07-15_21-26-26.png"&gt;&lt;img src="screenshots/ManagePost/%28TC7003%29_2025-07-15_21-26-26.png" width="800px"&gt;&lt;/a&gt;</msg>
<arg>${screenshot_path}</arg>
<doc>Takes a screenshot of the current page and embeds it into a log file.</doc>
<status status="PASS" start="2025-07-15T21:26:28.994618" elapsed="0.067587"/>
</kw>
<arg>(TC7003)</arg>
<status status="PASS" start="2025-07-15T21:26:26.973256" elapsed="2.088949"/>
</kw>
<kw name="Close Browser" owner="SeleniumLibrary">
<doc>Closes the current browser.</doc>
<status status="PASS" start="2025-07-15T21:26:29.062848" elapsed="2.150586"/>
</kw>
<doc>Test posting failure when user does not fill in the product name; system should show error message</doc>
<status status="PASS" start="2025-07-15T21:26:08.229931" elapsed="22.983931"/>
</test>
<test id="s1-s2-t4" name="(TC7004) การเพิ่มโพสต์สินค้าไม่สำเร็จ(กรณีไม่กรอกเลือกหมวดหมู่หลัก)" line="64">
<kw name="Open WebBrowser" owner="keywords">
<kw name="Open Browser" owner="SeleniumLibrary">
<msg time="2025-07-15T21:26:31.215864" level="INFO">Opening browser 'chrome' to base url 'http://localhost:5173'.</msg>
<arg>${URL}</arg>
<arg>${BROWSER}</arg>
<doc>Opens a new browser instance to the optional ``url``.</doc>
<status status="PASS" start="2025-07-15T21:26:31.215864" elapsed="1.480860"/>
</kw>
<status status="PASS" start="2025-07-15T21:26:31.215864" elapsed="1.480860"/>
</kw>
<kw name="Maximize Browser Window" owner="SeleniumLibrary">
<doc>Maximizes current browser window.</doc>
<status status="PASS" start="2025-07-15T21:26:32.696724" elapsed="0.020005"/>
</kw>
<kw name="Login With Google OAuth" owner="keywords">
<kw name="Wait Until Element Is Visible" owner="SeleniumLibrary">
<arg>xpath=//*[@data-test="login-sign"]</arg>
<arg>timeout=10s</arg>
<doc>Waits until the element ``locator`` is visible.</doc>
<status status="PASS" start="2025-07-15T21:26:32.717729" elapsed="0.125895"/>
</kw>
<kw name="Click Element" owner="SeleniumLibrary">
<msg time="2025-07-15T21:26:32.843624" level="INFO">Clicking element 'xpath=//*[@data-test="login-sign"]'.</msg>
<arg>xpath=//*[@data-test="login-sign"]</arg>
<doc>Click the element identified by ``locator``.</doc>
<status status="PASS" start="2025-07-15T21:26:32.843624" elapsed="0.044802"/>
</kw>
<kw name="Wait Until Element Is Visible" owner="SeleniumLibrary">
<arg>xpath=//*[@id="login"]/div/button</arg>
<arg>timeout=10s</arg>
<doc>Waits until the element ``locator`` is visible.</doc>
<status status="PASS" start="2025-07-15T21:26:32.888426" elapsed="0.219177"/>
</kw>
<kw name="Get Window Handles" owner="SeleniumLibrary">
<msg time="2025-07-15T21:26:33.108605" level="INFO">${main_window} = ['A9DE6DE0CDE4070371D10F84AE413CAB']</msg>
<var>${main_window}</var>
<doc>Returns all child window handles of the selected browser as a list.</doc>
<status status="PASS" start="2025-07-15T21:26:33.107603" elapsed="0.001002"/>
</kw>
<kw name="Click Element" owner="SeleniumLibrary">
<msg time="2025-07-15T21:26:33.108605" level="INFO">Clicking element 'xpath=//*[@id="login"]/div/button'.</msg>
<arg>xpath=//*[@id="login"]/div/button</arg>
<doc>Click the element identified by ``locator``.</doc>
<status status="PASS" start="2025-07-15T21:26:33.108605" elapsed="0.045010"/>
</kw>
<kw name="Click Element" owner="SeleniumLibrary">
<msg time="2025-07-15T21:26:33.154615" level="INFO">Clicking element 'css=[data-test="scroll-bottom"]'.</msg>
<arg>css=[data-test="scroll-bottom"]</arg>
<doc>Click the element identified by ``locator``.</doc>
<status status="PASS" start="2025-07-15T21:26:33.154615" elapsed="0.032007"/>
</kw>
<kw name="Click Element" owner="SeleniumLibrary">
<msg time="2025-07-15T21:26:33.186622" level="INFO">Clicking element 'css=[data-test="accept-button"]'.</msg>
<arg>css=[data-test="accept-button"]</arg>
<doc>Click the element identified by ``locator``.</doc>
<status status="PASS" start="2025-07-15T21:26:33.186622" elapsed="0.592851"/>
</kw>
<kw name="Sleep" owner="BuiltIn">
<msg time="2025-07-15T21:26:36.780836" level="INFO">Slept 3 seconds.</msg>
<arg>3s</arg>
<doc>Pauses the test executed for the given time.</doc>
<status status="PASS" start="2025-07-15T21:26:33.780474" elapsed="3.000362"/>
</kw>
<kw name="Get Window Handles" owner="SeleniumLibrary">
<msg time="2025-07-15T21:26:36.812843" level="INFO">${all_windows} = ['A9DE6DE0CDE4070371D10F84AE413CAB', '0004F6B8E8D34687041AC92044406B3F']</msg>
<var>${all_windows}</var>
<doc>Returns all child window handles of the selected browser as a list.</doc>
<status status="PASS" start="2025-07-15T21:26:36.780836" elapsed="0.032007"/>
</kw>
<kw name="Switch Window" owner="SeleniumLibrary">
<arg>${all_windows}[1]</arg>
<doc>Switches to browser window matching ``locator``.</doc>
<status status="PASS" start="2025-07-15T21:26:36.812843" elapsed="0.023005"/>
</kw>
<kw name="Wait Until Page Contains Element" owner="SeleniumLibrary">
<arg>id=identifierId</arg>
<arg>timeout=10s</arg>
<doc>Waits until the element ``locator`` appears on the current page.</doc>
<status status="PASS" start="2025-07-15T21:26:36.836848" elapsed="0.043456"/>
</kw>
<kw name="Input Text" owner="SeleniumLibrary">
<msg time="2025-07-15T21:26:36.880304" level="INFO">Typing text '654259002' into text field 'id=identifierId'.</msg>
<arg>id=identifierId</arg>
<arg>${username}</arg>
<doc>Types the given ``text`` into the text field identified by ``locator``.</doc>
<status status="PASS" start="2025-07-15T21:26:36.880304" elapsed="0.072017"/>
</kw>
<kw name="Wait Until Element Is Visible" owner="SeleniumLibrary">
<arg>xpath=//*[@id="identifierNext"]/div/button/span</arg>
<arg>timeout=10s</arg>
<doc>Waits until the element ``locator`` is visible.</doc>
<status status="PASS" start="2025-07-15T21:26:36.952321" elapsed="0.012002"/>
</kw>
<kw name="Click Element" owner="SeleniumLibrary">
<msg time="2025-07-15T21:26:36.964323" level="INFO">Clicking element 'xpath=//*[@id="identifierNext"]/div/button/span'.</msg>
<arg>xpath=//*[@id="identifierNext"]/div/button/span</arg>
<doc>Click the element identified by ``locator``.</doc>
<status status="PASS" start="2025-07-15T21:26:36.964323" elapsed="0.091021"/>
</kw>
<kw name="Wait Until Element Is Visible" owner="SeleniumLibrary">
<arg>name=Passwd</arg>
<arg>timeout=10s</arg>
<doc>Waits until the element ``locator`` is visible.</doc>
<status status="PASS" start="2025-07-15T21:26:37.055344" elapsed="1.648776"/>
</kw>
<kw name="Input Text" owner="SeleniumLibrary">
<msg time="2025-07-15T21:26:38.704120" level="INFO">Typing text '1730201408866' into text field 'name=Passwd'.</msg>
<arg>name=Passwd</arg>
<arg>${password}</arg>
<doc>Types the given ``text`` into the text field identified by ``locator``.</doc>
<status status="PASS" start="2025-07-15T21:26:38.704120" elapsed="0.057013"/>
</kw>
<kw name="Click Element" owner="SeleniumLibrary">
<msg time="2025-07-15T21:26:38.762134" level="INFO">Clicking element 'xpath=//*[@id="passwordNext"]/div/button/span'.</msg>
<arg>xpath=//*[@id="passwordNext"]/div/button/span</arg>
<doc>Click the element identified by ``locator``.</doc>
<status status="PASS" start="2025-07-15T21:26:38.762134" elapsed="0.206054"/>
</kw>
<kw name="Sleep" owner="BuiltIn">
<msg time="2025-07-15T21:26:48.968202" level="INFO">Slept 10 seconds.</msg>
<arg>10s</arg>
<doc>Pauses the test executed for the given time.</doc>
<status status="PASS" start="2025-07-15T21:26:38.968188" elapsed="10.000014"/>
</kw>
<kw name="Switch Window" owner="SeleniumLibrary">
<arg>${main_window}[0]</arg>
<doc>Switches to browser window matching ``locator``.</doc>
<status status="PASS" start="2025-07-15T21:26:48.968202" elapsed="0.004002"/>
</kw>
<arg>${GOOGLE_USERNAME}</arg>
<arg>${GOOGLE_PASSWORD}</arg>
<status status="PASS" start="2025-07-15T21:26:32.717729" elapsed="16.254475"/>
</kw>
<kw name="PostButton" owner="keywords">
<kw name="Wait Until Element Is Visible" owner="SeleniumLibrary">
<arg>xpath=//*[@data-test="post-button"]</arg>
<arg>timeout=10s</arg>
<doc>Waits until the element ``locator`` is visible.</doc>
<status status="PASS" start="2025-07-15T21:26:48.972204" elapsed="0.010002"/>
</kw>
<kw name="Click Element" owner="SeleniumLibrary">
<msg time="2025-07-15T21:26:48.982206" level="INFO">Clicking element 'xpath=//*[@data-test="post-button"]'.</msg>
<arg>xpath=//*[@data-test="post-button"]</arg>
<doc>Click the element identified by ``locator``.</doc>
[...]
<arg>xpath=//*[@data-test="swal-post-failed"]</arg>
<arg>กรุณากรอกข้อมูลให้ครบถ้วน!</arg>
<doc>Verifies that element ``locator`` contains exact the text ``expected``.</doc>
<status status="PASS" start="2025-07-15T23:02:10.140831" elapsed="0.011003"/>
</kw>
<kw name="Capture Page Screenshot" owner="SeleniumLibrary">
<msg time="2025-07-15T23:02:10.233366" level="INFO" html="true">&lt;/td&gt;&lt;/tr&gt;&lt;tr&gt;&lt;td colspan="3"&gt;&lt;a href="screenshots/ManagePost/%28TC7009%29_2025-07-15_23-02-08.png"&gt;&lt;img src="screenshots/ManagePost/%28TC7009%29_2025-07-15_23-02-08.png" width="800px"&gt;&lt;/a&gt;</msg>
<arg>${screenshot_path}</arg>
<doc>Takes a screenshot of the current page and embeds it into a log file.</doc>
<status status="PASS" start="2025-07-15T23:02:10.151834" elapsed="0.081532"/>
</kw>
<arg>(TC7009)</arg>
<status status="PASS" start="2025-07-15T23:02:08.131814" elapsed="2.101552"/>
</kw>
<kw name="Close Browser" owner="SeleniumLibrary">
<doc>Closes the current browser.</doc>
<status status="PASS" start="2025-07-15T23:02:10.234366" elapsed="2.187995"/>
</kw>
<doc>Test posting failure when user does not select product condition; system should show error message</doc>
<status status="PASS" start="2025-07-15T23:01:48.095834" elapsed="24.326527"/>
</test>
<test id="s1-s3-t10" name="(TC7010) การเพิ่มโพสต์สินค้าไม่สำเร็จ(กรณีไม่เลือกเลือกประเภทประกาศโพสต์)" line="174">
<kw name="Open WebBrowser" owner="keywords">
<kw name="Open Browser" owner="SeleniumLibrary">
<msg time="2025-07-15T23:02:12.424554" level="INFO">Opening browser 'chrome' to base url 'http://localhost:5173'.</msg>
<arg>${URL}</arg>
<arg>${BROWSER}</arg>
<doc>Opens a new browser instance to the optional ``url``.</doc>
<status status="PASS" start="2025-07-15T23:02:12.424554" elapsed="1.432765"/>
</kw>
<status status="PASS" start="2025-07-15T23:02:12.424554" elapsed="1.432765"/>
</kw>
<kw name="Maximize Browser Window" owner="SeleniumLibrary">
<doc>Maximizes current browser window.</doc>
<status status="PASS" start="2025-07-15T23:02:13.857319" elapsed="0.028803"/>
</kw>
<kw name="Login With Google OAuth" owner="keywords">
<kw name="Wait Until Element Is Visible" owner="SeleniumLibrary">
<arg>xpath=//*[@data-test="login-sign"]</arg>
<arg>timeout=10s</arg>
<doc>Waits until the element ``locator`` is visible.</doc>
<status status="PASS" start="2025-07-15T23:02:13.886628" elapsed="0.057091"/>
</kw>
<kw name="Click Element" owner="SeleniumLibrary">
<msg time="2025-07-15T23:02:13.943719" level="INFO">Clicking element 'xpath=//*[@data-test="login-sign"]'.</msg>
<arg>xpath=//*[@data-test="login-sign"]</arg>
<doc>Click the element identified by ``locator``.</doc>
<status status="PASS" start="2025-07-15T23:02:13.943719" elapsed="0.075289"/>
</kw>
<kw name="Wait Until Element Is Visible" owner="SeleniumLibrary">
<arg>xpath=//*[@id="login"]/div/button</arg>
<arg>timeout=10s</arg>
<doc>Waits until the element ``locator`` is visible.</doc>
<status status="PASS" start="2025-07-15T23:02:14.019008" elapsed="0.218264"/>
</kw>
<kw name="Get Window Handles" owner="SeleniumLibrary">
<msg time="2025-07-15T23:02:14.238272" level="INFO">${main_window} = ['C2AAD75BF1336B8BDD3D4AE313EE0D49']</msg>
<var>${main_window}</var>
<doc>Returns all child window handles of the selected browser as a list.</doc>
<status status="PASS" start="2025-07-15T23:02:14.237272" elapsed="0.001000"/>
</kw>
<kw name="Click Element" owner="SeleniumLibrary">
<msg time="2025-07-15T23:02:14.238272" level="INFO">Clicking element 'xpath=//*[@id="login"]/div/button'.</msg>
<arg>xpath=//*[@id="login"]/div/button</arg>
<doc>Click the element identified by ``locator``.</doc>
<status status="PASS" start="2025-07-15T23:02:14.238272" elapsed="0.047011"/>
</kw>
<kw name="Click Element" owner="SeleniumLibrary">
<msg time="2025-07-15T23:02:14.286283" level="INFO">Clicking element 'css=[data-test="scroll-bottom"]'.</msg>
<arg>css=[data-test="scroll-bottom"]</arg>
<doc>Click the element identified by ``locator``.</doc>
<status status="PASS" start="2025-07-15T23:02:14.285283" elapsed="0.034007"/>
</kw>
<kw name="Click Element" owner="SeleniumLibrary">
<msg time="2025-07-15T23:02:14.320291" level="INFO">Clicking element 'css=[data-test="accept-button"]'.</msg>
<arg>css=[data-test="accept-button"]</arg>
<doc>Click the element identified by ``locator``.</doc>
<status status="PASS" start="2025-07-15T23:02:14.319290" elapsed="0.597962"/>
</kw>
<kw name="Sleep" owner="BuiltIn">
<msg time="2025-07-15T23:02:17.917660" level="INFO">Slept 3 seconds.</msg>
<arg>3s</arg>
<doc>Pauses the test executed for the given time.</doc>
<status status="PASS" start="2025-07-15T23:02:14.917252" elapsed="3.000408"/>
</kw>
<kw name="Get Window Handles" owner="SeleniumLibrary">
<msg time="2025-07-15T23:02:17.920661" level="INFO">${all_windows} = ['C2AAD75BF1336B8BDD3D4AE313EE0D49', '0782DAF2EB32C097EE877EC51D03EBFE']</msg>
<var>${all_windows}</var>
<doc>Returns all child window handles of the selected browser as a list.</doc>
<status status="PASS" start="2025-07-15T23:02:17.917660" elapsed="0.003001"/>
</kw>
<kw name="Switch Window" owner="SeleniumLibrary">
<arg>${all_windows}[1]</arg>
<doc>Switches to browser window matching ``locator``.</doc>
<status status="PASS" start="2025-07-15T23:02:17.920661" elapsed="0.023005"/>
</kw>
<kw name="Wait Until Page Contains Element" owner="SeleniumLibrary">
<arg>id=identifierId</arg>
<arg>timeout=10s</arg>
<doc>Waits until the element ``locator`` appears on the current page.</doc>
<status status="PASS" start="2025-07-15T23:02:17.944666" elapsed="0.568921"/>
</kw>
<kw name="Input Text" owner="SeleniumLibrary">
<msg time="2025-07-15T23:02:18.514587" level="INFO">Typing text '654259002' into text field 'id=identifierId'.</msg>
<arg>id=identifierId</arg>
<arg>${username}</arg>
<doc>Types the given ``text`` into the text field identified by ``locator``.</doc>
<status status="PASS" start="2025-07-15T23:02:18.513587" elapsed="0.075016"/>
</kw>
<kw name="Wait Until Element Is Visible" owner="SeleniumLibrary">
<arg>xpath=//*[@id="identifierNext"]/div/button/span</arg>
<arg>timeout=10s</arg>
<doc>Waits until the element ``locator`` is visible.</doc>
<status status="PASS" start="2025-07-15T23:02:18.588603" elapsed="0.013004"/>
</kw>
<kw name="Click Element" owner="SeleniumLibrary">
<msg time="2025-07-15T23:02:18.601607" level="INFO">Clicking element 'xpath=//*[@id="identifierNext"]/div/button/span'.</msg>
<arg>xpath=//*[@id="identifierNext"]/div/button/span</arg>
<doc>Click the element identified by ``locator``.</doc>
<status status="PASS" start="2025-07-15T23:02:18.601607" elapsed="0.094020"/>
</kw>
<kw name="Wait Until Element Is Visible" owner="SeleniumLibrary">
<arg>name=Passwd</arg>
<arg>timeout=10s</arg>
<doc>Waits until the element ``locator`` is visible.</doc>
<status status="PASS" start="2025-07-15T23:02:18.695627" elapsed="1.237087"/>
</kw>
<kw name="Input Text" owner="SeleniumLibrary">
<msg time="2025-07-15T23:02:19.933714" level="INFO">Typing text '1730201408866' into text field 'name=Passwd'.</msg>
<arg>name=Passwd</arg>
<arg>${password}</arg>
<doc>Types the given ``text`` into the text field identified by ``locator``.</doc>
<status status="PASS" start="2025-07-15T23:02:19.932714" elapsed="0.059013"/>
</kw>
<kw name="Click Element" owner="SeleniumLibrary">
<msg time="2025-07-15T23:02:19.991727" level="INFO">Clicking element 'xpath=//*[@id="passwordNext"]/div/button/span'.</msg>
<arg>xpath=//*[@id="passwordNext"]/div/button/span</arg>
<doc>Click the element identified by ``locator``.</doc>
<status status="PASS" start="2025-07-15T23:02:19.991727" elapsed="0.205802"/>
</kw>
<kw name="Sleep" owner="BuiltIn">
<msg time="2025-07-15T23:02:30.198058" level="INFO">Slept 10 seconds.</msg>
<arg>10s</arg>
<doc>Pauses the test executed for the given time.</doc>
<status status="PASS" start="2025-07-15T23:02:20.197529" elapsed="10.000529"/>
</kw>
<kw name="Switch Window" owner="SeleniumLibrary">
<arg>${main_window}[0]</arg>
<doc>Switches to browser window matching ``locator``.</doc>
<status status="PASS" start="2025-07-15T23:02:30.198058" elapsed="0.004002"/>
</kw>
<arg>${GOOGLE_USERNAME}</arg>
<arg>${GOOGLE_PASSWORD}</arg>
<status status="PASS" start="2025-07-15T23:02:13.886628" elapsed="16.315432"/>
</kw>
<kw name="PostButton" owner="keywords">
<kw name="Wait Until Element Is Visible" owner="SeleniumLibrary">
<arg>xpath=//*[@data-test="post-button"]</arg>
<arg>timeout=10s</arg>
<doc>Waits until the element ``locator`` is visible.</doc>
<status status="PASS" start="2025-07-15T23:02:30.202060" elapsed="0.010002"/>
</kw>
<kw name="Click Element" owner="SeleniumLibrary">
<msg time="2025-07-15T23:02:30.212062" level="INFO">Clicking element 'xpath=//*[@data-test="post-button"]'.</msg>
<arg>xpath=//*[@data-test="post-button"]</arg>
<doc>Click the element identified by ``locator``.</doc>
<status status="PASS" start="2025-07-15T23:02:30.212062" elapsed="0.203046"/>
</kw>
<status status="PASS" start="2025-07-15T23:02:30.202060" elapsed="0.213048"/>
</kw>
<kw name="SelectTheOfferButton" owner="keywords">
<kw name="Wait Until Element Is Visible" owner="SeleniumLibrary">
<arg>${Want-To-Sell}</arg>
<arg>timeout=5s</arg>
<doc>Waits until the element ``locator`` is visible.</doc>
<status status="PASS" start="2025-07-15T23:02:30.416108" elapsed="0.421538"/>
</kw>
<kw name="Click Element" owner="SeleniumLibrary">
<msg time="2025-07-15T23:02:30.838646" level="INFO">Clicking element 'xpath=//*[@data-test="post-type-wts"]'.</msg>
<arg>${Want-To-Sell}</arg>
<doc>Click the element identified by ``locator``.</doc>
<status status="PASS" start="2025-07-15T23:02:30.838646" elapsed="0.031007"/>
</kw>
<status status="PASS" start="2025-07-15T23:02:30.416108" elapsed="0.453545"/>
</kw>
<kw name="ProductName" owner="keywords">
<kw name="Wait Until Element Is Visible" owner="SeleniumLibrary">
<arg>id=productName</arg>
<arg>timeout=5s</arg>
<doc>Waits until the element ``locator`` is visible.</doc>
<status status="PASS" start="2025-07-15T23:02:30.869653" elapsed="0.010003"/>
</kw>
<kw name="Input Text" owner="SeleniumLibrary">
<msg time="2025-07-15T23:02:30.879656" level="INFO">Typing text 'Air Jordan 1 mid light smoke grey' into text field 'id=productName'.</msg>
<arg>id=productName</arg>
<arg>${product_name}</arg>
<doc>Types the given ``text`` into the text field identified by ``locator``.</doc>
<status status="PASS" start="2025-07-15T23:02:30.879656" elapsed="0.074016"/>
</kw>
<status status="PASS" start="2025-07-15T23:02:30.869653" elapsed="0.084019"/>
</kw>
<kw name="SelectCategory" owner="keywords">
<kw name="Wait Until Element Is Visible" owner="SeleniumLibrary">
<arg>xpath=//*[@data-test="category-header"]</arg>
<arg>timeout=5s</arg>
<doc>Waits until the element ``locator`` is visible.</doc>
<status status="PASS" start="2025-07-15T23:02:30.954672" elapsed="0.010002"/>
</kw>
<kw name="Select From List By Value" owner="SeleniumLibrary">
<msg time="2025-07-15T23:02:30.964674" level="INFO">Selecting options from selection list 'xpath=//*[@data-test="category"]' by value 67ee888655b50d41195bca16.</msg>
<arg>${CATEGORY_DROPDOWN}</arg>
<arg>${MAIN_CATEGORY}</arg>
<doc>Selects options from selection list ``locator`` by ``values``.</doc>
<status status="PASS" start="2025-07-15T23:02:30.964674" elapsed="0.039009"/>
</kw>
<status status="PASS" start="2025-07-15T23:02:30.953672" elapsed="0.050011"/>
</kw>
<kw name="SelectImages" owner="keywords">
<kw name="Wait Until Element Is Visible" owner="SeleniumLibrary">
<arg>xpath=//*[@data-test="image-upload"]</arg>
<arg>timeout=5s</arg>
<doc>Waits until the element ``locator`` is visible.</doc>
<status status="PASS" start="2025-07-15T23:02:31.004683" elapsed="0.013002"/>
</kw>
<kw name="Choose File" owner="SeleniumLibrary">
<msg time="2025-07-15T23:02:31.017685" level="INFO">Sending D:\Programming\Term1ProjectFinal\Test-Project\Dormdeal-Project-Testing\resources\images\AirJordan1.jpg to browser.</msg>
<arg>xpath=//*[@data-test="image-upload"]/input[@type="file"]</arg>
<arg>${LOCAL_IMAGE_PATH}</arg>
<doc>Inputs the ``file_path`` into the file input field ``locator``.</doc>
<status status="PASS" start="2025-07-15T23:02:31.017685" elapsed="0.031214"/>
</kw>
<kw name="Choose File" owner="SeleniumLibrary">
<msg time="2025-07-15T23:02:31.048899" level="INFO">Sending D:\Programming\Term1ProjectFinal\Test-Project\Dormdeal-Project-Testing\resources\images\AirJordan2.jpg to browser.</msg>
<arg>xpath=//*[@data-test="image-upload"]/input[@type="file"]</arg>
<arg>${LOCAL_IMAGE_PATH2}</arg>
<doc>Inputs the ``file_path`` into the file input field ``locator``.</doc>
<status status="PASS" start="2025-07-15T23:02:31.048899" elapsed="0.015002"/>
</kw>
<status status="PASS" start="2025-07-15T23:02:31.004683" elapsed="0.059218"/>
</kw>
<kw name="Price" owner="keywords">
<kw name="Wait Until Element Is Visible" owner="SeleniumLibrary">
<arg>id=price</arg>
<arg>timeout=5s</arg>
<doc>Waits until the element ``locator`` is visible.</doc>
<status status="PASS" start="2025-07-15T23:02:31.064903" elapsed="0.012001"/>
</kw>
<kw name="Input Text" owner="SeleniumLibrary">
<msg time="2025-07-15T23:02:31.076904" level="INFO">Typing text '3200' into text field 'id=price'.</msg>
<arg>id=price</arg>
<arg>${price}</arg>
<doc>Types the given ``text`` into the text field identified by ``locator``.</doc>
<status status="PASS" start="2025-07-15T23:02:31.076904" elapsed="0.047012"/>
</kw>
<status status="PASS" start="2025-07-15T23:02:31.064903" elapsed="0.059013"/>
</kw>
<kw name="Description" owner="keywords">
<kw name="Wait Until Element Is Visible" owner="SeleniumLibrary">
<arg>id=description</arg>
<arg>timeout=5s</arg>
<doc>Waits until the element ``locator`` is visible.</doc>
<status status="PASS" start="2025-07-15T23:02:31.124916" elapsed="0.014003"/>
</kw>
<kw name="Input Text" owner="SeleniumLibrary">
<msg time="2025-07-15T23:02:31.139919" level="INFO">Typing text 'เป็นลอยนิดหน่อยเก็บนานไป' into text field 'id=description'.</msg>
<arg>id=description</arg>
<arg>${description}</arg>
<doc>Types the given ``text`` into the text field identified by ``locator``.</doc>
<status status="PASS" start="2025-07-15T23:02:31.138919" elapsed="0.092021"/>
</kw>
<status status="PASS" start="2025-07-15T23:02:31.124916" elapsed="0.106024"/>
</kw>
<kw name="Condition" owner="keywords">
<kw name="Wait Until Element Is Visible" owner="SeleniumLibrary">
<arg>xpath=//*[@data-test="condition"]</arg>
<arg>timeout=5s</arg>
<doc>Waits until the element ``locator`` is visible.</doc>
<status status="PASS" start="2025-07-15T23:02:31.231940" elapsed="0.010002"/>
</kw>
<kw name="Click Element" owner="SeleniumLibrary">
<msg time="2025-07-15T23:02:31.241942" level="INFO">Clicking element 'xpath=//*[@data-test="used-acceptable"]'.</msg>
<arg>${condition}</arg>
<doc>Click the element identified by ``locator``.</doc>
<status status="PASS" start="2025-07-15T23:02:31.241942" elapsed="0.038009"/>
</kw>
<status status="PASS" start="2025-07-15T23:02:31.230940" elapsed="0.050011"/>
</kw>
<kw name="SubmitPost" owner="keywords">
<kw name="Wait Until Element Is Visible" owner="SeleniumLibrary">
<arg>${submitbutton}</arg>
<arg>timeout=5s</arg>
<doc>Waits until the element ``locator`` is visible.</doc>
<status status="PASS" start="2025-07-15T23:02:31.280951" elapsed="0.010002"/>
</kw>
<kw name="Click Element" owner="SeleniumLibrary">
<msg time="2025-07-15T23:02:31.291953" level="INFO">Clicking element 'xpath=//*[@data-test="submit-post"]'.</msg>
<arg>${submitbutton}</arg>
<doc>Click the element identified by ``locator``.</doc>
<status status="PASS" start="2025-07-15T23:02:31.290953" elapsed="0.038008"/>
</kw>
<status status="PASS" start="2025-07-15T23:02:31.280951" elapsed="0.048010"/>
</kw>
<kw name="CheckPostFailed" owner="keywords">
<kw name="Get Current Date" owner="DateTime">
<msg time="2025-07-15T23:02:31.329962" level="INFO">${timestamp} = 2025-07-15_23-02-31</msg>
<var>${timestamp}</var>
<arg>result_format=%Y-%m-%d_%H-%M-%S</arg>
<doc>Returns current local or UTC time with an optional increment.</doc>
<status status="PASS" start="2025-07-15T23:02:31.329962" elapsed="0.000000"/>
</kw>
<kw name="Set Variable" owner="BuiltIn">
<msg time="2025-07-15T23:02:31.329962" level="INFO">${filename} = (TC7010)_2025-07-15_23-02-31.png</msg>
<var>${filename}</var>
<arg>${tc_id}_${timestamp}.png</arg>
<doc>Returns the given values which can then be assigned to a variables.</doc>
<status status="PASS" start="2025-07-15T23:02:31.329962" elapsed="0.000000"/>
</kw>
<kw name="Set Variable" owner="BuiltIn">
<msg time="2025-07-15T23:02:31.330962" level="INFO">${screenshot_path} = ./screenshots/ManagePost/(TC7010)_2025-07-15_23-02-31.png</msg>
<var>${screenshot_path}</var>
<arg>./screenshots/ManagePost/${filename}</arg>
<doc>Returns the given values which can then be assigned to a variables.</doc>
<status status="PASS" start="2025-07-15T23:02:31.330962" elapsed="0.000000"/>
</kw>
<kw name="Wait Until Page Contains Element" owner="SeleniumLibrary">
<arg>xpath=//*[@data-test="swal-post-failed"]</arg>
<arg>timeout=10s</arg>
<doc>Waits until the element ``locator`` appears on the current page.</doc>
<status status="PASS" start="2025-07-15T23:02:31.330962" elapsed="0.006001"/>
</kw>
<kw name="Sleep" owner="BuiltIn">
<msg time="2025-07-15T23:02:33.338254" level="INFO">Slept 2 seconds.</msg>
<arg>2s</arg>
<doc>Pauses the test executed for the given time.</doc>
<status status="PASS" start="2025-07-15T23:02:31.336963" elapsed="2.001291"/>
</kw>
<kw name="Element Text Should Be" owner="SeleniumLibrary">
<msg time="2025-07-15T23:02:33.338254" level="INFO">Verifying element 'xpath=//*[@data-test="swal-post-failed"]' contains exact text 'กรุณากรอกข้อมูลให้ครบถ้วน!'.</msg>
<arg>xpath=//*[@data-test="swal-post-failed"]</arg>
<arg>กรุณากรอกข้อมูลให้ครบถ้วน!</arg>
<doc>Verifies that element ``locator`` contains exact the text ``expected``.</doc>
<status status="PASS" start="2025-07-15T23:02:33.338254" elapsed="0.012005"/>
</kw>
<kw name="Capture Page Screenshot" owner="SeleniumLibrary">
<msg time="2025-07-15T23:02:33.427200" level="INFO" html="true">&lt;/td&gt;&lt;/tr&gt;&lt;tr&gt;&lt;td colspan="3"&gt;&lt;a href="screenshots/ManagePost/%28TC7010%29_2025-07-15_23-02-31.png"&gt;&lt;img src="screenshots/ManagePost/%28TC7010%29_2025-07-15_23-02-31.png" width="800px"&gt;&lt;/a&gt;</msg>
<arg>${screenshot_path}</arg>
<doc>Takes a screenshot of the current page and embeds it into a log file.</doc>
<status status="PASS" start="2025-07-15T23:02:33.351258" elapsed="0.076943"/>
</kw>
<arg>(TC7010)</arg>
<status status="PASS" start="2025-07-15T23:02:31.329962" elapsed="2.098239"/>
</kw>
<kw name="Close Browser" owner="SeleniumLibrary">
<doc>Closes the current browser.</doc>
<status status="PASS" start="2025-07-15T23:02:33.428201" elapsed="2.146061"/>
</kw>
<doc>Test posting failure when user does not select announcement post type; system should show error message</doc>
<status status="PASS" start="2025-07-15T23:02:12.423362" elapsed="23.150900"/>
</test>
<status status="FAIL" start="2025-07-15T22:58:49.060629" elapsed="226.514633"/>
</suite>
<status status="FAIL" elapsed="493.896826"/>
</suite>
<statistics>
<total>
<stat pass="17" fail="4" skip="0">All Tests</stat>
</total>
<tag>
</tag>
<suite>
<stat name="PostingProducts &amp; PostingProducts &amp; PostingProducts" id="s1" pass="17" fail="4" skip="0">PostingProducts &amp; PostingProducts &amp; PostingProducts</stat>
<stat name="PostingProducts" id="s1-s1" pass="1" fail="0" skip="0">PostingProducts &amp; PostingProducts &amp; PostingProducts.PostingProducts</stat>
<stat name="PostingProducts" id="s1-s2" pass="8" fail="2" skip="0">PostingProducts &amp; PostingProducts &amp; PostingProducts.PostingProducts</stat>
<stat name="PostingProducts" id="s1-s3" pass="8" fail="2" skip="0">PostingProducts &amp; PostingProducts &amp; PostingProducts.PostingProducts</stat>
</suite>
</statistics>
<errors>
</errors>
</robot>
