<?xml version="1.0" encoding="UTF-8"?>
<robot generator="Robot 7.3.1 (Python 3.12.2 on win32)" generated="2025-07-04T15:00:21.706087" rpa="false" schemaversion="5">
<suite id="s1" name="PostingProducts" source="D:\Programming\Term1ProjectFinal\Test-Project\Dormdeal-Project-Testing\Manage product announcement posts\PostingProducts.robot">
<test id="s1-t1" name="(TC7001) การเพิ่มโพสต์สินค้าสำเร็จ" line="9">
<kw name="Open WebBrowser" owner="keywords">
<kw name="Open Browser" owner="SeleniumLibrary">
<msg time="2025-07-04T15:00:21.943017" level="INFO">Opening browser 'chrome' to base url 'http://localhost:5173'.</msg>
<arg>${URL}</arg>
<arg>${BROWSER}</arg>
<doc>Opens a new browser instance to the optional ``url``.</doc>
<status status="PASS" start="2025-07-04T15:00:21.943017" elapsed="1.416829"/>
</kw>
<status status="PASS" start="2025-07-04T15:00:21.942017" elapsed="1.418829"/>
</kw>
<kw name="Maximize Browser Window" owner="SeleniumLibrary">
<doc>Maximizes current browser window.</doc>
<status status="PASS" start="2025-07-04T15:00:23.360846" elapsed="0.032006"/>
</kw>
<kw name="Login With Google OAuth" owner="keywords">
<kw name="Wait Until Element Is Visible" owner="SeleniumLibrary">
<arg>xpath=//*[@data-test="login-sign"]</arg>
<arg>timeout=10s</arg>
<doc>Waits until the element ``locator`` is visible.</doc>
<status status="PASS" start="2025-07-04T15:00:23.393853" elapsed="0.014004"/>
</kw>
<kw name="Click Element" owner="SeleniumLibrary">
<msg time="2025-07-04T15:00:23.407857" level="INFO">Clicking element 'xpath=//*[@data-test="login-sign"]'.</msg>
<arg>xpath=//*[@data-test="login-sign"]</arg>
<doc>Click the element identified by ``locator``.</doc>
<status status="PASS" start="2025-07-04T15:00:23.407857" elapsed="0.081369"/>
</kw>
<kw name="Wait Until Element Is Visible" owner="SeleniumLibrary">
<arg>xpath=//*[@id="login"]/div/button</arg>
<arg>timeout=10s</arg>
<doc>Waits until the element ``locator`` is visible.</doc>
<status status="PASS" start="2025-07-04T15:00:23.489736" elapsed="0.252281"/>
</kw>
<kw name="Get Window Handles" owner="SeleniumLibrary">
<msg time="2025-07-04T15:00:23.743017" level="INFO">${main_window} = ['358AF39CD9D0F5A584F493BD27DA2851']</msg>
<var>${main_window}</var>
<doc>Returns all child window handles of the selected browser as a list.</doc>
<status status="PASS" start="2025-07-04T15:00:23.742017" elapsed="0.001000"/>
</kw>
<kw name="Click Element" owner="SeleniumLibrary">
<msg time="2025-07-04T15:00:23.743017" level="INFO">Clicking element 'xpath=//*[@id="login"]/div/button'.</msg>
<arg>xpath=//*[@id="login"]/div/button</arg>
<doc>Click the element identified by ``locator``.</doc>
<status status="PASS" start="2025-07-04T15:00:23.743017" elapsed="0.052013"/>
</kw>
<kw name="Click Element" owner="SeleniumLibrary">
<msg time="2025-07-04T15:00:23.796029" level="INFO">Clicking element 'css=[data-test="scroll-bottom"]'.</msg>
<arg>css=[data-test="scroll-bottom"]</arg>
<doc>Click the element identified by ``locator``.</doc>
<status status="PASS" start="2025-07-04T15:00:23.795030" elapsed="0.037007"/>
</kw>
<kw name="Click Element" owner="SeleniumLibrary">
<msg time="2025-07-04T15:00:23.833037" level="INFO">Clicking element 'css=[data-test="accept-button"]'.</msg>
<arg>css=[data-test="accept-button"]</arg>
<doc>Click the element identified by ``locator``.</doc>
<status status="PASS" start="2025-07-04T15:00:23.832037" elapsed="0.603922"/>
</kw>
<kw name="Sleep" owner="BuiltIn">
<msg time="2025-07-04T15:00:27.436848" level="INFO">Slept 3 seconds.</msg>
<arg>3s</arg>
<doc>Pauses the test executed for the given time.</doc>
<status status="PASS" start="2025-07-04T15:00:24.435959" elapsed="3.000889"/>
</kw>
<kw name="Get Window Handles" owner="SeleniumLibrary">
<msg time="2025-07-04T15:00:27.439849" level="INFO">${all_windows} = ['358AF39CD9D0F5A584F493BD27DA2851', 'E81F4742B765B5593935141A136A08B9']</msg>
<var>${all_windows}</var>
<doc>Returns all child window handles of the selected browser as a list.</doc>
<status status="PASS" start="2025-07-04T15:00:27.436848" elapsed="0.003001"/>
</kw>
<kw name="Switch Window" owner="SeleniumLibrary">
<arg>${all_windows}[1]</arg>
<doc>Switches to browser window matching ``locator``.</doc>
<status status="PASS" start="2025-07-04T15:00:27.439849" elapsed="0.020004"/>
</kw>
<kw name="Wait Until Page Contains Element" owner="SeleniumLibrary">
<arg>id=identifierId</arg>
<arg>timeout=10s</arg>
<doc>Waits until the element ``locator`` appears on the current page.</doc>
<status status="PASS" start="2025-07-04T15:00:27.459853" elapsed="0.513937"/>
</kw>
<kw name="Input Text" owner="SeleniumLibrary">
<msg time="2025-07-04T15:00:27.974790" level="INFO">Typing text '654259002' into text field 'id=identifierId'.</msg>
<arg>id=identifierId</arg>
<arg>${username}</arg>
<doc>Types the given ``text`` into the text field identified by ``locator``.</doc>
<status status="PASS" start="2025-07-04T15:00:27.974790" elapsed="0.072016"/>
</kw>
<kw name="Wait Until Element Is Visible" owner="SeleniumLibrary">
<arg>xpath=//*[@id="identifierNext"]/div/button/span</arg>
<arg>timeout=10s</arg>
<doc>Waits until the element ``locator`` is visible.</doc>
<status status="PASS" start="2025-07-04T15:00:28.046806" elapsed="0.012003"/>
</kw>
<kw name="Click Element" owner="SeleniumLibrary">
<msg time="2025-07-04T15:00:28.058809" level="INFO">Clicking element 'xpath=//*[@id="identifierNext"]/div/button/span'.</msg>
<arg>xpath=//*[@id="identifierNext"]/div/button/span</arg>
<doc>Click the element identified by ``locator``.</doc>
<status status="PASS" start="2025-07-04T15:00:28.058809" elapsed="0.089020"/>
</kw>
<kw name="Wait Until Element Is Visible" owner="SeleniumLibrary">
<arg>name=Passwd</arg>
<arg>timeout=10s</arg>
<doc>Waits until the element ``locator`` is visible.</doc>
<status status="PASS" start="2025-07-04T15:00:28.147829" elapsed="1.440531"/>
</kw>
<kw name="Input Text" owner="SeleniumLibrary">
<msg time="2025-07-04T15:00:29.589361" level="INFO">Typing text '1730201408866' into text field 'name=Passwd'.</msg>
<arg>name=Passwd</arg>
<arg>${password}</arg>
<doc>Types the given ``text`` into the text field identified by ``locator``.</doc>
<status status="PASS" start="2025-07-04T15:00:29.588360" elapsed="0.059014"/>
</kw>
<kw name="Click Element" owner="SeleniumLibrary">
<msg time="2025-07-04T15:00:29.647374" level="INFO">Clicking element 'xpath=//*[@id="passwordNext"]/div/button/span'.</msg>
<arg>xpath=//*[@id="passwordNext"]/div/button/span</arg>
<doc>Click the element identified by ``locator``.</doc>
<status status="PASS" start="2025-07-04T15:00:29.647374" elapsed="0.202052"/>
</kw>
<kw name="Sleep" owner="BuiltIn">
<msg time="2025-07-04T15:00:39.849830" level="INFO">Slept 10 seconds.</msg>
<arg>10s</arg>
<doc>Pauses the test executed for the given time.</doc>
<status status="PASS" start="2025-07-04T15:00:29.849426" elapsed="10.000404"/>
</kw>
<kw name="Switch Window" owner="SeleniumLibrary">
<arg>${main_window}[0]</arg>
<doc>Switches to browser window matching ``locator``.</doc>
<status status="PASS" start="2025-07-04T15:00:39.849830" elapsed="0.003588"/>
</kw>
<arg>${GOOGLE_USERNAME}</arg>
<arg>${GOOGLE_PASSWORD}</arg>
<status status="PASS" start="2025-07-04T15:00:23.393853" elapsed="16.459565"/>
</kw>
<kw name="PostButton" owner="keywords">
<kw name="Wait Until Element Is Visible" owner="SeleniumLibrary">
<arg>xpath=//*[@data-test="post-button"]</arg>
<arg>timeout=10s</arg>
<doc>Waits until the element ``locator`` is visible.</doc>
<status status="PASS" start="2025-07-04T15:00:39.854420" elapsed="0.009000"/>
</kw>
<kw name="Click Element" owner="SeleniumLibrary">
<msg time="2025-07-04T15:00:39.863420" level="INFO">Clicking element 'xpath=//*[@data-test="post-button"]'.</msg>
<arg>xpath=//*[@data-test="post-button"]</arg>
<doc>Click the element identified by ``locator``.</doc>
<status status="PASS" start="2025-07-04T15:00:39.863420" elapsed="0.188821"/>
</kw>
<status status="PASS" start="2025-07-04T15:00:39.853418" elapsed="0.198823"/>
</kw>
<kw name="SelectTheOfferButton" owner="keywords">
<kw name="Wait Until Element Is Visible" owner="SeleniumLibrary">
<arg>${Want-To-Sell}</arg>
<arg>timeout=5s</arg>
<doc>Waits until the element ``locator`` is visible.</doc>
<status status="PASS" start="2025-07-04T15:00:40.053242" elapsed="0.420050"/>
</kw>
<kw name="Click Element" owner="SeleniumLibrary">
<msg time="2025-07-04T15:00:40.473292" level="INFO">Clicking element 'xpath=//*[@data-test="post-type-wts"]'.</msg>
<arg>${Want-To-Sell}</arg>
<doc>Click the element identified by ``locator``.</doc>
<status status="PASS" start="2025-07-04T15:00:40.473292" elapsed="0.030008"/>
</kw>
<status status="PASS" start="2025-07-04T15:00:40.053242" elapsed="0.450058"/>
</kw>
<kw name="ProductName" owner="keywords">
<kw name="Wait Until Element Is Visible" owner="SeleniumLibrary">
<arg>id=productName</arg>
<arg>timeout=5s</arg>
<doc>Waits until the element ``locator`` is visible.</doc>
<status status="PASS" start="2025-07-04T15:00:40.503300" elapsed="0.010001"/>
</kw>
<kw name="Input Text" owner="SeleniumLibrary">
<msg time="2025-07-04T15:00:40.514302" level="INFO">Typing text 'Air Jordan 1 mid light smoke grey' into text field 'id=productName'.</msg>
<arg>id=productName</arg>
<arg>${product_name}</arg>
<doc>Types the given ``text`` into the text field identified by ``locator``.</doc>
<status status="PASS" start="2025-07-04T15:00:40.513301" elapsed="0.074017"/>
</kw>
<status status="PASS" start="2025-07-04T15:00:40.503300" elapsed="0.084018"/>
</kw>
<kw name="SelectCategory" owner="keywords">
<kw name="Wait Until Element Is Visible" owner="SeleniumLibrary">
<arg>xpath=//*[@data-test="category-header"]</arg>
<arg>timeout=5s</arg>
<doc>Waits until the element ``locator`` is visible.</doc>
<status status="PASS" start="2025-07-04T15:00:40.587318" elapsed="0.009003"/>
</kw>
<kw name="Select From List By Value" owner="SeleniumLibrary">
<msg time="2025-07-04T15:00:40.597321" level="INFO">Selecting options from selection list 'xpath=//*[@data-test="category"]' by value 67ee888655b50d41195bca16.</msg>
<arg>${CATEGORY_DROPDOWN}</arg>
<arg>${MAIN_CATEGORY}</arg>
<doc>Selects options from selection list ``locator`` by ``values``.</doc>
<status status="PASS" start="2025-07-04T15:00:40.597321" elapsed="0.039009"/>
</kw>
<kw name="Wait Until Element Is Visible" owner="SeleniumLibrary">
<arg>xpath=//*[@data-test="subcategory-header"]</arg>
<arg>timeout=5s</arg>
<doc>Waits until the element ``locator`` is visible.</doc>
<status status="PASS" start="2025-07-04T15:00:40.636330" elapsed="0.009001"/>
</kw>
<kw name="Select From List By Value" owner="SeleniumLibrary">
<msg time="2025-07-04T15:00:40.646332" level="INFO">Selecting options from selection list 'xpath=//*[@data-test="subcategory"]' by value 67ee88a355b50d41195bca22.</msg>
<arg>${SUB_CATEGORY_DROPDOWN}</arg>
<arg>${SUB_CATEGORY}</arg>
<doc>Selects options from selection list ``locator`` by ``values``.</doc>
<status status="PASS" start="2025-07-04T15:00:40.645331" elapsed="0.031007"/>
</kw>
<status status="PASS" start="2025-07-04T15:00:40.587318" elapsed="0.090021"/>
</kw>
<kw name="SelectImages" owner="keywords">
<kw name="Wait Until Element Is Visible" owner="SeleniumLibrary">
<arg>xpath=//*[@data-test="image-upload"]</arg>
<arg>timeout=5s</arg>
<doc>Waits until the element ``locator`` is visible.</doc>
<status status="PASS" start="2025-07-04T15:00:40.677339" elapsed="0.010001"/>
</kw>
<kw name="Choose File" owner="SeleniumLibrary">
<msg time="2025-07-04T15:00:40.687340" level="INFO">Sending D:\Programming\Term1ProjectFinal\Test-Project\Dormdeal-Project-Testing\resources\images\AirJordan1.jpg to browser.</msg>
<arg>xpath=//*[@data-test="image-upload"]/input[@type="file"]</arg>
<arg>${LOCAL_IMAGE_PATH}</arg>
<doc>Inputs the ``file_path`` into the file input field ``locator``.</doc>
<status status="PASS" start="2025-07-04T15:00:40.687340" elapsed="0.033009"/>
</kw>
<kw name="Choose File" owner="SeleniumLibrary">
<msg time="2025-07-04T15:00:40.720349" level="INFO">Sending D:\Programming\Term1ProjectFinal\Test-Project\Dormdeal-Project-Testing\resources\images\AirJordan2.jpg to browser.</msg>
<arg>xpath=//*[@data-test="image-upload"]/input[@type="file"]</arg>
<arg>${LOCAL_IMAGE_PATH2}</arg>
<doc>Inputs the ``file_path`` into the file input field ``locator``.</doc>
<status status="PASS" start="2025-07-04T15:00:40.720349" elapsed="0.015002"/>
</kw>
<status status="PASS" start="2025-07-04T15:00:40.677339" elapsed="0.058012"/>
</kw>
<kw name="Price" owner="keywords">
<kw name="Wait Until Element Is Visible" owner="SeleniumLibrary">
<arg>id=price</arg>
<arg>timeout=5s</arg>
<doc>Waits until the element ``locator`` is visible.</doc>
<status status="PASS" start="2025-07-04T15:00:40.736352" elapsed="0.010002"/>
</kw>
<kw name="Input Text" owner="SeleniumLibrary">
<msg time="2025-07-04T15:00:40.746354" level="INFO">Typing text '3200' into text field 'id=price'.</msg>
<arg>id=price</arg>
<arg>${price}</arg>
<doc>Types the given ``text`` into the text field identified by ``locator``.</doc>
<status status="PASS" start="2025-07-04T15:00:40.746354" elapsed="0.042009"/>
</kw>
<status status="PASS" start="2025-07-04T15:00:40.736352" elapsed="0.053012"/>
</kw>
<kw name="Description" owner="keywords">
<kw name="Wait Until Element Is Visible" owner="SeleniumLibrary">
<arg>id=description</arg>
<arg>timeout=5s</arg>
<doc>Waits until the element ``locator`` is visible.</doc>
<status status="PASS" start="2025-07-04T15:00:40.789364" elapsed="0.009001"/>
</kw>
<kw name="Input Text" owner="SeleniumLibrary">
<msg time="2025-07-04T15:00:40.799367" level="INFO">Typing text 'เป็นลอยนิดหน่อยเก็บนานไป' into text field 'id=description'.</msg>
<arg>id=description</arg>
<arg>${description}</arg>
<doc>Types the given ``text`` into the text field identified by ``locator``.</doc>
<status status="PASS" start="2025-07-04T15:00:40.799367" elapsed="0.089019"/>
</kw>
<status status="PASS" start="2025-07-04T15:00:40.789364" elapsed="0.099022"/>
</kw>
<kw name="Condition" owner="keywords">
<kw name="Wait Until Element Is Visible" owner="SeleniumLibrary">
<arg>xpath=//*[@data-test="condition"]</arg>
<arg>timeout=5s</arg>
<doc>Waits until the element ``locator`` is visible.</doc>
<status status="PASS" start="2025-07-04T15:00:40.888386" elapsed="0.009002"/>
</kw>
<kw name="Click Element" owner="SeleniumLibrary">
<msg time="2025-07-04T15:00:40.898389" level="INFO">Clicking element 'xpath=//*[@data-test="used-acceptable"]'.</msg>
<arg>${condition}</arg>
<doc>Click the element identified by ``locator``.</doc>
<status status="PASS" start="2025-07-04T15:00:40.898389" elapsed="0.033007"/>
</kw>
<status status="PASS" start="2025-07-04T15:00:40.888386" elapsed="0.043010"/>
</kw>
<kw name="Announcement Post Type" owner="keywords">
<kw name="Wait Until Element Is Visible" owner="SeleniumLibrary">
<arg>xpath=//*[@data-test="posttype"]</arg>
<arg>timeout=5s</arg>
<doc>Waits until the element ``locator`` is visible.</doc>
<status status="PASS" start="2025-07-04T15:00:40.932396" elapsed="0.009002"/>
</kw>
<kw name="Click Element" owner="SeleniumLibrary">
<msg time="2025-07-04T15:00:40.941398" level="INFO">Clicking element 'xpath=//*[@data-test="postfree"]'.</msg>
<arg>${announcement_post_type}</arg>
<doc>Click the element identified by ``locator``.</doc>
<status status="PASS" start="2025-07-04T15:00:40.941398" elapsed="0.039523"/>
</kw>
<status status="PASS" start="2025-07-04T15:00:40.931396" elapsed="0.049525"/>
</kw>
<doc>เปิดเว็บ DormDeal และทำการ Login ผ่าน Google OAuth</doc>
<status status="PASS" start="2025-07-04T15:00:21.941017" elapsed="19.039904"/>
</test>
<status status="PASS" start="2025-07-04T15:00:21.707087" elapsed="19.274834"/>
</suite>
<statistics>
<total>
<stat pass="1" fail="0" skip="0">All Tests</stat>
</total>
<tag>
</tag>
<suite>
<stat name="PostingProducts" id="s1" pass="1" fail="0" skip="0">PostingProducts</stat>
</suite>
</statistics>
<errors>
</errors>
</robot>
