<?xml version="1.0" encoding="UTF-8"?>
<robot generator="Robot 7.3.1 (Python 3.12.2 on win32)" generated="2025-07-16T12:55:54.921049" rpa="false" schemaversion="5">
<suite id="s1" name="PostingProducts" source="D:\Programming\Term1ProjectFinal\Test-Project\Dormdeal-Project-Testing\Testing\Manage product announcement posts\PostingProducts.robot">
<test id="s1-t1" name="(TC7001) การเพิ่มโพสต์สินค้าสำเร็จ" line="9">
<kw name="Open WebBrowser" owner="keywords">
<kw name="Open Browser" owner="SeleniumLibrary">
<msg time="2025-07-16T12:55:55.191040" level="INFO">Opening browser 'chrome' to base url 'http://localhost:5173'.</msg>
<arg>${URL}</arg>
<arg>${BROWSER}</arg>
<doc>Opens a new browser instance to the optional ``url``.</doc>
<status status="PASS" start="2025-07-16T12:55:55.191040" elapsed="3.059733"/>
</kw>
<status status="PASS" start="2025-07-16T12:55:55.190040" elapsed="3.060733"/>
</kw>
<kw name="Maximize Browser Window" owner="SeleniumLibrary">
<doc>Maximizes current browser window.</doc>
<status status="PASS" start="2025-07-16T12:55:58.250773" elapsed="0.023005"/>
</kw>
<kw name="Login With Google OAuth" owner="keywords">
<kw name="Wait Until Element Is Visible" owner="SeleniumLibrary">
<arg>xpath=//*[@data-test="login-sign"]</arg>
<arg>timeout=10s</arg>
<doc>Waits until the element ``locator`` is visible.</doc>
<status status="PASS" start="2025-07-16T12:55:58.274778" elapsed="0.030563"/>
</kw>
<kw name="Click Element" owner="SeleniumLibrary">
<msg time="2025-07-16T12:55:58.306340" level="INFO">Clicking element 'xpath=//*[@data-test="login-sign"]'.</msg>
<arg>xpath=//*[@data-test="login-sign"]</arg>
<doc>Click the element identified by ``locator``.</doc>
<status status="PASS" start="2025-07-16T12:55:58.306340" elapsed="0.132951"/>
</kw>
<kw name="Wait Until Element Is Visible" owner="SeleniumLibrary">
<arg>xpath=//*[@id="login"]/div/button</arg>
<arg>timeout=10s</arg>
<doc>Waits until the element ``locator`` is visible.</doc>
<status status="PASS" start="2025-07-16T12:55:58.439803" elapsed="0.218575"/>
</kw>
<kw name="Get Window Handles" owner="SeleniumLibrary">
<msg time="2025-07-16T12:55:58.659379" level="INFO">${main_window} = ['3446496682E1C19932F3F86ECE61E331']</msg>
<var>${main_window}</var>
<doc>Returns all child window handles of the selected browser as a list.</doc>
<status status="PASS" start="2025-07-16T12:55:58.659379" elapsed="0.001000"/>
</kw>
<kw name="Click Element" owner="SeleniumLibrary">
<msg time="2025-07-16T12:55:58.660379" level="INFO">Clicking element 'xpath=//*[@id="login"]/div/button'.</msg>
<arg>xpath=//*[@id="login"]/div/button</arg>
<doc>Click the element identified by ``locator``.</doc>
<status status="PASS" start="2025-07-16T12:55:58.660379" elapsed="0.045010"/>
</kw>
<kw name="Click Element" owner="SeleniumLibrary">
<msg time="2025-07-16T12:55:58.706389" level="INFO">Clicking element 'css=[data-test="scroll-bottom"]'.</msg>
<arg>css=[data-test="scroll-bottom"]</arg>
<doc>Click the element identified by ``locator``.</doc>
<status status="PASS" start="2025-07-16T12:55:58.706389" elapsed="0.031868"/>
</kw>
<kw name="Click Element" owner="SeleniumLibrary">
<msg time="2025-07-16T12:55:58.738257" level="INFO">Clicking element 'css=[data-test="accept-button"]'.</msg>
<arg>css=[data-test="accept-button"]</arg>
<doc>Click the element identified by ``locator``.</doc>
<status status="PASS" start="2025-07-16T12:55:58.738257" elapsed="0.601595"/>
</kw>
<kw name="Sleep" owner="BuiltIn">
<msg time="2025-07-16T12:56:02.339878" level="INFO">Slept 3 seconds.</msg>
<arg>3s</arg>
<doc>Pauses the test executed for the given time.</doc>
<status status="PASS" start="2025-07-16T12:55:59.339852" elapsed="3.000026"/>
</kw>
<kw name="Get Window Handles" owner="SeleniumLibrary">
<msg time="2025-07-16T12:56:02.342876" level="INFO">${all_windows} = ['3446496682E1C19932F3F86ECE61E331', '8E65C3D6E0433E8F0C7C14F16B9E196E']</msg>
<var>${all_windows}</var>
<doc>Returns all child window handles of the selected browser as a list.</doc>
<status status="PASS" start="2025-07-16T12:56:02.339878" elapsed="0.002998"/>
</kw>
<kw name="Switch Window" owner="SeleniumLibrary">
<arg>${all_windows}[1]</arg>
<doc>Switches to browser window matching ``locator``.</doc>
<status status="PASS" start="2025-07-16T12:56:02.342876" elapsed="0.021004"/>
</kw>
<kw name="Wait Until Page Contains Element" owner="SeleniumLibrary">
<arg>id=identifierId</arg>
<arg>timeout=10s</arg>
<doc>Waits until the element ``locator`` appears on the current page.</doc>
<status status="PASS" start="2025-07-16T12:56:02.363880" elapsed="0.217354"/>
</kw>
<kw name="Input Text" owner="SeleniumLibrary">
<msg time="2025-07-16T12:56:02.582234" level="INFO">Typing text '654259002' into text field 'id=identifierId'.</msg>
<arg>id=identifierId</arg>
<arg>${username}</arg>
<doc>Types the given ``text`` into the text field identified by ``locator``.</doc>
<status status="PASS" start="2025-07-16T12:56:02.581234" elapsed="0.055012"/>
</kw>
<kw name="Wait Until Element Is Visible" owner="SeleniumLibrary">
<arg>xpath=//*[@id="identifierNext"]/div/button/span</arg>
<arg>timeout=10s</arg>
<doc>Waits until the element ``locator`` is visible.</doc>
<status status="PASS" start="2025-07-16T12:56:02.636246" elapsed="0.014227"/>
</kw>
<kw name="Click Element" owner="SeleniumLibrary">
<msg time="2025-07-16T12:56:02.650473" level="INFO">Clicking element 'xpath=//*[@id="identifierNext"]/div/button/span'.</msg>
<arg>xpath=//*[@id="identifierNext"]/div/button/span</arg>
<doc>Click the element identified by ``locator``.</doc>
<status status="PASS" start="2025-07-16T12:56:02.650473" elapsed="0.046010"/>
</kw>
<kw name="Wait Until Element Is Visible" owner="SeleniumLibrary">
<arg>name=Passwd</arg>
<arg>timeout=10s</arg>
<doc>Waits until the element ``locator`` is visible.</doc>
<status status="PASS" start="2025-07-16T12:56:02.697483" elapsed="2.280089"/>
</kw>
<kw name="Input Text" owner="SeleniumLibrary">
<msg time="2025-07-16T12:56:04.978572" level="INFO">Typing text '1730201408866' into text field 'name=Passwd'.</msg>
<arg>name=Passwd</arg>
<arg>${password}</arg>
<doc>Types the given ``text`` into the text field identified by ``locator``.</doc>
<status status="PASS" start="2025-07-16T12:56:04.978572" elapsed="0.061014"/>
</kw>
<kw name="Click Element" owner="SeleniumLibrary">
<msg time="2025-07-16T12:56:05.040585" level="INFO">Clicking element 'xpath=//*[@id="passwordNext"]/div/button/span'.</msg>
<arg>xpath=//*[@id="passwordNext"]/div/button/span</arg>
<doc>Click the element identified by ``locator``.</doc>
<status status="PASS" start="2025-07-16T12:56:05.039586" elapsed="0.136380"/>
</kw>
<kw name="Sleep" owner="BuiltIn">
<msg time="2025-07-16T12:56:15.177752" level="INFO">Slept 10 seconds.</msg>
<arg>10s</arg>
<doc>Pauses the test executed for the given time.</doc>
<status status="PASS" start="2025-07-16T12:56:05.175966" elapsed="10.001786"/>
</kw>
<kw name="Switch Window" owner="SeleniumLibrary">
<arg>${main_window}[0]</arg>
<doc>Switches to browser window matching ``locator``.</doc>
<status status="PASS" start="2025-07-16T12:56:15.177752" elapsed="0.009002"/>
</kw>
<arg>${GOOGLE_USERNAME}</arg>
<arg>${GOOGLE_PASSWORD}</arg>
<status status="PASS" start="2025-07-16T12:55:58.273778" elapsed="16.912976"/>
</kw>
<kw name="PostButton" owner="keywords">
<kw name="Wait Until Element Is Visible" owner="SeleniumLibrary">
<arg>xpath=//*[@data-test="post-button"]</arg>
<arg>timeout=10s</arg>
<doc>Waits until the element ``locator`` is visible.</doc>
<status status="PASS" start="2025-07-16T12:56:15.186754" elapsed="0.011003"/>
</kw>
<kw name="Click Element" owner="SeleniumLibrary">
<msg time="2025-07-16T12:56:15.197757" level="INFO">Clicking element 'xpath=//*[@data-test="post-button"]'.</msg>
<arg>xpath=//*[@data-test="post-button"]</arg>
<doc>Click the element identified by ``locator``.</doc>
<status status="PASS" start="2025-07-16T12:56:15.197757" elapsed="0.210764"/>
</kw>
<status status="PASS" start="2025-07-16T12:56:15.186754" elapsed="0.221767"/>
</kw>
<kw name="SelectTheOfferButton" owner="keywords">
<kw name="Wait Until Element Is Visible" owner="SeleniumLibrary">
<arg>${Want-To-Sell}</arg>
<arg>timeout=5s</arg>
<doc>Waits until the element ``locator`` is visible.</doc>
<status status="PASS" start="2025-07-16T12:56:15.409522" elapsed="0.421663"/>
</kw>
<kw name="Click Element" owner="SeleniumLibrary">
<msg time="2025-07-16T12:56:15.832185" level="INFO">Clicking element 'xpath=//*[@data-test="post-type-wts"]'.</msg>
<arg>${Want-To-Sell}</arg>
<doc>Click the element identified by ``locator``.</doc>
<status status="PASS" start="2025-07-16T12:56:15.832185" elapsed="0.030007"/>
</kw>
<status status="PASS" start="2025-07-16T12:56:15.409522" elapsed="0.452670"/>
</kw>
<kw name="ProductName" owner="keywords">
<kw name="Wait Until Element Is Visible" owner="SeleniumLibrary">
<arg>id=productName</arg>
<arg>timeout=5s</arg>
<doc>Waits until the element ``locator`` is visible.</doc>
<status status="PASS" start="2025-07-16T12:56:15.863192" elapsed="0.010002"/>
</kw>
<kw name="Input Text" owner="SeleniumLibrary">
<msg time="2025-07-16T12:56:15.873194" level="INFO">Typing text 'Air Jordan 1 mid light smoke grey' into text field 'id=productName'.</msg>
<arg>id=productName</arg>
<arg>${product_name}</arg>
<doc>Types the given ``text`` into the text field identified by ``locator``.</doc>
<status status="PASS" start="2025-07-16T12:56:15.873194" elapsed="0.076372"/>
</kw>
<status status="PASS" start="2025-07-16T12:56:15.863192" elapsed="0.086374"/>
</kw>
<kw name="SelectCategory" owner="keywords">
<kw name="Wait Until Element Is Visible" owner="SeleniumLibrary">
<arg>xpath=//*[@data-test="category-header"]</arg>
<arg>timeout=5s</arg>
<doc>Waits until the element ``locator`` is visible.</doc>
<status status="PASS" start="2025-07-16T12:56:15.949566" elapsed="0.010001"/>
</kw>
<kw name="Select From List By Value" owner="SeleniumLibrary">
<msg time="2025-07-16T12:56:15.960568" level="INFO">Selecting options from selection list 'xpath=//*[@data-test="category"]' by value 67ee888655b50d41195bca16.</msg>
<arg>${CATEGORY_DROPDOWN}</arg>
<arg>${MAIN_CATEGORY}</arg>
<doc>Selects options from selection list ``locator`` by ``values``.</doc>
<status status="PASS" start="2025-07-16T12:56:15.959567" elapsed="0.042011"/>
</kw>
<status status="PASS" start="2025-07-16T12:56:15.949566" elapsed="0.052012"/>
</kw>
<kw name="SelectSubCategory" owner="keywords">
<kw name="Wait Until Element Is Visible" owner="SeleniumLibrary">
<arg>xpath=//*[@data-test="subcategory-header"]</arg>
<arg>timeout=5s</arg>
<doc>Waits until the element ``locator`` is visible.</doc>
<status status="PASS" start="2025-07-16T12:56:16.002578" elapsed="0.010003"/>
</kw>
<kw name="Select From List By Value" owner="SeleniumLibrary">
<msg time="2025-07-16T12:56:16.013579" level="INFO">Selecting options from selection list 'xpath=//*[@data-test="subcategory"]' by value 67ee88a355b50d41195bca22.</msg>
<arg>${SUB_CATEGORY_DROPDOWN}</arg>
<arg>${SUB_CATEGORY}</arg>
<doc>Selects options from selection list ``locator`` by ``values``.</doc>
<status status="PASS" start="2025-07-16T12:56:16.013579" elapsed="0.034009"/>
</kw>
<status status="PASS" start="2025-07-16T12:56:16.001578" elapsed="0.046010"/>
</kw>
<kw name="SelectImages" owner="keywords">
<kw name="Wait Until Element Is Visible" owner="SeleniumLibrary">
<arg>xpath=//*[@data-test="image-upload"]</arg>
<arg>timeout=5s</arg>
<doc>Waits until the element ``locator`` is visible.</doc>
<status status="PASS" start="2025-07-16T12:56:16.048588" elapsed="0.011003"/>
</kw>
<kw name="Choose File" owner="SeleniumLibrary">
<msg time="2025-07-16T12:56:16.060590" level="INFO">Sending D:\Programming\Term1ProjectFinal\Test-Project\Dormdeal-Project-Testing\resources\images\AirJordan1.jpg to browser.</msg>
<arg>xpath=//*[@data-test="image-upload"]/input[@type="file"]</arg>
<arg>${LOCAL_IMAGE_PATH}</arg>
<doc>Inputs the ``file_path`` into the file input field ``locator``.</doc>
<status status="PASS" start="2025-07-16T12:56:16.060590" elapsed="0.033524"/>
</kw>
<kw name="Choose File" owner="SeleniumLibrary">
<msg time="2025-07-16T12:56:16.095115" level="INFO">Sending D:\Programming\Term1ProjectFinal\Test-Project\Dormdeal-Project-Testing\resources\images\AirJordan2.jpg to browser.</msg>
<arg>xpath=//*[@data-test="image-upload"]/input[@type="file"]</arg>
<arg>${LOCAL_IMAGE_PATH2}</arg>
<doc>Inputs the ``file_path`` into the file input field ``locator``.</doc>
<status status="PASS" start="2025-07-16T12:56:16.095115" elapsed="0.015004"/>
</kw>
<status status="PASS" start="2025-07-16T12:56:16.048588" elapsed="0.061531"/>
</kw>
<kw name="Price" owner="keywords">
<kw name="Wait Until Element Is Visible" owner="SeleniumLibrary">
<arg>id=price</arg>
<arg>timeout=5s</arg>
<doc>Waits until the element ``locator`` is visible.</doc>
<status status="PASS" start="2025-07-16T12:56:16.111118" elapsed="0.011003"/>
</kw>
<kw name="Input Text" owner="SeleniumLibrary">
<msg time="2025-07-16T12:56:16.122121" level="INFO">Typing text '3200' into text field 'id=price'.</msg>
<arg>id=price</arg>
<arg>${price}</arg>
<doc>Types the given ``text`` into the text field identified by ``locator``.</doc>
<status status="PASS" start="2025-07-16T12:56:16.122121" elapsed="0.048698"/>
</kw>
<status status="PASS" start="2025-07-16T12:56:16.111118" elapsed="0.059701"/>
</kw>
<kw name="Description" owner="keywords">
<kw name="Wait Until Element Is Visible" owner="SeleniumLibrary">
<arg>id=description</arg>
<arg>timeout=5s</arg>
<doc>Waits until the element ``locator`` is visible.</doc>
<status status="PASS" start="2025-07-16T12:56:16.170819" elapsed="0.010003"/>
</kw>
<kw name="Input Text" owner="SeleniumLibrary">
<msg time="2025-07-16T12:56:16.180822" level="INFO">Typing text 'เป็นลอยนิดหน่อยเก็บนานไป' into text field 'id=description'.</msg>
<arg>id=description</arg>
<arg>${description}</arg>
<doc>Types the given ``text`` into the text field identified by ``locator``.</doc>
<status status="PASS" start="2025-07-16T12:56:16.180822" elapsed="0.085620"/>
</kw>
<status status="PASS" start="2025-07-16T12:56:16.170819" elapsed="0.095623"/>
</kw>
<kw name="Condition" owner="keywords">
<kw name="Wait Until Element Is Visible" owner="SeleniumLibrary">
<arg>xpath=//*[@data-test="condition"]</arg>
<arg>timeout=5s</arg>
<doc>Waits until the element ``locator`` is visible.</doc>
<status status="PASS" start="2025-07-16T12:56:16.267443" elapsed="0.010002"/>
</kw>
<kw name="Click Element" owner="SeleniumLibrary">
<msg time="2025-07-16T12:56:16.277445" level="INFO">Clicking element 'xpath=//*[@data-test="used-acceptable"]'.</msg>
<arg>${condition}</arg>
<doc>Click the element identified by ``locator``.</doc>
<status status="PASS" start="2025-07-16T12:56:16.277445" elapsed="0.045746"/>
</kw>
<status status="PASS" start="2025-07-16T12:56:16.267443" elapsed="0.056748"/>
</kw>
<kw name="Announcement Post Type" owner="keywords">
<kw name="Wait Until Element Is Visible" owner="SeleniumLibrary">
<arg>xpath=//*[@data-test="posttype"]</arg>
<arg>timeout=5s</arg>
<doc>Waits until the element ``locator`` is visible.</doc>
<status status="PASS" start="2025-07-16T12:56:16.324191" elapsed="0.015003"/>
</kw>
<kw name="Click Element" owner="SeleniumLibrary">
<msg time="2025-07-16T12:56:16.340195" level="INFO">Clicking element 'xpath=//*[@data-test="postfree"]'.</msg>
<arg>${announcement_post_type}</arg>
<doc>Click the element identified by ``locator``.</doc>
<status status="PASS" start="2025-07-16T12:56:16.340195" elapsed="0.045202"/>
</kw>
<status status="PASS" start="2025-07-16T12:56:16.324191" elapsed="0.061206"/>
</kw>
<kw name="SubmitPost" owner="keywords">
<kw name="Wait Until Element Is Visible" owner="SeleniumLibrary">
<arg>${submitbutton}</arg>
<arg>timeout=5s</arg>
<doc>Waits until the element ``locator`` is visible.</doc>
<status status="PASS" start="2025-07-16T12:56:16.386397" elapsed="0.011002"/>
</kw>
<kw name="Click Element" owner="SeleniumLibrary">
<msg time="2025-07-16T12:56:16.398400" level="INFO">Clicking element 'xpath=//*[@data-test="submit-post"]'.</msg>
<arg>${submitbutton}</arg>
<doc>Click the element identified by ``locator``.</doc>
<status status="PASS" start="2025-07-16T12:56:16.398400" elapsed="0.033147"/>
</kw>
<status status="PASS" start="2025-07-16T12:56:16.386397" elapsed="0.045150"/>
</kw>
<kw name="CheckPostSuccess" owner="keywords">
<kw name="Get Current Date" owner="DateTime">
<msg time="2025-07-16T12:56:16.431547" level="INFO">${timestamp} = 2025-07-16_12-56-16</msg>
<var>${timestamp}</var>
<arg>result_format=%Y-%m-%d_%H-%M-%S</arg>
<doc>Returns current local or UTC time with an optional increment.</doc>
<status status="PASS" start="2025-07-16T12:56:16.431547" elapsed="0.001001"/>
</kw>
<kw name="Set Variable" owner="BuiltIn">
<msg time="2025-07-16T12:56:16.432548" level="INFO">${filename} = (TC7001)_2025-07-16_12-56-16.png</msg>
<var>${filename}</var>
<arg>${tc_id}_${timestamp}.png</arg>
<doc>Returns the given values which can then be assigned to a variables.</doc>
<status status="PASS" start="2025-07-16T12:56:16.432548" elapsed="0.000000"/>
</kw>
<kw name="Set Variable" owner="BuiltIn">
<msg time="2025-07-16T12:56:16.432548" level="INFO">${screenshot_path} = ./screenshots/ManagePost/(TC7001)_2025-07-16_12-56-16.png</msg>
<var>${screenshot_path}</var>
<arg>./screenshots/ManagePost/${filename}</arg>
<doc>Returns the given values which can then be assigned to a variables.</doc>
<status status="PASS" start="2025-07-16T12:56:16.432548" elapsed="0.000000"/>
</kw>
<kw name="Wait Until Page Contains Element" owner="SeleniumLibrary">
<arg>${swal2postsuccess}</arg>
<arg>timeout=10s</arg>
<doc>Waits until the element ``locator`` appears on the current page.</doc>
<status status="PASS" start="2025-07-16T12:56:16.432548" elapsed="1.645712"/>
</kw>
<kw name="Sleep" owner="BuiltIn">
<msg time="2025-07-16T12:56:20.078919" level="INFO">Slept 2 seconds.</msg>
<arg>2s</arg>
<doc>Pauses the test executed for the given time.</doc>
<status status="PASS" start="2025-07-16T12:56:18.078260" elapsed="2.000659"/>
</kw>
<kw name="Element Text Should Be" owner="SeleniumLibrary">
<msg time="2025-07-16T12:56:20.078919" level="INFO">Verifying element 'xpath=//*[@data-test="swal-post-success"]' contains exact text 'กรุณารอเจ้าหน้าที่ตรวจสอบ!'.</msg>
<msg time="2025-07-16T12:56:20.174214" level="INFO" html="true">&lt;/td&gt;&lt;/tr&gt;&lt;tr&gt;&lt;td colspan="3"&gt;&lt;a href="selenium-screenshot-1.png"&gt;&lt;img src="selenium-screenshot-1.png" width="800px"&gt;&lt;/a&gt;</msg>
<msg time="2025-07-16T12:56:20.174214" level="FAIL">The text of element 'xpath=//*[@data-test="swal-post-success"]' should have been 'กรุณารอเจ้าหน้าที่ตรวจสอบ!' but it was 'โพสต์สำเร็จ'.</msg>
<arg>${swal2postsuccess}</arg>
<arg>กรุณารอเจ้าหน้าที่ตรวจสอบ!</arg>
<doc>Verifies that element ``locator`` contains exact the text ``expected``.</doc>
<status status="FAIL" start="2025-07-16T12:56:20.078919" elapsed="0.097296">The text of element 'xpath=//*[@data-test="swal-post-success"]' should have been 'กรุณารอเจ้าหน้าที่ตรวจสอบ!' but it was 'โพสต์สำเร็จ'.</status>
</kw>
<kw name="Capture Page Screenshot" owner="SeleniumLibrary">
<arg>${screenshot_path}</arg>
<doc>Takes a screenshot of the current page and embeds it into a log file.</doc>
<status status="NOT RUN" start="2025-07-16T12:56:20.176215" elapsed="0.000000"/>
</kw>
<arg>(TC7001)</arg>
<status status="FAIL" start="2025-07-16T12:56:16.431547" elapsed="3.744668">The text of element 'xpath=//*[@data-test="swal-post-success"]' should have been 'กรุณารอเจ้าหน้าที่ตรวจสอบ!' but it was 'โพสต์สำเร็จ'.</status>
</kw>
<kw name="Close Browser" owner="SeleniumLibrary">
<doc>Closes the current browser.</doc>
<status status="NOT RUN" start="2025-07-16T12:56:20.176215" elapsed="0.000000"/>
</kw>
<doc>Test adding product posts on the DormDeal website from the login process to the successful submission of the post.</doc>
<status status="FAIL" start="2025-07-16T12:55:55.189040" elapsed="24.988006">The text of element 'xpath=//*[@data-test="swal-post-success"]' should have been 'กรุณารอเจ้าหน้าที่ตรวจสอบ!' but it was 'โพสต์สำเร็จ'.</status>
</test>
<test id="s1-t2" name="(TC7002) การเพิ่มโพสต์สินค้าไม่สำเร็จ(กรณีไม่เลือกข้อเสนอ)" line="28">
<kw name="Open WebBrowser" owner="keywords">
<kw name="Open Browser" owner="SeleniumLibrary">
<msg time="2025-07-16T12:56:20.178572" level="INFO">Opening browser 'chrome' to base url 'http://localhost:5173'.</msg>
<arg>${URL}</arg>
<arg>${BROWSER}</arg>
<doc>Opens a new browser instance to the optional ``url``.</doc>
<status status="PASS" start="2025-07-16T12:56:20.178572" elapsed="2.593626"/>
</kw>
<status status="PASS" start="2025-07-16T12:56:20.178572" elapsed="2.593626"/>
</kw>
<kw name="Maximize Browser Window" owner="SeleniumLibrary">
<doc>Maximizes current browser window.</doc>
<status status="PASS" start="2025-07-16T12:56:22.773198" elapsed="0.021367"/>
</kw>
<kw name="Login With Google OAuth" owner="keywords">
<kw name="Wait Until Element Is Visible" owner="SeleniumLibrary">
<arg>xpath=//*[@data-test="login-sign"]</arg>
<arg>timeout=10s</arg>
<doc>Waits until the element ``locator`` is visible.</doc>
<status status="PASS" start="2025-07-16T12:56:22.795565" elapsed="0.021462"/>
</kw>
<kw name="Click Element" owner="SeleniumLibrary">
<msg time="2025-07-16T12:56:22.818027" level="INFO">Clicking element 'xpath=//*[@data-test="login-sign"]'.</msg>
<arg>xpath=//*[@data-test="login-sign"]</arg>
<doc>Click the element identified by ``locator``.</doc>
<status status="PASS" start="2025-07-16T12:56:22.817027" elapsed="0.057264"/>
</kw>
<kw name="Wait Until Element Is Visible" owner="SeleniumLibrary">
<arg>xpath=//*[@id="login"]/div/button</arg>
<arg>timeout=10s</arg>
<doc>Waits until the element ``locator`` is visible.</doc>
<status status="PASS" start="2025-07-16T12:56:22.875291" elapsed="0.219362"/>
</kw>
<kw name="Get Window Handles" owner="SeleniumLibrary">
<msg time="2025-07-16T12:56:23.095654" level="INFO">${main_window} = ['5F30BB710769C6627C81014AA925A439']</msg>
<var>${main_window}</var>
<doc>Returns all child window handles of the selected browser as a list.</doc>
<status status="PASS" start="2025-07-16T12:56:23.094653" elapsed="0.001001"/>
</kw>
<kw name="Click Element" owner="SeleniumLibrary">
<msg time="2025-07-16T12:56:23.095654" level="INFO">Clicking element 'xpath=//*[@id="login"]/div/button'.</msg>
<arg>xpath=//*[@id="login"]/div/button</arg>
<doc>Click the element identified by ``locator``.</doc>
<status status="PASS" start="2025-07-16T12:56:23.095654" elapsed="0.043008"/>
</kw>
<kw name="Click Element" owner="SeleniumLibrary">
<msg time="2025-07-16T12:56:23.139663" level="INFO">Clicking element 'css=[data-test="scroll-bottom"]'.</msg>
<arg>css=[data-test="scroll-bottom"]</arg>
<doc>Click the element identified by ``locator``.</doc>
<status status="PASS" start="2025-07-16T12:56:23.138662" elapsed="0.033008"/>
</kw>
<kw name="Click Element" owner="SeleniumLibrary">
<msg time="2025-07-16T12:56:23.171670" level="INFO">Clicking element 'css=[data-test="accept-button"]'.</msg>
<arg>css=[data-test="accept-button"]</arg>
<doc>Click the element identified by ``locator``.</doc>
<status status="PASS" start="2025-07-16T12:56:23.171670" elapsed="0.593534"/>
</kw>
<kw name="Sleep" owner="BuiltIn">
<msg time="2025-07-16T12:56:26.767201" level="INFO">Slept 3 seconds.</msg>
<arg>3s</arg>
<doc>Pauses the test executed for the given time.</doc>
<status status="PASS" start="2025-07-16T12:56:23.766204" elapsed="3.000997"/>
</kw>
<kw name="Get Window Handles" owner="SeleniumLibrary">
<msg time="2025-07-16T12:56:26.817212" level="INFO">${all_windows} = ['5F30BB710769C6627C81014AA925A439', '4B9C1A69E70D9B157C4B9803FA3BAD62']</msg>
<var>${all_windows}</var>
<doc>Returns all child window handles of the selected browser as a list.</doc>
<status status="PASS" start="2025-07-16T12:56:26.767201" elapsed="0.050011"/>
</kw>
<kw name="Switch Window" owner="SeleniumLibrary">
<arg>${all_windows}[1]</arg>
<doc>Switches to browser window matching ``locator``.</doc>
<status status="PASS" start="2025-07-16T12:56:26.817212" elapsed="0.023005"/>
</kw>
<kw name="Wait Until Page Contains Element" owner="SeleniumLibrary">
<arg>id=identifierId</arg>
<arg>timeout=10s</arg>
<doc>Waits until the element ``locator`` appears on the current page.</doc>
<status status="PASS" start="2025-07-16T12:56:26.840217" elapsed="0.012450"/>
</kw>
<kw name="Input Text" owner="SeleniumLibrary">
<msg time="2025-07-16T12:56:26.853663" level="INFO">Typing text '654259002' into text field 'id=identifierId'.</msg>
<arg>id=identifierId</arg>
<arg>${username}</arg>
<doc>Types the given ``text`` into the text field identified by ``locator``.</doc>
<status status="PASS" start="2025-07-16T12:56:26.852667" elapsed="0.074012"/>
</kw>
<kw name="Wait Until Element Is Visible" owner="SeleniumLibrary">
<arg>xpath=//*[@id="identifierNext"]/div/button/span</arg>
<arg>timeout=10s</arg>
<doc>Waits until the element ``locator`` is visible.</doc>
<status status="PASS" start="2025-07-16T12:56:26.926679" elapsed="0.013004"/>
</kw>
<kw name="Click Element" owner="SeleniumLibrary">
<msg time="2025-07-16T12:56:26.939683" level="INFO">Clicking element 'xpath=//*[@id="identifierNext"]/div/button/span'.</msg>
<arg>xpath=//*[@id="identifierNext"]/div/button/span</arg>
<doc>Click the element identified by ``locator``.</doc>
<status status="PASS" start="2025-07-16T12:56:26.939683" elapsed="0.114025"/>
</kw>
<kw name="Wait Until Element Is Visible" owner="SeleniumLibrary">
<arg>name=Passwd</arg>
<arg>timeout=10s</arg>
<doc>Waits until the element ``locator`` is visible.</doc>
<status status="PASS" start="2025-07-16T12:56:27.053708" elapsed="1.456213"/>
</kw>
<kw name="Input Text" owner="SeleniumLibrary">
<msg time="2025-07-16T12:56:28.510921" level="INFO">Typing text '1730201408866' into text field 'name=Passwd'.</msg>
<arg>name=Passwd</arg>
<arg>${password}</arg>
<doc>Types the given ``text`` into the text field identified by ``locator``.</doc>
<status status="PASS" start="2025-07-16T12:56:28.509921" elapsed="0.063561"/>
</kw>
<kw name="Click Element" owner="SeleniumLibrary">
<msg time="2025-07-16T12:56:28.573482" level="INFO">Clicking element 'xpath=//*[@id="passwordNext"]/div/button/span'.</msg>
<arg>xpath=//*[@id="passwordNext"]/div/button/span</arg>
<doc>Click the element identified by ``locator``.</doc>
<status status="PASS" start="2025-07-16T12:56:28.573482" elapsed="0.159262"/>
</kw>
<kw name="Sleep" owner="BuiltIn">
<msg time="2025-07-16T12:56:38.732941" level="INFO">Slept 10 seconds.</msg>
<arg>10s</arg>
<doc>Pauses the test executed for the given time.</doc>
<status status="PASS" start="2025-07-16T12:56:28.732744" elapsed="10.000197"/>
</kw>
<kw name="Switch Window" owner="SeleniumLibrary">
<arg>${main_window}[0]</arg>
<doc>Switches to browser window matching ``locator``.</doc>
<status status="PASS" start="2025-07-16T12:56:38.732941" elapsed="0.004001"/>
</kw>
<arg>${GOOGLE_USERNAME}</arg>
<arg>${GOOGLE_PASSWORD}</arg>
<status status="PASS" start="2025-07-16T12:56:22.794565" elapsed="15.942377"/>
</kw>
<kw name="PostButton" owner="keywords">
<kw name="Wait Until Element Is Visible" owner="SeleniumLibrary">
<arg>xpath=//*[@data-test="post-button"]</arg>
<arg>timeout=10s</arg>
<doc>Waits until the element ``locator`` is visible.</doc>
<status status="PASS" start="2025-07-16T12:56:38.737942" elapsed="0.010075"/>
</kw>
<kw name="Click Element" owner="SeleniumLibrary">
<msg time="2025-07-16T12:56:38.749017" level="INFO">Clicking element 'xpath=//*[@data-test="post-button"]'.</msg>
<arg>xpath=//*[@data-test="post-button"]</arg>
<doc>Click the element identified by ``locator``.</doc>
<status status="PASS" start="2025-07-16T12:56:38.749017" elapsed="0.338746"/>
</kw>
<status status="PASS" start="2025-07-16T12:56:38.736942" elapsed="0.350821"/>
</kw>
<kw name="ProductName" owner="keywords">
<kw name="Wait Until Element Is Visible" owner="SeleniumLibrary">
<arg>id=productName</arg>
<arg>timeout=5s</arg>
<doc>Waits until the element ``locator`` is visible.</doc>
<status status="PASS" start="2025-07-16T12:56:39.087763" elapsed="0.421117"/>
</kw>
<kw name="Input Text" owner="SeleniumLibrary">
<msg time="2025-07-16T12:56:39.509880" level="INFO">Typing text 'Air Jordan 1 mid light smoke grey' into text field 'id=productName'.</msg>
<arg>id=productName</arg>
<arg>${product_name}</arg>
<doc>Types the given ``text`` into the text field identified by ``locator``.</doc>
<status status="PASS" start="2025-07-16T12:56:39.509880" elapsed="0.071016"/>
</kw>
<status status="PASS" start="2025-07-16T12:56:39.087763" elapsed="0.494133"/>
</kw>
<kw name="SelectCategory" owner="keywords">
<kw name="Wait Until Element Is Visible" owner="SeleniumLibrary">
<arg>xpath=//*[@data-test="category-header"]</arg>
<arg>timeout=5s</arg>
<doc>Waits until the element ``locator`` is visible.</doc>
<status status="PASS" start="2025-07-16T12:56:39.581896" elapsed="0.010003"/>
</kw>
<kw name="Select From List By Value" owner="SeleniumLibrary">
<msg time="2025-07-16T12:56:39.591899" level="INFO">Selecting options from selection list 'xpath=//*[@data-test="category"]' by value 67ee888655b50d41195bca16.</msg>
<arg>${CATEGORY_DROPDOWN}</arg>
<arg>${MAIN_CATEGORY}</arg>
<doc>Selects options from selection list ``locator`` by ``values``.</doc>
<status status="PASS" start="2025-07-16T12:56:39.591899" elapsed="0.039008"/>
</kw>
<status status="PASS" start="2025-07-16T12:56:39.581896" elapsed="0.050012"/>
</kw>
<kw name="SelectSubCategory" owner="keywords">
<kw name="Wait Until Element Is Visible" owner="SeleniumLibrary">
<arg>xpath=//*[@data-test="subcategory-header"]</arg>
<arg>timeout=5s</arg>
<doc>Waits until the element ``locator`` is visible.</doc>
<status status="PASS" start="2025-07-16T12:56:39.631908" elapsed="0.009002"/>
</kw>
<kw name="Select From List By Value" owner="SeleniumLibrary">
<msg time="2025-07-16T12:56:39.641909" level="INFO">Selecting options from selection list 'xpath=//*[@data-test="subcategory"]' by value 67ee88a355b50d41195bca22.</msg>
<arg>${SUB_CATEGORY_DROPDOWN}</arg>
<arg>${SUB_CATEGORY}</arg>
<doc>Selects options from selection list ``locator`` by ``values``.</doc>
<status status="PASS" start="2025-07-16T12:56:39.641909" elapsed="0.032009"/>
</kw>
<status status="PASS" start="2025-07-16T12:56:39.631908" elapsed="0.042010"/>
</kw>
<kw name="SelectImages" owner="keywords">
<kw name="Wait Until Element Is Visible" owner="SeleniumLibrary">
<arg>xpath=//*[@data-test="image-upload"]</arg>
<arg>timeout=5s</arg>
<doc>Waits until the element ``locator`` is visible.</doc>
<status status="PASS" start="2025-07-16T12:56:39.674918" elapsed="0.009001"/>
</kw>
<kw name="Choose File" owner="SeleniumLibrary">
<msg time="2025-07-16T12:56:39.683919" level="INFO">Sending D:\Programming\Term1ProjectFinal\Test-Project\Dormdeal-Project-Testing\resources\images\AirJordan1.jpg to browser.</msg>
<arg>xpath=//*[@data-test="image-upload"]/input[@type="file"]</arg>
<arg>${LOCAL_IMAGE_PATH}</arg>
<doc>Inputs the ``file_path`` into the file input field ``locator``.</doc>
<status status="PASS" start="2025-07-16T12:56:39.683919" elapsed="0.022005"/>
</kw>
<kw name="Choose File" owner="SeleniumLibrary">
<msg time="2025-07-16T12:56:39.705924" level="INFO">Sending D:\Programming\Term1ProjectFinal\Test-Project\Dormdeal-Project-Testing\resources\images\AirJordan2.jpg to browser.</msg>
<arg>xpath=//*[@data-test="image-upload"]/input[@type="file"]</arg>
<arg>${LOCAL_IMAGE_PATH2}</arg>
<doc>Inputs the ``file_path`` into the file input field ``locator``.</doc>
<status status="PASS" start="2025-07-16T12:56:39.705924" elapsed="0.030006"/>
</kw>
<status status="PASS" start="2025-07-16T12:56:39.673918" elapsed="0.063013"/>
</kw>
<kw name="Price" owner="keywords">
<kw name="Wait Until Element Is Visible" owner="SeleniumLibrary">
<arg>id=price</arg>
<arg>timeout=5s</arg>
<doc>Waits until the element ``locator`` is visible.</doc>
<status status="PASS" start="2025-07-16T12:56:39.736931" elapsed="0.011002"/>
</kw>
<kw name="Input Text" owner="SeleniumLibrary">
<msg time="2025-07-16T12:56:39.747933" level="INFO">Typing text '3200' into text field 'id=price'.</msg>
<arg>id=price</arg>
<arg>${price}</arg>
<doc>Types the given ``text`` into the text field identified by ``locator``.</doc>
<status status="PASS" start="2025-07-16T12:56:39.747933" elapsed="0.044377"/>
</kw>
<status status="PASS" start="2025-07-16T12:56:39.736931" elapsed="0.055379"/>
</kw>
<kw name="Description" owner="keywords">
<kw name="Wait Until Element Is Visible" owner="SeleniumLibrary">
<arg>id=description</arg>
<arg>timeout=5s</arg>
<doc>Waits until the element ``locator`` is visible.</doc>
<status status="PASS" start="2025-07-16T12:56:39.792310" elapsed="0.011002"/>
</kw>
<kw name="Input Text" owner="SeleniumLibrary">
<msg time="2025-07-16T12:56:39.803312" level="INFO">Typing text 'เป็นลอยนิดหน่อยเก็บนานไป' into text field 'id=description'.</msg>
<arg>id=description</arg>
<arg>${description}</arg>
<doc>Types the given ``text`` into the text field identified by ``locator``.</doc>
<status status="PASS" start="2025-07-16T12:56:39.803312" elapsed="0.089561"/>
</kw>
<status status="PASS" start="2025-07-16T12:56:39.792310" elapsed="0.100563"/>
</kw>
<kw name="Condition" owner="keywords">
<kw name="Wait Until Element Is Visible" owner="SeleniumLibrary">
<arg>xpath=//*[@data-test="condition"]</arg>
<arg>timeout=5s</arg>
<doc>Waits until the element ``locator`` is visible.</doc>
<status status="PASS" start="2025-07-16T12:56:39.893872" elapsed="0.010003"/>
</kw>
<kw name="Click Element" owner="SeleniumLibrary">
<msg time="2025-07-16T12:56:39.904875" level="INFO">Clicking element 'xpath=//*[@data-test="used-acceptable"]'.</msg>
<arg>${condition}</arg>
<doc>Click the element identified by ``locator``.</doc>
<status status="PASS" start="2025-07-16T12:56:39.904875" elapsed="0.035147"/>
</kw>
<status status="PASS" start="2025-07-16T12:56:39.893872" elapsed="0.046150"/>
</kw>
<kw name="Announcement Post Type" owner="keywords">
<kw name="Wait Until Element Is Visible" owner="SeleniumLibrary">
<arg>xpath=//*[@data-test="posttype"]</arg>
<arg>timeout=5s</arg>
<doc>Waits until the element ``locator`` is visible.</doc>
<status status="PASS" start="2025-07-16T12:56:39.941018" elapsed="0.011002"/>
</kw>
<kw name="Click Element" owner="SeleniumLibrary">
<msg time="2025-07-16T12:56:39.953021" level="INFO">Clicking element 'xpath=//*[@data-test="postfree"]'.</msg>
<arg>${announcement_post_type}</arg>
<doc>Click the element identified by ``locator``.</doc>
<status status="PASS" start="2025-07-16T12:56:39.953021" elapsed="0.037008"/>
</kw>
<status status="PASS" start="2025-07-16T12:56:39.940022" elapsed="0.050007"/>
</kw>
<kw name="SubmitPost" owner="keywords">
<kw name="Wait Until Element Is Visible" owner="SeleniumLibrary">
<arg>${submitbutton}</arg>
<arg>timeout=5s</arg>
<doc>Waits until the element ``locator`` is visible.</doc>
<status status="PASS" start="2025-07-16T12:56:39.991030" elapsed="0.011003"/>
</kw>
<kw name="Click Element" owner="SeleniumLibrary">
<msg time="2025-07-16T12:56:40.002033" level="INFO">Clicking element 'xpath=//*[@data-test="submit-post"]'.</msg>
<arg>${submitbutton}</arg>
<doc>Click the element identified by ``locator``.</doc>
<status status="PASS" start="2025-07-16T12:56:40.002033" elapsed="0.037988"/>
</kw>
<status status="PASS" start="2025-07-16T12:56:39.991030" elapsed="0.049986"/>
</kw>
<kw name="CheckPostFailed" owner="keywords">
<kw name="Get Current Date" owner="DateTime">
<msg time="2025-07-16T12:56:40.042017" level="INFO">${timestamp} = 2025-07-16_12-56-40</msg>
<var>${timestamp}</var>
<arg>result_format=%Y-%m-%d_%H-%M-%S</arg>
<doc>Returns current local or UTC time with an optional increment.</doc>
<status status="PASS" start="2025-07-16T12:56:40.041016" elapsed="0.001001"/>
</kw>
<kw name="Set Variable" owner="BuiltIn">
<msg time="2025-07-16T12:56:40.042017" level="INFO">${filename} = (TC7002)_2025-07-16_12-56-40.png</msg>
<var>${filename}</var>
<arg>${tc_id}_${timestamp}.png</arg>
<doc>Returns the given values which can then be assigned to a variables.</doc>
<status status="PASS" start="2025-07-16T12:56:40.042017" elapsed="0.000000"/>
</kw>
<kw name="Set Variable" owner="BuiltIn">
<msg time="2025-07-16T12:56:40.042017" level="INFO">${screenshot_path} = ./screenshots/ManagePost/(TC7002)_2025-07-16_12-56-40.png</msg>
<var>${screenshot_path}</var>
<arg>./screenshots/ManagePost/${filename}</arg>
<doc>Returns the given values which can then be assigned to a variables.</doc>
<status status="PASS" start="2025-07-16T12:56:40.042017" elapsed="0.000000"/>
</kw>
<kw name="Wait Until Page Contains Element" owner="SeleniumLibrary">
<arg>${swal2postfailed}</arg>
<arg>timeout=10s</arg>
<doc>Waits until the element ``locator`` appears on the current page.</doc>
<status status="PASS" start="2025-07-16T12:56:40.042017" elapsed="0.008001"/>
</kw>
<kw name="Sleep" owner="BuiltIn">
<msg time="2025-07-16T12:56:42.051149" level="INFO">Slept 2 seconds.</msg>
<arg>2s</arg>
<doc>Pauses the test executed for the given time.</doc>
<status status="PASS" start="2025-07-16T12:56:40.051018" elapsed="2.000131"/>
</kw>
<kw name="Element Text Should Be" owner="SeleniumLibrary">
<msg time="2025-07-16T12:56:42.051149" level="INFO">Verifying element 'xpath=//*[@data-test="swal-post-failed"]' contains exact text 'กรุณากรอกข้อมูลให้ครบถ้วน!'.</msg>
<arg>${swal2postfailed}</arg>
<arg>กรุณากรอกข้อมูลให้ครบถ้วน!</arg>
<doc>Verifies that element ``locator`` contains exact the text ``expected``.</doc>
<status status="PASS" start="2025-07-16T12:56:42.051149" elapsed="0.012003"/>
</kw>
<kw name="Capture Page Screenshot" owner="SeleniumLibrary">
<msg time="2025-07-16T12:56:42.139474" level="INFO" html="true">&lt;/td&gt;&lt;/tr&gt;&lt;tr&gt;&lt;td colspan="3"&gt;&lt;a href="screenshots/ManagePost/%28TC7002%29_2025-07-16_12-56-40.png"&gt;&lt;img src="screenshots/ManagePost/%28TC7002%29_2025-07-16_12-56-40.png" width="800px"&gt;&lt;/a&gt;</msg>
<arg>${screenshot_path}</arg>
<doc>Takes a screenshot of the current page and embeds it into a log file.</doc>
<status status="PASS" start="2025-07-16T12:56:42.063152" elapsed="0.076322"/>
</kw>
<arg>(TC7002)</arg>
<status status="PASS" start="2025-07-16T12:56:40.041016" elapsed="2.098458"/>
</kw>
<kw name="Close Browser" owner="SeleniumLibrary">
<doc>Closes the current browser.</doc>
<status status="PASS" start="2025-07-16T12:56:42.139474" elapsed="2.188377"/>
</kw>
<doc>Test posting failure when user does not select an offer type; system should show error message</doc>
<status status="PASS" start="2025-07-16T12:56:20.177046" elapsed="24.150805"/>
</test>
<test id="s1-t3" name="(TC7003) การเพิ่มโพสต์สินค้าไม่สำเร็จ(กรณีไม่กรอกชื่อสินค้า)" line="46">
<kw name="Open WebBrowser" owner="keywords">
<kw name="Open Browser" owner="SeleniumLibrary">
<msg time="2025-07-16T12:56:44.329852" level="INFO">Opening browser 'chrome' to base url 'http://localhost:5173'.</msg>
<arg>${URL}</arg>
<arg>${BROWSER}</arg>
<doc>Opens a new browser instance to the optional ``url``.</doc>
<status status="PASS" start="2025-07-16T12:56:44.329852" elapsed="2.640267"/>
</kw>
<status status="PASS" start="2025-07-16T12:56:44.329852" elapsed="2.640267"/>
</kw>
<kw name="Maximize Browser Window" owner="SeleniumLibrary">
<doc>Maximizes current browser window.</doc>
<status status="PASS" start="2025-07-16T12:56:46.971120" elapsed="0.034717"/>
</kw>
<kw name="Login With Google OAuth" owner="keywords">
<kw name="Wait Until Element Is Visible" owner="SeleniumLibrary">
<arg>xpath=//*[@data-test="login-sign"]</arg>
<arg>timeout=10s</arg>
<doc>Waits until the element ``locator`` is visible.</doc>
<status status="PASS" start="2025-07-16T12:56:47.006854" elapsed="0.015450"/>
</kw>
<kw name="Click Element" owner="SeleniumLibrary">
<msg time="2025-07-16T12:56:47.022810" level="INFO">Clicking element 'xpath=//*[@data-test="login-sign"]'.</msg>
<arg>xpath=//*[@data-test="login-sign"]</arg>
<doc>Click the element identified by ``locator``.</doc>
<status status="PASS" start="2025-07-16T12:56:47.022810" elapsed="0.063575"/>
</kw>
<kw name="Wait Until Element Is Visible" owner="SeleniumLibrary">
<arg>xpath=//*[@id="login"]/div/button</arg>
<arg>timeout=10s</arg>
<doc>Waits until the element ``locator`` is visible.</doc>
<status status="PASS" start="2025-07-16T12:56:47.086385" elapsed="0.224233"/>
</kw>
<kw name="Get Window Handles" owner="SeleniumLibrary">
<msg time="2025-07-16T12:56:47.311620" level="INFO">${main_window} = ['DCECA8F6D8921DF50C79EC7D16912CC7']</msg>
<var>${main_window}</var>
<doc>Returns all child window handles of the selected browser as a list.</doc>
<status status="PASS" start="2025-07-16T12:56:47.310618" elapsed="0.001002"/>
</kw>
<kw name="Click Element" owner="SeleniumLibrary">
<msg time="2025-07-16T12:56:47.312619" level="INFO">Clicking element 'xpath=//*[@id="login"]/div/button'.</msg>
<arg>xpath=//*[@id="login"]/div/button</arg>
<doc>Click the element identified by ``locator``.</doc>
<status status="PASS" start="2025-07-16T12:56:47.311620" elapsed="0.048705"/>
</kw>
<kw name="Click Element" owner="SeleniumLibrary">
<msg time="2025-07-16T12:56:47.360325" level="INFO">Clicking element 'css=[data-test="scroll-bottom"]'.</msg>
<arg>css=[data-test="scroll-bottom"]</arg>
<doc>Click the element identified by ``locator``.</doc>
<status status="PASS" start="2025-07-16T12:56:47.360325" elapsed="0.033791"/>
</kw>
<kw name="Click Element" owner="SeleniumLibrary">
<msg time="2025-07-16T12:56:47.395117" level="INFO">Clicking element 'css=[data-test="accept-button"]'.</msg>
<arg>css=[data-test="accept-button"]</arg>
<doc>Click the element identified by ``locator``.</doc>
<status status="PASS" start="2025-07-16T12:56:47.395117" elapsed="0.604300"/>
</kw>
<kw name="Sleep" owner="BuiltIn">
<msg time="2025-07-16T12:56:51.000849" level="INFO">Slept 3 seconds.</msg>
<arg>3s</arg>
<doc>Pauses the test executed for the given time.</doc>
<status status="PASS" start="2025-07-16T12:56:48.000418" elapsed="3.000431"/>
</kw>
<kw name="Get Window Handles" owner="SeleniumLibrary">
<msg time="2025-07-16T12:56:51.006336" level="INFO">${all_windows} = ['DCECA8F6D8921DF50C79EC7D16912CC7', '16743CDA4FADE204F1049EAFE38274EB']</msg>
<var>${all_windows}</var>
<doc>Returns all child window handles of the selected browser as a list.</doc>
<status status="PASS" start="2025-07-16T12:56:51.001410" elapsed="0.004926"/>
</kw>
<kw name="Switch Window" owner="SeleniumLibrary">
<arg>${all_windows}[1]</arg>
<doc>Switches to browser window matching ``locator``.</doc>
<status status="PASS" start="2025-07-16T12:56:51.006336" elapsed="0.022078"/>
</kw>
<kw name="Wait Until Page Contains Element" owner="SeleniumLibrary">
<arg>id=identifierId</arg>
<arg>timeout=10s</arg>
<doc>Waits until the element ``locator`` appears on the current page.</doc>
<status status="PASS" start="2025-07-16T12:56:51.028414" elapsed="0.199464"/>
</kw>
<kw name="Input Text" owner="SeleniumLibrary">
<msg time="2025-07-16T12:56:51.227878" level="INFO">Typing text '654259002' into text field 'id=identifierId'.</msg>
<arg>id=identifierId</arg>
<arg>${username}</arg>
<doc>Types the given ``text`` into the text field identified by ``locator``.</doc>
<status status="PASS" start="2025-07-16T12:56:51.227878" elapsed="0.099737"/>
</kw>
<kw name="Wait Until Element Is Visible" owner="SeleniumLibrary">
<arg>xpath=//*[@id="identifierNext"]/div/button/span</arg>
<arg>timeout=10s</arg>
<doc>Waits until the element ``locator`` is visible.</doc>
<status status="PASS" start="2025-07-16T12:56:51.327615" elapsed="0.013003"/>
</kw>
<kw name="Click Element" owner="SeleniumLibrary">
<msg time="2025-07-16T12:56:51.341618" level="INFO">Clicking element 'xpath=//*[@id="identifierNext"]/div/button/span'.</msg>
<arg>xpath=//*[@id="identifierNext"]/div/button/span</arg>
<doc>Click the element identified by ``locator``.</doc>
<status status="PASS" start="2025-07-16T12:56:51.341618" elapsed="0.111893"/>
</kw>
<kw name="Wait Until Element Is Visible" owner="SeleniumLibrary">
<arg>name=Passwd</arg>
<arg>timeout=10s</arg>
<doc>Waits until the element ``locator`` is visible.</doc>
<status status="PASS" start="2025-07-16T12:56:51.453511" elapsed="1.469522"/>
</kw>
<kw name="Input Text" owner="SeleniumLibrary">
<msg time="2025-07-16T12:56:52.923033" level="INFO">Typing text '1730201408866' into text field 'name=Passwd'.</msg>
<arg>name=Passwd</arg>
<arg>${password}</arg>
<doc>Types the given ``text`` into the text field identified by ``locator``.</doc>
<status status="PASS" start="2025-07-16T12:56:52.923033" elapsed="0.064014"/>
</kw>
<kw name="Click Element" owner="SeleniumLibrary">
<msg time="2025-07-16T12:56:52.987047" level="INFO">Clicking element 'xpath=//*[@id="passwordNext"]/div/button/span'.</msg>
<arg>xpath=//*[@id="passwordNext"]/div/button/span</arg>
<doc>Click the element identified by ``locator``.</doc>
<status status="PASS" start="2025-07-16T12:56:52.987047" elapsed="0.132637"/>
</kw>
<kw name="Sleep" owner="BuiltIn">
<msg time="2025-07-16T12:57:03.121121" level="INFO">Slept 10 seconds.</msg>
<arg>10s</arg>
<doc>Pauses the test executed for the given time.</doc>
<status status="PASS" start="2025-07-16T12:56:53.120683" elapsed="10.000438"/>
</kw>
<kw name="Switch Window" owner="SeleniumLibrary">
<arg>${main_window}[0]</arg>
<doc>Switches to browser window matching ``locator``.</doc>
<status status="PASS" start="2025-07-16T12:57:03.121121" elapsed="0.004001"/>
</kw>
<arg>${GOOGLE_USERNAME}</arg>
<arg>${GOOGLE_PASSWORD}</arg>
<status status="PASS" start="2025-07-16T12:56:47.006346" elapsed="16.118776"/>
</kw>
<kw name="PostButton" owner="keywords">
<kw name="Wait Until Element Is Visible" owner="SeleniumLibrary">
<arg>xpath=//*[@data-test="post-button"]</arg>
<arg>timeout=10s</arg>
<doc>Waits until the element ``locator`` is visible.</doc>
<status status="PASS" start="2025-07-16T12:57:03.126122" elapsed="0.009002"/>
</kw>
<kw name="Click Element" owner="SeleniumLibrary">
<msg time="2025-07-16T12:57:03.136125" level="INFO">Clicking element 'xpath=//*[@data-test="post-button"]'.</msg>
<arg>xpath=//*[@data-test="post-button"]</arg>
<doc>Click the element identified by ``locator``.</doc>
<status status="PASS" start="2025-07-16T12:57:03.135124" elapsed="0.213662"/>
</kw>
<status status="PASS" start="2025-07-16T12:57:03.125122" elapsed="0.223664"/>
</kw>
<kw name="SelectTheOfferButton" owner="keywords">
<kw name="Wait Until Element Is Visible" owner="SeleniumLibrary">
<arg>${Want-To-Sell}</arg>
<arg>timeout=5s</arg>
<doc>Waits until the element ``locator`` is visible.</doc>
<status status="PASS" start="2025-07-16T12:57:03.349786" elapsed="0.421843"/>
</kw>
<kw name="Click Element" owner="SeleniumLibrary">
<msg time="2025-07-16T12:57:03.771629" level="INFO">Clicking element 'xpath=//*[@data-test="post-type-wts"]'.</msg>
<arg>${Want-To-Sell}</arg>
<doc>Click the element identified by ``locator``.</doc>
<status status="PASS" start="2025-07-16T12:57:03.771629" elapsed="0.035143"/>
</kw>
<status status="PASS" start="2025-07-16T12:57:03.348786" elapsed="0.457986"/>
</kw>
<kw name="SelectCategory" owner="keywords">
<kw name="Wait Until Element Is Visible" owner="SeleniumLibrary">
<arg>xpath=//*[@data-test="category-header"]</arg>
<arg>timeout=5s</arg>
<doc>Waits until the element ``locator`` is visible.</doc>
<status status="PASS" start="2025-07-16T12:57:03.806772" elapsed="0.010003"/>
</kw>
<kw name="Select From List By Value" owner="SeleniumLibrary">
<msg time="2025-07-16T12:57:03.816775" level="INFO">Selecting options from selection list 'xpath=//*[@data-test="category"]' by value 67ee888655b50d41195bca16.</msg>
<arg>${CATEGORY_DROPDOWN}</arg>
<arg>${MAIN_CATEGORY}</arg>
<doc>Selects options from selection list ``locator`` by ``values``.</doc>
<status status="PASS" start="2025-07-16T12:57:03.816775" elapsed="0.042010"/>
</kw>
<status status="PASS" start="2025-07-16T12:57:03.806772" elapsed="0.052013"/>
</kw>
<kw name="SelectSubCategory" owner="keywords">
<kw name="Wait Until Element Is Visible" owner="SeleniumLibrary">
<arg>xpath=//*[@data-test="subcategory-header"]</arg>
<arg>timeout=5s</arg>
<doc>Waits until the element ``locator`` is visible.</doc>
<status status="PASS" start="2025-07-16T12:57:03.858785" elapsed="0.010002"/>
</kw>
<kw name="Select From List By Value" owner="SeleniumLibrary">
<msg time="2025-07-16T12:57:03.869788" level="INFO">Selecting options from selection list 'xpath=//*[@data-test="subcategory"]' by value 67ee88a355b50d41195bca22.</msg>
<arg>${SUB_CATEGORY_DROPDOWN}</arg>
<arg>${SUB_CATEGORY}</arg>
<doc>Selects options from selection list ``locator`` by ``values``.</doc>
<status status="PASS" start="2025-07-16T12:57:03.868787" elapsed="0.038647"/>
</kw>
<status status="PASS" start="2025-07-16T12:57:03.858785" elapsed="0.048649"/>
</kw>
<kw name="SelectImages" owner="keywords">
<kw name="Wait Until Element Is Visible" owner="SeleniumLibrary">
<arg>xpath=//*[@data-test="image-upload"]</arg>
<arg>timeout=5s</arg>
<doc>Waits until the element ``locator`` is visible.</doc>
<status status="PASS" start="2025-07-16T12:57:03.908434" elapsed="0.009891"/>
</kw>
<kw name="Choose File" owner="SeleniumLibrary">
<msg time="2025-07-16T12:57:03.918325" level="INFO">Sending D:\Programming\Term1ProjectFinal\Test-Project\Dormdeal-Project-Testing\resources\images\AirJordan1.jpg to browser.</msg>
<arg>xpath=//*[@data-test="image-upload"]/input[@type="file"]</arg>
<arg>${LOCAL_IMAGE_PATH}</arg>
<doc>Inputs the ``file_path`` into the file input field ``locator``.</doc>
<status status="PASS" start="2025-07-16T12:57:03.918325" elapsed="0.025779"/>
</kw>
<kw name="Choose File" owner="SeleniumLibrary">
<msg time="2025-07-16T12:57:03.944104" level="INFO">Sending D:\Programming\Term1ProjectFinal\Test-Project\Dormdeal-Project-Testing\resources\images\AirJordan2.jpg to browser.</msg>
<arg>xpath=//*[@data-test="image-upload"]/input[@type="file"]</arg>
<arg>${LOCAL_IMAGE_PATH2}</arg>
<doc>Inputs the ``file_path`` into the file input field ``locator``.</doc>
<status status="PASS" start="2025-07-16T12:57:03.944104" elapsed="0.016865"/>
</kw>
<status status="PASS" start="2025-07-16T12:57:03.907434" elapsed="0.053535"/>
</kw>
<kw name="Price" owner="keywords">
<kw name="Wait Until Element Is Visible" owner="SeleniumLibrary">
<arg>id=price</arg>
<arg>timeout=5s</arg>
<doc>Waits until the element ``locator`` is visible.</doc>
<status status="PASS" start="2025-07-16T12:57:03.961969" elapsed="0.010585"/>
</kw>
<kw name="Input Text" owner="SeleniumLibrary">
<msg time="2025-07-16T12:57:03.973554" level="INFO">Typing text '3200' into text field 'id=price'.</msg>
<arg>id=price</arg>
<arg>${price}</arg>
<doc>Types the given ``text`` into the text field identified by ``locator``.</doc>
<status status="PASS" start="2025-07-16T12:57:03.972554" elapsed="0.050284"/>
</kw>
<status status="PASS" start="2025-07-16T12:57:03.961969" elapsed="0.060869"/>
</kw>
<kw name="Description" owner="keywords">
<kw name="Wait Until Element Is Visible" owner="SeleniumLibrary">
<arg>id=description</arg>
<arg>timeout=5s</arg>
<doc>Waits until the element ``locator`` is visible.</doc>
<status status="PASS" start="2025-07-16T12:57:04.023838" elapsed="0.012002"/>
</kw>
<kw name="Input Text" owner="SeleniumLibrary">
<msg time="2025-07-16T12:57:04.036841" level="INFO">Typing text 'เป็นลอยนิดหน่อยเก็บนานไป' into text field 'id=description'.</msg>
<arg>id=description</arg>
<arg>${description}</arg>
<doc>Types the given ``text`` into the text field identified by ``locator``.</doc>
<status status="PASS" start="2025-07-16T12:57:04.036841" elapsed="0.100989"/>
</kw>
<status status="PASS" start="2025-07-16T12:57:04.023838" elapsed="0.113992"/>
</kw>
<kw name="Condition" owner="keywords">
<kw name="Wait Until Element Is Visible" owner="SeleniumLibrary">
<arg>xpath=//*[@data-test="condition"]</arg>
<arg>timeout=5s</arg>
<doc>Waits until the element ``locator`` is visible.</doc>
<status status="PASS" start="2025-07-16T12:57:04.138831" elapsed="0.018007"/>
</kw>
<kw name="Click Element" owner="SeleniumLibrary">
<msg time="2025-07-16T12:57:04.157838" level="INFO">Clicking element 'xpath=//*[@data-test="used-acceptable"]'.</msg>
<arg>${condition}</arg>
<doc>Click the element identified by ``locator``.</doc>
<status status="PASS" start="2025-07-16T12:57:04.157838" elapsed="0.035644"/>
</kw>
<status status="PASS" start="2025-07-16T12:57:04.137830" elapsed="0.055652"/>
</kw>
<kw name="Announcement Post Type" owner="keywords">
<kw name="Wait Until Element Is Visible" owner="SeleniumLibrary">
<arg>xpath=//*[@data-test="posttype"]</arg>
<arg>timeout=5s</arg>
<doc>Waits until the element ``locator`` is visible.</doc>
<status status="PASS" start="2025-07-16T12:57:04.194481" elapsed="0.012007"/>
</kw>
<kw name="Click Element" owner="SeleniumLibrary">
<msg time="2025-07-16T12:57:04.206488" level="INFO">Clicking element 'xpath=//*[@data-test="postfree"]'.</msg>
<arg>${announcement_post_type}</arg>
<doc>Click the element identified by ``locator``.</doc>
<status status="PASS" start="2025-07-16T12:57:04.206488" elapsed="0.040290"/>
</kw>
<status status="PASS" start="2025-07-16T12:57:04.194481" elapsed="0.052297"/>
</kw>
<kw name="SubmitPost" owner="keywords">
<kw name="Wait Until Element Is Visible" owner="SeleniumLibrary">
<arg>${submitbutton}</arg>
<arg>timeout=5s</arg>
<doc>Waits until the element ``locator`` is visible.</doc>
<status status="PASS" start="2025-07-16T12:57:04.246778" elapsed="0.013246"/>
</kw>
<kw name="Click Element" owner="SeleniumLibrary">
<msg time="2025-07-16T12:57:04.260024" level="INFO">Clicking element 'xpath=//*[@data-test="submit-post"]'.</msg>
<arg>${submitbutton}</arg>
<doc>Click the element identified by ``locator``.</doc>
<status status="PASS" start="2025-07-16T12:57:04.260024" elapsed="0.042374"/>
</kw>
<status status="PASS" start="2025-07-16T12:57:04.246778" elapsed="0.055620"/>
</kw>
<kw name="CheckPostFailed" owner="keywords">
<kw name="Get Current Date" owner="DateTime">
<msg time="2025-07-16T12:57:04.303399" level="INFO">${timestamp} = 2025-07-16_12-57-04</msg>
<var>${timestamp}</var>
<arg>result_format=%Y-%m-%d_%H-%M-%S</arg>
<doc>Returns current local or UTC time with an optional increment.</doc>
<status status="PASS" start="2025-07-16T12:57:04.302398" elapsed="0.001001"/>
</kw>
<kw name="Set Variable" owner="BuiltIn">
<msg time="2025-07-16T12:57:04.303399" level="INFO">${filename} = (TC7003)_2025-07-16_12-57-04.png</msg>
<var>${filename}</var>
<arg>${tc_id}_${timestamp}.png</arg>
<doc>Returns the given values which can then be assigned to a variables.</doc>
<status status="PASS" start="2025-07-16T12:57:04.303399" elapsed="0.000000"/>
</kw>
<kw name="Set Variable" owner="BuiltIn">
<msg time="2025-07-16T12:57:04.303399" level="INFO">${screenshot_path} = ./screenshots/ManagePost/(TC7003)_2025-07-16_12-57-04.png</msg>
<var>${screenshot_path}</var>
<arg>./screenshots/ManagePost/${filename}</arg>
<doc>Returns the given values which can then be assigned to a variables.</doc>
<status status="PASS" start="2025-07-16T12:57:04.303399" elapsed="0.000000"/>
</kw>
<kw name="Wait Until Page Contains Element" owner="SeleniumLibrary">
<arg>${swal2postfailed}</arg>
<arg>timeout=10s</arg>
<doc>Waits until the element ``locator`` appears on the current page.</doc>
<status status="PASS" start="2025-07-16T12:57:04.303399" elapsed="0.008643"/>
</kw>
<kw name="Sleep" owner="BuiltIn">
<msg time="2025-07-16T12:57:06.313699" level="INFO">Slept 2 seconds.</msg>
<arg>2s</arg>
<doc>Pauses the test executed for the given time.</doc>
<status status="PASS" start="2025-07-16T12:57:04.313040" elapsed="2.000659"/>
</kw>
<kw name="Element Text Should Be" owner="SeleniumLibrary">
<msg time="2025-07-16T12:57:06.313699" level="INFO">Verifying element 'xpath=//*[@data-test="swal-post-failed"]' contains exact text 'กรุณากรอกข้อมูลให้ครบถ้วน!'.</msg>
<arg>${swal2postfailed}</arg>
<arg>กรุณากรอกข้อมูลให้ครบถ้วน!</arg>
<doc>Verifies that element ``locator`` contains exact the text ``expected``.</doc>
<status status="PASS" start="2025-07-16T12:57:06.313699" elapsed="0.016003"/>
</kw>
<kw name="Capture Page Screenshot" owner="SeleniumLibrary">
<msg time="2025-07-16T12:57:06.411161" level="INFO" html="true">&lt;/td&gt;&lt;/tr&gt;&lt;tr&gt;&lt;td colspan="3"&gt;&lt;a href="screenshots/ManagePost/%28TC7003%29_2025-07-16_12-57-04.png"&gt;&lt;img src="screenshots/ManagePost/%28TC7003%29_2025-07-16_12-57-04.png" width="800px"&gt;&lt;/a&gt;</msg>
<arg>${screenshot_path}</arg>
<doc>Takes a screenshot of the current page and embeds it into a log file.</doc>
<status status="PASS" start="2025-07-16T12:57:06.329702" elapsed="0.081459"/>
</kw>
<arg>(TC7003)</arg>
<status status="PASS" start="2025-07-16T12:57:04.302398" elapsed="2.108763"/>
</kw>
<kw name="Close Browser" owner="SeleniumLibrary">
<doc>Closes the current browser.</doc>
<status status="PASS" start="2025-07-16T12:57:06.412162" elapsed="2.219378"/>
</kw>
<doc>Test posting failure when user does not fill in the product name; system should show error message</doc>
<status status="PASS" start="2025-07-16T12:56:44.328851" elapsed="24.302689"/>
</test>
<test id="s1-t4" name="(TC7004) การเพิ่มโพสต์สินค้าไม่สำเร็จ(กรณีไม่กรอกเลือกหมวดหมู่หลัก)" line="64">
<kw name="Open WebBrowser" owner="keywords">
<kw name="Open Browser" owner="SeleniumLibrary">
<msg time="2025-07-16T12:57:08.633540" level="INFO">Opening browser 'chrome' to base url 'http://localhost:5173'.</msg>
<arg>${URL}</arg>
<arg>${BROWSER}</arg>
<doc>Opens a new browser instance to the optional ``url``.</doc>
<status status="PASS" start="2025-07-16T12:57:08.633540" elapsed="2.466984"/>
</kw>
<status status="PASS" start="2025-07-16T12:57:08.633540" elapsed="2.466984"/>
</kw>
<kw name="Maximize Browser Window" owner="SeleniumLibrary">
<doc>Maximizes current browser window.</doc>
<status status="PASS" start="2025-07-16T12:57:11.100524" elapsed="0.030201"/>
</kw>
<kw name="Login With Google OAuth" owner="keywords">
<kw name="Wait Until Element Is Visible" owner="SeleniumLibrary">
<arg>xpath=//*[@data-test="login-sign"]</arg>
<arg>timeout=10s</arg>
<doc>Waits until the element ``locator`` is visible.</doc>
<status status="PASS" start="2025-07-16T12:57:11.131725" elapsed="0.014150"/>
</kw>
<kw name="Click Element" owner="SeleniumLibrary">
<msg time="2025-07-16T12:57:11.145875" level="INFO">Clicking element 'xpath=//*[@data-test="login-sign"]'.</msg>
<arg>xpath=//*[@data-test="login-sign"]</arg>
<doc>Click the element identified by ``locator``.</doc>
<status status="PASS" start="2025-07-16T12:57:11.145875" elapsed="0.046666"/>
</kw>
<kw name="Wait Until Element Is Visible" owner="SeleniumLibrary">
<arg>xpath=//*[@id="login"]/div/button</arg>
<arg>timeout=10s</arg>
<doc>Waits until the element ``locator`` is visible.</doc>
<status status="PASS" start="2025-07-16T12:57:11.192541" elapsed="0.218970"/>
</kw>
<kw name="Get Window Handles" owner="SeleniumLibrary">
<msg time="2025-07-16T12:57:11.412511" level="INFO">${main_window} = ['AEC0C86BAA4C9BEE69D8B5710293483D']</msg>
<var>${main_window}</var>
<doc>Returns all child window handles of the selected browser as a list.</doc>
<status status="PASS" start="2025-07-16T12:57:11.411511" elapsed="0.001000"/>
</kw>
<kw name="Click Element" owner="SeleniumLibrary">
<msg time="2025-07-16T12:57:11.412511" level="INFO">Clicking element 'xpath=//*[@id="login"]/div/button'.</msg>
<arg>xpath=//*[@id="login"]/div/button</arg>
<doc>Click the element identified by ``locator``.</doc>
<status status="PASS" start="2025-07-16T12:57:11.412511" elapsed="0.049014"/>
</kw>
<kw name="Click Element" owner="SeleniumLibrary">
<msg time="2025-07-16T12:57:11.461525" level="INFO">Clicking element 'css=[data-test="scroll-bottom"]'.</msg>
<arg>css=[data-test="scroll-bottom"]</arg>
<doc>Click the element identified by ``locator``.</doc>
<status status="PASS" start="2025-07-16T12:57:11.461525" elapsed="0.035008"/>
</kw>
<kw name="Click Element" owner="SeleniumLibrary">
<msg time="2025-07-16T12:57:11.496533" level="INFO">Clicking element 'css=[data-test="accept-button"]'.</msg>
<arg>css=[data-test="accept-button"]</arg>
<doc>Click the element identified by ``locator``.</doc>
<status status="PASS" start="2025-07-16T12:57:11.496533" elapsed="0.607809"/>
</kw>
<kw name="Sleep" owner="BuiltIn">
<msg time="2025-07-16T12:57:15.105335" level="INFO">Slept 3 seconds.</msg>
<arg>3s</arg>
<doc>Pauses the test executed for the given time.</doc>
<status status="PASS" start="2025-07-16T12:57:12.104342" elapsed="3.000993"/>
</kw>
<kw name="Get Window Handles" owner="SeleniumLibrary">
<msg time="2025-07-16T12:57:15.110337" level="INFO">${all_windows} = ['AEC0C86BAA4C9BEE69D8B5710293483D', '7E034C664551851BEF2E364CF5D1DEAF']</msg>
<var>${all_windows}</var>
<doc>Returns all child window handles of the selected browser as a list.</doc>
<status status="PASS" start="2025-07-16T12:57:15.105335" elapsed="0.005002"/>
</kw>
<kw name="Switch Window" owner="SeleniumLibrary">
<arg>${all_windows}[1]</arg>
<doc>Switches to browser window matching ``locator``.</doc>
<status status="PASS" start="2025-07-16T12:57:15.110337" elapsed="0.023364"/>
</kw>
<kw name="Wait Until Page Contains Element" owner="SeleniumLibrary">
<arg>id=identifierId</arg>
<arg>timeout=10s</arg>
<doc>Waits until the element ``locator`` appears on the current page.</doc>
<status status="PASS" start="2025-07-16T12:57:15.134701" elapsed="0.152119"/>
</kw>
<kw name="Input Text" owner="SeleniumLibrary">
<msg time="2025-07-16T12:57:15.286820" level="INFO">Typing text '654259002' into text field 'id=identifierId'.</msg>
<arg>id=identifierId</arg>
<arg>${username}</arg>
<doc>Types the given ``text`` into the text field identified by ``locator``.</doc>
<status status="PASS" start="2025-07-16T12:57:15.286820" elapsed="0.077017"/>
</kw>
<kw name="Wait Until Element Is Visible" owner="SeleniumLibrary">
<arg>xpath=//*[@id="identifierNext"]/div/button/span</arg>
<arg>timeout=10s</arg>
<doc>Waits until the element ``locator`` is visible.</doc>
<status status="PASS" start="2025-07-16T12:57:15.364838" elapsed="0.012002"/>
</kw>
<kw name="Click Element" owner="SeleniumLibrary">
<msg time="2025-07-16T12:57:15.376840" level="INFO">Clicking element 'xpath=//*[@id="identifierNext"]/div/button/span'.</msg>
<arg>xpath=//*[@id="identifierNext"]/div/button/span</arg>
<doc>Click the element identified by ``locator``.</doc>
<status status="PASS" start="2025-07-16T12:57:15.376840" elapsed="0.098022"/>
</kw>
<kw name="Wait Until Element Is Visible" owner="SeleniumLibrary">
<arg>name=Passwd</arg>
<arg>timeout=10s</arg>
<doc>Waits until the element ``locator`` is visible.</doc>
<status status="PASS" start="2025-07-16T12:57:15.474862" elapsed="1.860400"/>
</kw>
<kw name="Input Text" owner="SeleniumLibrary">
<msg time="2025-07-16T12:57:17.335262" level="INFO">Typing text '1730201408866' into text field 'name=Passwd'.</msg>
<arg>name=Passwd</arg>
<arg>${password}</arg>
<doc>Types the given ``text`` into the text field identified by ``locator``.</doc>
<status status="PASS" start="2025-07-16T12:57:17.335262" elapsed="0.060014"/>
</kw>
<kw name="Click Element" owner="SeleniumLibrary">
<msg time="2025-07-16T12:57:17.395276" level="INFO">Clicking element 'xpath=//*[@id="passwordNext"]/div/button/span'.</msg>
<arg>xpath=//*[@id="passwordNext"]/div/button/span</arg>
<doc>Click the element identified by ``locator``.</doc>
<status status="PASS" start="2025-07-16T12:57:17.395276" elapsed="0.103725"/>
</kw>
<kw name="Sleep" owner="BuiltIn">
<msg time="2025-07-16T12:57:27.500666" level="INFO">Slept 10 seconds.</msg>
<arg>10s</arg>
<doc>Pauses the test executed for the given time.</doc>
<status status="PASS" start="2025-07-16T12:57:17.499001" elapsed="10.001665"/>
</kw>
<kw name="Switch Window" owner="SeleniumLibrary">
<arg>${main_window}[0]</arg>
<doc>Switches to browser window matching ``locator``.</doc>
<status status="PASS" start="2025-07-16T12:57:27.500666" elapsed="0.003000"/>
</kw>
<arg>${GOOGLE_USERNAME}</arg>
<arg>${GOOGLE_PASSWORD}</arg>
<status status="PASS" start="2025-07-16T12:57:11.131725" elapsed="16.372942"/>
</kw>
<kw name="PostButton" owner="keywords">
<kw name="Wait Until Element Is Visible" owner="SeleniumLibrary">
<arg>xpath=//*[@data-test="post-button"]</arg>
<arg>timeout=10s</arg>
<doc>Waits until the element ``locator`` is visible.</doc>
<status status="PASS" start="2025-07-16T12:57:27.504667" elapsed="0.010002"/>
</kw>
<kw name="Click Element" owner="SeleniumLibrary">
<msg time="2025-07-16T12:57:27.514669" level="INFO">Clicking element 'xpath=//*[@data-test="post-button"]'.</msg>
<arg>xpath=//*[@data-test="post-button"]</arg>
<doc>Click the element identified by ``locator``.</doc>
<status status="PASS" start="2025-07-16T12:57:27.514669" elapsed="0.216049"/>
</kw>
<status status="PASS" start="2025-07-16T12:57:27.504667" elapsed="0.226051"/>
</kw>
<kw name="SelectTheOfferButton" owner="keywords">
<kw name="Wait Until Element Is Visible" owner="SeleniumLibrary">
<arg>${Want-To-Sell}</arg>
<arg>timeout=5s</arg>
<doc>Waits until the element ``locator`` is visible.</doc>
<status status="PASS" start="2025-07-16T12:57:27.730718" elapsed="0.420619"/>
</kw>
<kw name="Click Element" owner="SeleniumLibrary">
<msg time="2025-07-16T12:57:28.152337" level="INFO">Clicking element 'xpath=//*[@data-test="post-type-wts"]'.</msg>
<arg>${Want-To-Sell}</arg>
<doc>Click the element identified by ``locator``.</doc>
<status status="PASS" start="2025-07-16T12:57:28.152337" elapsed="0.030007"/>
</kw>
<status status="PASS" start="2025-07-16T12:57:27.730718" elapsed="0.451626"/>
</kw>
<kw name="ProductName" owner="keywords">
<kw name="Wait Until Element Is Visible" owner="SeleniumLibrary">
<arg>id=productName</arg>
<arg>timeout=5s</arg>
<doc>Waits until the element ``locator`` is visible.</doc>
<status status="PASS" start="2025-07-16T12:57:28.183345" elapsed="0.010002"/>
</kw>
<kw name="Input Text" owner="SeleniumLibrary">
<msg time="2025-07-16T12:57:28.194347" level="INFO">Typing text 'Air Jordan 1 mid light smoke grey' into text field 'id=productName'.</msg>
<arg>id=productName</arg>
<arg>${product_name}</arg>
<doc>Types the given ``text`` into the text field identified by ``locator``.</doc>
<status status="PASS" start="2025-07-16T12:57:28.193347" elapsed="0.075776"/>
</kw>
<status status="PASS" start="2025-07-16T12:57:28.183345" elapsed="0.085778"/>
</kw>
<kw name="SelectImages" owner="keywords">
<kw name="Wait Until Element Is Visible" owner="SeleniumLibrary">
<arg>xpath=//*[@data-test="image-upload"]</arg>
<arg>timeout=5s</arg>
<doc>Waits until the element ``locator`` is visible.</doc>
<status status="PASS" start="2025-07-16T12:57:28.270123" elapsed="0.011003"/>
</kw>
<kw name="Choose File" owner="SeleniumLibrary">
<msg time="2025-07-16T12:57:28.281126" level="INFO">Sending D:\Programming\Term1ProjectFinal\Test-Project\Dormdeal-Project-Testing\resources\images\AirJordan1.jpg to browser.</msg>
<arg>xpath=//*[@data-test="image-upload"]/input[@type="file"]</arg>
<arg>${LOCAL_IMAGE_PATH}</arg>
<doc>Inputs the ``file_path`` into the file input field ``locator``.</doc>
<status status="PASS" start="2025-07-16T12:57:28.281126" elapsed="0.020428"/>
</kw>
<kw name="Choose File" owner="SeleniumLibrary">
<msg time="2025-07-16T12:57:28.301554" level="INFO">Sending D:\Programming\Term1ProjectFinal\Test-Project\Dormdeal-Project-Testing\resources\images\AirJordan2.jpg to browser.</msg>
<arg>xpath=//*[@data-test="image-upload"]/input[@type="file"]</arg>
<arg>${LOCAL_IMAGE_PATH2}</arg>
<doc>Inputs the ``file_path`` into the file input field ``locator``.</doc>
<status status="PASS" start="2025-07-16T12:57:28.301554" elapsed="0.016004"/>
</kw>
<status status="PASS" start="2025-07-16T12:57:28.269123" elapsed="0.049435"/>
</kw>
<kw name="Price" owner="keywords">
<kw name="Wait Until Element Is Visible" owner="SeleniumLibrary">
<arg>id=price</arg>
<arg>timeout=5s</arg>
<doc>Waits until the element ``locator`` is visible.</doc>
<status status="PASS" start="2025-07-16T12:57:28.318558" elapsed="0.010002"/>
</kw>
<kw name="Input Text" owner="SeleniumLibrary">
<msg time="2025-07-16T12:57:28.329560" level="INFO">Typing text '3200' into text field 'id=price'.</msg>
<arg>id=price</arg>
<arg>${price}</arg>
<doc>Types the given ``text`` into the text field identified by ``locator``.</doc>
<status status="PASS" start="2025-07-16T12:57:28.328560" elapsed="0.058013"/>
</kw>
<status status="PASS" start="2025-07-16T12:57:28.318558" elapsed="0.068015"/>
</kw>
<kw name="Description" owner="keywords">
<kw name="Wait Until Element Is Visible" owner="SeleniumLibrary">
<arg>id=description</arg>
<arg>timeout=5s</arg>
<doc>Waits until the element ``locator`` is visible.</doc>
<status status="PASS" start="2025-07-16T12:57:28.387574" elapsed="0.011002"/>
</kw>
<kw name="Input Text" owner="SeleniumLibrary">
<msg time="2025-07-16T12:57:28.398576" level="INFO">Typing text 'เป็นลอยนิดหน่อยเก็บนานไป' into text field 'id=description'.</msg>
<arg>id=description</arg>
<arg>${description}</arg>
<doc>Types the given ``text`` into the text field identified by ``locator``.</doc>
<status status="PASS" start="2025-07-16T12:57:28.398576" elapsed="0.084152"/>
</kw>
<status status="PASS" start="2025-07-16T12:57:28.387574" elapsed="0.095154"/>
</kw>
<kw name="Condition" owner="keywords">
<kw name="Wait Until Element Is Visible" owner="SeleniumLibrary">
<arg>xpath=//*[@data-test="condition"]</arg>
<arg>timeout=5s</arg>
<doc>Waits until the element ``locator`` is visible.</doc>
<status status="PASS" start="2025-07-16T12:57:28.483728" elapsed="0.011002"/>
</kw>
<kw name="Click Element" owner="SeleniumLibrary">
<msg time="2025-07-16T12:57:28.495731" level="INFO">Clicking element 'xpath=//*[@data-test="used-acceptable"]'.</msg>
<arg>${condition}</arg>
<doc>Click the element identified by ``locator``.</doc>
<status status="PASS" start="2025-07-16T12:57:28.494730" elapsed="0.034008"/>
</kw>
<status status="PASS" start="2025-07-16T12:57:28.483728" elapsed="0.045010"/>
</kw>
<kw name="Announcement Post Type" owner="keywords">
<kw name="Wait Until Element Is Visible" owner="SeleniumLibrary">
<arg>xpath=//*[@data-test="posttype"]</arg>
<arg>timeout=5s</arg>
<doc>Waits until the element ``locator`` is visible.</doc>
<status status="PASS" start="2025-07-16T12:57:28.529739" elapsed="0.009001"/>
</kw>
<kw name="Click Element" owner="SeleniumLibrary">
<msg time="2025-07-16T12:57:28.539741" level="INFO">Clicking element 'xpath=//*[@data-test="postfree"]'.</msg>
<arg>${announcement_post_type}</arg>
<doc>Click the element identified by ``locator``.</doc>
<status status="PASS" start="2025-07-16T12:57:28.539741" elapsed="0.034008"/>
</kw>
<status status="PASS" start="2025-07-16T12:57:28.529739" elapsed="0.044010"/>
</kw>
<kw name="SubmitPost" owner="keywords">
<kw name="Wait Until Element Is Visible" owner="SeleniumLibrary">
<arg>${submitbutton}</arg>
<arg>timeout=5s</arg>
<doc>Waits until the element ``locator`` is visible.</doc>
<status status="PASS" start="2025-07-16T12:57:28.574749" elapsed="0.010001"/>
</kw>
<kw name="Click Element" owner="SeleniumLibrary">
<msg time="2025-07-16T12:57:28.585751" level="INFO">Clicking element 'xpath=//*[@data-test="submit-post"]'.</msg>
<arg>${submitbutton}</arg>
<doc>Click the element identified by ``locator``.</doc>
<status status="PASS" start="2025-07-16T12:57:28.584750" elapsed="0.039635"/>
</kw>
<status status="PASS" start="2025-07-16T12:57:28.574749" elapsed="0.049636"/>
</kw>
<kw name="CheckPostFailed" owner="keywords">
<kw name="Get Current Date" owner="DateTime">
<msg time="2025-07-16T12:57:28.625385" level="INFO">${timestamp} = 2025-07-16_12-57-28</msg>
<var>${timestamp}</var>
<arg>result_format=%Y-%m-%d_%H-%M-%S</arg>
<doc>Returns current local or UTC time with an optional increment.</doc>
<status status="PASS" start="2025-07-16T12:57:28.625385" elapsed="0.000000"/>
</kw>
<kw name="Set Variable" owner="BuiltIn">
<msg time="2025-07-16T12:57:28.625385" level="INFO">${filename} = (TC7004)_2025-07-16_12-57-28.png</msg>
<var>${filename}</var>
<arg>${tc_id}_${timestamp}.png</arg>
<doc>Returns the given values which can then be assigned to a variables.</doc>
<status status="PASS" start="2025-07-16T12:57:28.625385" elapsed="0.000000"/>
</kw>
<kw name="Set Variable" owner="BuiltIn">
<msg time="2025-07-16T12:57:28.625385" level="INFO">${screenshot_path} = ./screenshots/ManagePost/(TC7004)_2025-07-16_12-57-28.png</msg>
<var>${screenshot_path}</var>
<arg>./screenshots/ManagePost/${filename}</arg>
<doc>Returns the given values which can then be assigned to a variables.</doc>
<status status="PASS" start="2025-07-16T12:57:28.625385" elapsed="0.000000"/>
</kw>
<kw name="Wait Until Page Contains Element" owner="SeleniumLibrary">
<arg>${swal2postfailed}</arg>
<arg>timeout=10s</arg>
<doc>Waits until the element ``locator`` appears on the current page.</doc>
<status status="PASS" start="2025-07-16T12:57:28.625385" elapsed="0.008001"/>
</kw>
<kw name="Sleep" owner="BuiltIn">
<msg time="2025-07-16T12:57:30.633657" level="INFO">Slept 2 seconds.</msg>
<arg>2s</arg>
<doc>Pauses the test executed for the given time.</doc>
<status status="PASS" start="2025-07-16T12:57:28.633386" elapsed="2.000271"/>
</kw>
<kw name="Element Text Should Be" owner="SeleniumLibrary">
<msg time="2025-07-16T12:57:30.633657" level="INFO">Verifying element 'xpath=//*[@data-test="swal-post-failed"]' contains exact text 'กรุณากรอกข้อมูลให้ครบถ้วน!'.</msg>
<arg>${swal2postfailed}</arg>
<arg>กรุณากรอกข้อมูลให้ครบถ้วน!</arg>
<doc>Verifies that element ``locator`` contains exact the text ``expected``.</doc>
<status status="PASS" start="2025-07-16T12:57:30.633657" elapsed="0.011002"/>
</kw>
<kw name="Capture Page Screenshot" owner="SeleniumLibrary">
<msg time="2025-07-16T12:57:30.717683" level="INFO" html="true">&lt;/td&gt;&lt;/tr&gt;&lt;tr&gt;&lt;td colspan="3"&gt;&lt;a href="screenshots/ManagePost/%28TC7004%29_2025-07-16_12-57-28.png"&gt;&lt;img src="screenshots/ManagePost/%28TC7004%29_2025-07-16_12-57-28.png" width="800px"&gt;&lt;/a&gt;</msg>
<arg>${screenshot_path}</arg>
<doc>Takes a screenshot of the current page and embeds it into a log file.</doc>
<status status="PASS" start="2025-07-16T12:57:30.644659" elapsed="0.073024"/>
</kw>
<arg>(TC7004)</arg>
<status status="PASS" start="2025-07-16T12:57:28.624385" elapsed="2.093298"/>
</kw>
<kw name="Close Browser" owner="SeleniumLibrary">
<doc>Closes the current browser.</doc>
<status status="PASS" start="2025-07-16T12:57:30.717683" elapsed="2.181627"/>
</kw>
<doc>Test posting failure when user does not select main category; system should show error message</doc>
<status status="PASS" start="2025-07-16T12:57:08.632539" elapsed="24.266771"/>
</test>
<test id="s1-t5" name="(TC7005) การเพิ่มโพสต์สินค้าไม่สำเร็จ(กรณีไม่กรอกเลือกหมวดย่อย)" line="81">
<kw name="Open WebBrowser" owner="keywords">
<kw name="Open Browser" owner="SeleniumLibrary">
<msg time="2025-07-16T12:57:32.901311" level="INFO">Opening browser 'chrome' to base url 'http://localhost:5173'.</msg>
<arg>${URL}</arg>
<arg>${BROWSER}</arg>
<doc>Opens a new browser instance to the optional ``url``.</doc>
<status status="PASS" start="2025-07-16T12:57:32.901311" elapsed="2.620713"/>
</kw>
<status status="PASS" start="2025-07-16T12:57:32.901311" elapsed="2.620713"/>
</kw>
<kw name="Maximize Browser Window" owner="SeleniumLibrary">
<doc>Maximizes current browser window.</doc>
<status status="PASS" start="2025-07-16T12:57:35.522024" elapsed="0.021678"/>
</kw>
<kw name="Login With Google OAuth" owner="keywords">
<kw name="Wait Until Element Is Visible" owner="SeleniumLibrary">
<arg>xpath=//*[@data-test="login-sign"]</arg>
<arg>timeout=10s</arg>
<doc>Waits until the element ``locator`` is visible.</doc>
<status status="PASS" start="2025-07-16T12:57:35.544702" elapsed="0.012524"/>
</kw>
<kw name="Click Element" owner="SeleniumLibrary">
<msg time="2025-07-16T12:57:35.557226" level="INFO">Clicking element 'xpath=//*[@data-test="login-sign"]'.</msg>
<arg>xpath=//*[@data-test="login-sign"]</arg>
<doc>Click the element identified by ``locator``.</doc>
<status status="PASS" start="2025-07-16T12:57:35.557226" elapsed="0.046902"/>
</kw>
<kw name="Wait Until Element Is Visible" owner="SeleniumLibrary">
<arg>xpath=//*[@id="login"]/div/button</arg>
<arg>timeout=10s</arg>
<doc>Waits until the element ``locator`` is visible.</doc>
<status status="PASS" start="2025-07-16T12:57:35.604128" elapsed="0.219813"/>
</kw>
<kw name="Get Window Handles" owner="SeleniumLibrary">
<msg time="2025-07-16T12:57:35.824941" level="INFO">${main_window} = ['15A63FC98AF2753452C6029128636C83']</msg>
<var>${main_window}</var>
<doc>Returns all child window handles of the selected browser as a list.</doc>
<status status="PASS" start="2025-07-16T12:57:35.823941" elapsed="0.001000"/>
</kw>
<kw name="Click Element" owner="SeleniumLibrary">
<msg time="2025-07-16T12:57:35.824941" level="INFO">Clicking element 'xpath=//*[@id="login"]/div/button'.</msg>
<arg>xpath=//*[@id="login"]/div/button</arg>
<doc>Click the element identified by ``locator``.</doc>
<status status="PASS" start="2025-07-16T12:57:35.824941" elapsed="0.042013"/>
</kw>
<kw name="Click Element" owner="SeleniumLibrary">
<msg time="2025-07-16T12:57:35.866954" level="INFO">Clicking element 'css=[data-test="scroll-bottom"]'.</msg>
<arg>css=[data-test="scroll-bottom"]</arg>
<doc>Click the element identified by ``locator``.</doc>
<status status="PASS" start="2025-07-16T12:57:35.866954" elapsed="0.031007"/>
</kw>
<kw name="Click Element" owner="SeleniumLibrary">
<msg time="2025-07-16T12:57:35.897961" level="INFO">Clicking element 'css=[data-test="accept-button"]'.</msg>
<arg>css=[data-test="accept-button"]</arg>
<doc>Click the element identified by ``locator``.</doc>
<status status="PASS" start="2025-07-16T12:57:35.897961" elapsed="0.608178"/>
</kw>
<kw name="Sleep" owner="BuiltIn">
<msg time="2025-07-16T12:57:39.506381" level="INFO">Slept 3 seconds.</msg>
<arg>3s</arg>
<doc>Pauses the test executed for the given time.</doc>
<status status="PASS" start="2025-07-16T12:57:36.506139" elapsed="3.000242"/>
</kw>
<kw name="Get Window Handles" owner="SeleniumLibrary">
<msg time="2025-07-16T12:57:39.518949" level="INFO">${all_windows} = ['15A63FC98AF2753452C6029128636C83', 'AD862194132A6446F23DA6A76C88850C']</msg>
<var>${all_windows}</var>
<doc>Returns all child window handles of the selected browser as a list.</doc>
<status status="PASS" start="2025-07-16T12:57:39.506381" elapsed="0.012568"/>
</kw>
<kw name="Switch Window" owner="SeleniumLibrary">
<arg>${all_windows}[1]</arg>
<doc>Switches to browser window matching ``locator``.</doc>
<status status="PASS" start="2025-07-16T12:57:39.518949" elapsed="0.021731"/>
</kw>
<kw name="Wait Until Page Contains Element" owner="SeleniumLibrary">
<arg>id=identifierId</arg>
<arg>timeout=10s</arg>
<doc>Waits until the element ``locator`` appears on the current page.</doc>
<status status="PASS" start="2025-07-16T12:57:39.541680" elapsed="0.256441"/>
</kw>
<kw name="Input Text" owner="SeleniumLibrary">
<msg time="2025-07-16T12:57:39.798121" level="INFO">Typing text '654259002' into text field 'id=identifierId'.</msg>
<arg>id=identifierId</arg>
<arg>${username}</arg>
<doc>Types the given ``text`` into the text field identified by ``locator``.</doc>
<status status="PASS" start="2025-07-16T12:57:39.798121" elapsed="0.080018"/>
</kw>
<kw name="Wait Until Element Is Visible" owner="SeleniumLibrary">
<arg>xpath=//*[@id="identifierNext"]/div/button/span</arg>
<arg>timeout=10s</arg>
<doc>Waits until the element ``locator`` is visible.</doc>
<status status="PASS" start="2025-07-16T12:57:39.878139" elapsed="0.012003"/>
</kw>
<kw name="Click Element" owner="SeleniumLibrary">
<msg time="2025-07-16T12:57:39.890142" level="INFO">Clicking element 'xpath=//*[@id="identifierNext"]/div/button/span'.</msg>
<arg>xpath=//*[@id="identifierNext"]/div/button/span</arg>
<doc>Click the element identified by ``locator``.</doc>
[...]
</kw>
<kw name="Input Text" owner="SeleniumLibrary">
<msg time="2025-07-16T13:00:05.868245" level="INFO">Typing text '1730201408866' into text field 'name=Passwd'.</msg>
<arg>name=Passwd</arg>
<arg>${password}</arg>
<doc>Types the given ``text`` into the text field identified by ``locator``.</doc>
<status status="PASS" start="2025-07-16T13:00:05.868245" elapsed="0.063015"/>
</kw>
<kw name="Click Element" owner="SeleniumLibrary">
<msg time="2025-07-16T13:00:05.932260" level="INFO">Clicking element 'xpath=//*[@id="passwordNext"]/div/button/span'.</msg>
<arg>xpath=//*[@id="passwordNext"]/div/button/span</arg>
<doc>Click the element identified by ``locator``.</doc>
<status status="PASS" start="2025-07-16T13:00:05.932260" elapsed="0.146783"/>
</kw>
<kw name="Sleep" owner="BuiltIn">
<msg time="2025-07-16T13:00:16.080396" level="INFO">Slept 10 seconds.</msg>
<arg>10s</arg>
<doc>Pauses the test executed for the given time.</doc>
<status status="PASS" start="2025-07-16T13:00:06.079043" elapsed="10.001353"/>
</kw>
<kw name="Switch Window" owner="SeleniumLibrary">
<arg>${main_window}[0]</arg>
<doc>Switches to browser window matching ``locator``.</doc>
<status status="PASS" start="2025-07-16T13:00:16.080396" elapsed="0.003002"/>
</kw>
<arg>${GOOGLE_USERNAME}</arg>
<arg>${GOOGLE_PASSWORD}</arg>
<status status="PASS" start="2025-07-16T12:59:59.749895" elapsed="16.333503"/>
</kw>
<kw name="ProfileButton" owner="keywords">
<kw name="Wait Until Element Is Visible" owner="SeleniumLibrary">
<arg>${profile}</arg>
<arg>timeout=5s</arg>
<doc>Waits until the element ``locator`` is visible.</doc>
<status status="PASS" start="2025-07-16T13:00:16.084398" elapsed="0.009001"/>
</kw>
<kw name="Click Element" owner="SeleniumLibrary">
<msg time="2025-07-16T13:00:16.094400" level="INFO">Clicking element 'xpath=//*[@data-test="profile-button"]'.</msg>
<arg>${profile}</arg>
<doc>Click the element identified by ``locator``.</doc>
<status status="PASS" start="2025-07-16T13:00:16.094400" elapsed="0.032012"/>
</kw>
<status status="PASS" start="2025-07-16T13:00:16.084398" elapsed="0.042014"/>
</kw>
<kw name="Click My Announcement" owner="keywords">
<kw name="Wait Until Element Is Visible" owner="SeleniumLibrary">
<arg>${my_announcement}</arg>
<arg>timeout=5s</arg>
<doc>Waits until the element ``locator`` is visible.</doc>
<status status="PASS" start="2025-07-16T13:00:16.127413" elapsed="0.009002"/>
</kw>
<kw name="Click Element" owner="SeleniumLibrary">
<msg time="2025-07-16T13:00:16.136415" level="INFO">Clicking element 'xpath=//*[@data-test="my-announcement"]'.</msg>
<arg>${my_announcement}</arg>
<doc>Click the element identified by ``locator``.</doc>
<status status="PASS" start="2025-07-16T13:00:16.136415" elapsed="0.211075"/>
</kw>
<status status="PASS" start="2025-07-16T13:00:16.126412" elapsed="0.222078"/>
</kw>
<kw name="IconEditPost" owner="keywords">
<kw name="Wait Until Element Is Visible" owner="SeleniumLibrary">
<arg>${icon_edit_post}</arg>
<arg>timeout=5s</arg>
<doc>Waits until the element ``locator`` is visible.</doc>
<status status="PASS" start="2025-07-16T13:00:16.348490" elapsed="0.218441"/>
</kw>
<kw name="Click Element" owner="SeleniumLibrary">
<msg time="2025-07-16T13:00:16.566931" level="INFO">Clicking element 'xpath=//*[@data-test="icon-edit-post-686ad1cca9c3972f5974db3f"]'.</msg>
<arg>${icon_edit_post}</arg>
<doc>Click the element identified by ``locator``.</doc>
<status status="PASS" start="2025-07-16T13:00:16.566931" elapsed="0.034007"/>
</kw>
<kw name="Wait Until Page Contains Element" owner="SeleniumLibrary">
<arg>${checkheading}</arg>
<arg>timeout=5s</arg>
<doc>Waits until the element ``locator`` appears on the current page.</doc>
<status status="PASS" start="2025-07-16T13:00:16.600938" elapsed="0.210554"/>
</kw>
<status status="PASS" start="2025-07-16T13:00:16.348490" elapsed="0.463002"/>
</kw>
<kw name="EditPrice" owner="keywords">
<kw name="Wait Until Element Is Visible" owner="SeleniumLibrary">
<arg>${editprice}</arg>
<arg>timeout=5s</arg>
<doc>Waits until the element ``locator`` is visible.</doc>
<status status="PASS" start="2025-07-16T13:00:16.812493" elapsed="0.011002"/>
</kw>
<kw name="Click Element" owner="SeleniumLibrary">
<msg time="2025-07-16T13:00:16.823495" level="INFO">Clicking element 'xpath=//*[@data-test="edit-price"]'.</msg>
<arg>${editprice}</arg>
<doc>Click the element identified by ``locator``.</doc>
<status status="PASS" start="2025-07-16T13:00:16.823495" elapsed="0.037765"/>
</kw>
<kw name="Input Text" owner="SeleniumLibrary">
<msg time="2025-07-16T13:00:16.862261" level="INFO">Typing text '6500' into text field 'id=price'.</msg>
<arg>id=price</arg>
<arg>${price_edit}</arg>
<doc>Types the given ``text`` into the text field identified by ``locator``.</doc>
<status status="PASS" start="2025-07-16T13:00:16.862261" elapsed="0.049011"/>
</kw>
<status status="PASS" start="2025-07-16T13:00:16.812493" elapsed="0.099778"/>
</kw>
<kw name="SubmitUpdatePost" owner="keywords">
<kw name="Wait Until Element Is Visible" owner="SeleniumLibrary">
<arg>${submitupdatepost}</arg>
<arg>timeout=5s</arg>
<doc>Waits until the element ``locator`` is visible.</doc>
<status status="PASS" start="2025-07-16T13:00:16.912271" elapsed="0.010003"/>
</kw>
<kw name="Click Element" owner="SeleniumLibrary">
<msg time="2025-07-16T13:00:16.922274" level="INFO">Clicking element 'xpath=//*[@data-test="submit-update-post"]'.</msg>
<arg>${submitupdatepost}</arg>
<doc>Click the element identified by ``locator``.</doc>
<status status="PASS" start="2025-07-16T13:00:16.922274" elapsed="0.036008"/>
</kw>
<status status="PASS" start="2025-07-16T13:00:16.912271" elapsed="0.046011"/>
</kw>
<kw name="CheckPostUpdateSuccess" owner="keywords">
<kw name="Get Current Date" owner="DateTime">
<msg time="2025-07-16T13:00:16.959282" level="INFO">${timestamp} = 2025-07-16_13-00-16</msg>
<var>${timestamp}</var>
<arg>result_format=%Y-%m-%d_%H-%M-%S</arg>
<doc>Returns current local or UTC time with an optional increment.</doc>
<status status="PASS" start="2025-07-16T13:00:16.958282" elapsed="0.001000"/>
</kw>
<kw name="Set Variable" owner="BuiltIn">
<msg time="2025-07-16T13:00:16.959282" level="INFO">${filename} = (TC7011)_2025-07-16_13-00-16.png</msg>
<var>${filename}</var>
<arg>${tc_id}_${timestamp}.png</arg>
<doc>Returns the given values which can then be assigned to a variables.</doc>
<status status="PASS" start="2025-07-16T13:00:16.959282" elapsed="0.000000"/>
</kw>
<kw name="Set Variable" owner="BuiltIn">
<msg time="2025-07-16T13:00:16.959282" level="INFO">${screenshot_path} = ./screenshots/ManagePost/(TC7011)_2025-07-16_13-00-16.png</msg>
<var>${screenshot_path}</var>
<arg>./screenshots/ManagePost/${filename}</arg>
<doc>Returns the given values which can then be assigned to a variables.</doc>
<status status="PASS" start="2025-07-16T13:00:16.959282" elapsed="0.000000"/>
</kw>
<kw name="Wait Until Page Contains Element" owner="SeleniumLibrary">
<arg>${swal2updatepostsuccess}</arg>
<arg>timeout=10s</arg>
<doc>Waits until the element ``locator`` appears on the current page.</doc>
<status status="PASS" start="2025-07-16T13:00:16.959282" elapsed="0.213270"/>
</kw>
<kw name="Sleep" owner="BuiltIn">
<msg time="2025-07-16T13:00:19.172709" level="INFO">Slept 2 seconds.</msg>
<arg>2s</arg>
<doc>Pauses the test executed for the given time.</doc>
<status status="PASS" start="2025-07-16T13:00:17.172552" elapsed="2.000157"/>
</kw>
<kw name="Element Text Should Be" owner="SeleniumLibrary">
<msg time="2025-07-16T13:00:19.172709" level="INFO">Verifying element 'xpath=//*[@data-test="swal-post-update-success"]' contains exact text 'อัปเดตโพสต์สำเร็จ!'.</msg>
<arg>${swal2updatepostsuccess}</arg>
<arg>อัปเดตโพสต์สำเร็จ!</arg>
<doc>Verifies that element ``locator`` contains exact the text ``expected``.</doc>
<status status="PASS" start="2025-07-16T13:00:19.172709" elapsed="0.012003"/>
</kw>
<kw name="Capture Page Screenshot" owner="SeleniumLibrary">
<msg time="2025-07-16T13:00:19.273250" level="INFO" html="true">&lt;/td&gt;&lt;/tr&gt;&lt;tr&gt;&lt;td colspan="3"&gt;&lt;a href="screenshots/ManagePost/%28TC7011%29_2025-07-16_13-00-16.png"&gt;&lt;img src="screenshots/ManagePost/%28TC7011%29_2025-07-16_13-00-16.png" width="800px"&gt;&lt;/a&gt;</msg>
<arg>${screenshot_path}</arg>
<doc>Takes a screenshot of the current page and embeds it into a log file.</doc>
<status status="PASS" start="2025-07-16T13:00:19.184712" elapsed="0.089539"/>
</kw>
<arg>(TC7011)</arg>
<status status="PASS" start="2025-07-16T13:00:16.958282" elapsed="2.315969"/>
</kw>
<kw name="Close Browser" owner="SeleniumLibrary">
<doc>Closes the current browser.</doc>
<status status="PASS" start="2025-07-16T13:00:19.274251" elapsed="2.158716"/>
</kw>
<doc>Test Verify that a user can successfully edit an existing product post by updating the price and submitting the changes.</doc>
<status status="PASS" start="2025-07-16T12:59:58.267224" elapsed="23.165743"/>
</test>
<test id="s1-t12" name="(TC7012) การแก้ไขโพสต์ประกาศซื้อขายสินค้า(กดยกเลิกไม่ต้องการเเก้ไข)" line="204">
<kw name="Open WebBrowser" owner="keywords">
<kw name="Open Browser" owner="SeleniumLibrary">
<msg time="2025-07-16T13:00:21.434967" level="INFO">Opening browser 'chrome' to base url 'http://localhost:5173'.</msg>
<arg>${URL}</arg>
<arg>${BROWSER}</arg>
<doc>Opens a new browser instance to the optional ``url``.</doc>
<status status="PASS" start="2025-07-16T13:00:21.434967" elapsed="1.462848"/>
</kw>
<status status="PASS" start="2025-07-16T13:00:21.434967" elapsed="1.462848"/>
</kw>
<kw name="Maximize Browser Window" owner="SeleniumLibrary">
<doc>Maximizes current browser window.</doc>
<status status="PASS" start="2025-07-16T13:00:22.898816" elapsed="0.029595"/>
</kw>
<kw name="Login With Google OAuth" owner="keywords">
<kw name="Wait Until Element Is Visible" owner="SeleniumLibrary">
<arg>xpath=//*[@data-test="login-sign"]</arg>
<arg>timeout=10s</arg>
<doc>Waits until the element ``locator`` is visible.</doc>
<status status="PASS" start="2025-07-16T13:00:22.929411" elapsed="0.034516"/>
</kw>
<kw name="Click Element" owner="SeleniumLibrary">
<msg time="2025-07-16T13:00:22.963927" level="INFO">Clicking element 'xpath=//*[@data-test="login-sign"]'.</msg>
<arg>xpath=//*[@data-test="login-sign"]</arg>
<doc>Click the element identified by ``locator``.</doc>
<status status="PASS" start="2025-07-16T13:00:22.963927" elapsed="0.123758"/>
</kw>
<kw name="Wait Until Element Is Visible" owner="SeleniumLibrary">
<arg>xpath=//*[@id="login"]/div/button</arg>
<arg>timeout=10s</arg>
<doc>Waits until the element ``locator`` is visible.</doc>
<status status="PASS" start="2025-07-16T13:00:23.087685" elapsed="0.218871"/>
</kw>
<kw name="Get Window Handles" owner="SeleniumLibrary">
<msg time="2025-07-16T13:00:23.307576" level="INFO">${main_window} = ['1233F678AD452C44A9884DDD6A62EE0D']</msg>
<var>${main_window}</var>
<doc>Returns all child window handles of the selected browser as a list.</doc>
<status status="PASS" start="2025-07-16T13:00:23.307063" elapsed="0.000513"/>
</kw>
<kw name="Click Element" owner="SeleniumLibrary">
<msg time="2025-07-16T13:00:23.307576" level="INFO">Clicking element 'xpath=//*[@id="login"]/div/button'.</msg>
<arg>xpath=//*[@id="login"]/div/button</arg>
<doc>Click the element identified by ``locator``.</doc>
<status status="PASS" start="2025-07-16T13:00:23.307576" elapsed="0.049473"/>
</kw>
<kw name="Click Element" owner="SeleniumLibrary">
<msg time="2025-07-16T13:00:23.357553" level="INFO">Clicking element 'css=[data-test="scroll-bottom"]'.</msg>
<arg>css=[data-test="scroll-bottom"]</arg>
<doc>Click the element identified by ``locator``.</doc>
<status status="PASS" start="2025-07-16T13:00:23.357049" elapsed="0.033668"/>
</kw>
<kw name="Click Element" owner="SeleniumLibrary">
<msg time="2025-07-16T13:00:23.391713" level="INFO">Clicking element 'css=[data-test="accept-button"]'.</msg>
<arg>css=[data-test="accept-button"]</arg>
<doc>Click the element identified by ``locator``.</doc>
<status status="PASS" start="2025-07-16T13:00:23.391713" elapsed="0.602682"/>
</kw>
<kw name="Sleep" owner="BuiltIn">
<msg time="2025-07-16T13:00:26.995312" level="INFO">Slept 3 seconds.</msg>
<arg>3s</arg>
<doc>Pauses the test executed for the given time.</doc>
<status status="PASS" start="2025-07-16T13:00:23.994395" elapsed="3.000917"/>
</kw>
<kw name="Get Window Handles" owner="SeleniumLibrary">
<msg time="2025-07-16T13:00:27.010019" level="INFO">${all_windows} = ['1233F678AD452C44A9884DDD6A62EE0D', '768981D091BCD7AA29127DF3A5566AC4']</msg>
<var>${all_windows}</var>
<doc>Returns all child window handles of the selected browser as a list.</doc>
<status status="PASS" start="2025-07-16T13:00:26.995312" elapsed="0.014707"/>
</kw>
<kw name="Switch Window" owner="SeleniumLibrary">
<arg>${all_windows}[1]</arg>
<doc>Switches to browser window matching ``locator``.</doc>
<status status="PASS" start="2025-07-16T13:00:27.011019" elapsed="0.025646"/>
</kw>
<kw name="Wait Until Page Contains Element" owner="SeleniumLibrary">
<arg>id=identifierId</arg>
<arg>timeout=10s</arg>
<doc>Waits until the element ``locator`` appears on the current page.</doc>
<status status="PASS" start="2025-07-16T13:00:27.036665" elapsed="0.136937"/>
</kw>
<kw name="Input Text" owner="SeleniumLibrary">
<msg time="2025-07-16T13:00:27.174602" level="INFO">Typing text '654259002' into text field 'id=identifierId'.</msg>
<arg>id=identifierId</arg>
<arg>${username}</arg>
<doc>Types the given ``text`` into the text field identified by ``locator``.</doc>
<status status="PASS" start="2025-07-16T13:00:27.173602" elapsed="0.080019"/>
</kw>
<kw name="Wait Until Element Is Visible" owner="SeleniumLibrary">
<arg>xpath=//*[@id="identifierNext"]/div/button/span</arg>
<arg>timeout=10s</arg>
<doc>Waits until the element ``locator`` is visible.</doc>
<status status="PASS" start="2025-07-16T13:00:27.253621" elapsed="0.012001"/>
</kw>
<kw name="Click Element" owner="SeleniumLibrary">
<msg time="2025-07-16T13:00:27.266623" level="INFO">Clicking element 'xpath=//*[@id="identifierNext"]/div/button/span'.</msg>
<arg>xpath=//*[@id="identifierNext"]/div/button/span</arg>
<doc>Click the element identified by ``locator``.</doc>
<status status="PASS" start="2025-07-16T13:00:27.266623" elapsed="0.094471"/>
</kw>
<kw name="Wait Until Element Is Visible" owner="SeleniumLibrary">
<arg>name=Passwd</arg>
<arg>timeout=10s</arg>
<doc>Waits until the element ``locator`` is visible.</doc>
<status status="PASS" start="2025-07-16T13:00:27.361094" elapsed="1.665325"/>
</kw>
<kw name="Input Text" owner="SeleniumLibrary">
<msg time="2025-07-16T13:00:29.027419" level="INFO">Typing text '1730201408866' into text field 'name=Passwd'.</msg>
<arg>name=Passwd</arg>
<arg>${password}</arg>
<doc>Types the given ``text`` into the text field identified by ``locator``.</doc>
<status status="PASS" start="2025-07-16T13:00:29.027419" elapsed="0.061014"/>
</kw>
<kw name="Click Element" owner="SeleniumLibrary">
<msg time="2025-07-16T13:00:29.089432" level="INFO">Clicking element 'xpath=//*[@id="passwordNext"]/div/button/span'.</msg>
<arg>xpath=//*[@id="passwordNext"]/div/button/span</arg>
<doc>Click the element identified by ``locator``.</doc>
<status status="PASS" start="2025-07-16T13:00:29.089432" elapsed="0.168648"/>
</kw>
<kw name="Sleep" owner="BuiltIn">
<msg time="2025-07-16T13:00:39.259247" level="INFO">Slept 10 seconds.</msg>
<arg>10s</arg>
<doc>Pauses the test executed for the given time.</doc>
<status status="PASS" start="2025-07-16T13:00:29.258080" elapsed="10.001167"/>
</kw>
<kw name="Switch Window" owner="SeleniumLibrary">
<arg>${main_window}[0]</arg>
<doc>Switches to browser window matching ``locator``.</doc>
<status status="PASS" start="2025-07-16T13:00:39.259247" elapsed="0.003999"/>
</kw>
<arg>${GOOGLE_USERNAME}</arg>
<arg>${GOOGLE_PASSWORD}</arg>
<status status="PASS" start="2025-07-16T13:00:22.929411" elapsed="16.333835"/>
</kw>
<kw name="ProfileButton" owner="keywords">
<kw name="Wait Until Element Is Visible" owner="SeleniumLibrary">
<arg>${profile}</arg>
<arg>timeout=5s</arg>
<doc>Waits until the element ``locator`` is visible.</doc>
<status status="PASS" start="2025-07-16T13:00:39.263246" elapsed="0.010003"/>
</kw>
<kw name="Click Element" owner="SeleniumLibrary">
<msg time="2025-07-16T13:00:39.273249" level="INFO">Clicking element 'xpath=//*[@data-test="profile-button"]'.</msg>
<arg>${profile}</arg>
<doc>Click the element identified by ``locator``.</doc>
<status status="PASS" start="2025-07-16T13:00:39.273249" elapsed="0.033007"/>
</kw>
<status status="PASS" start="2025-07-16T13:00:39.263246" elapsed="0.044011"/>
</kw>
<kw name="Click My Announcement" owner="keywords">
<kw name="Wait Until Element Is Visible" owner="SeleniumLibrary">
<arg>${my_announcement}</arg>
<arg>timeout=5s</arg>
<doc>Waits until the element ``locator`` is visible.</doc>
<status status="PASS" start="2025-07-16T13:00:39.307257" elapsed="0.010365"/>
</kw>
<kw name="Click Element" owner="SeleniumLibrary">
<msg time="2025-07-16T13:00:39.317622" level="INFO">Clicking element 'xpath=//*[@data-test="my-announcement"]'.</msg>
<arg>${my_announcement}</arg>
<doc>Click the element identified by ``locator``.</doc>
<status status="PASS" start="2025-07-16T13:00:39.317622" elapsed="0.217122"/>
</kw>
<status status="PASS" start="2025-07-16T13:00:39.307257" elapsed="0.227487"/>
</kw>
<kw name="IconEditPost" owner="keywords">
<kw name="Wait Until Element Is Visible" owner="SeleniumLibrary">
<msg time="2025-07-16T13:00:44.757684" level="INFO" html="true">&lt;/td&gt;&lt;/tr&gt;&lt;tr&gt;&lt;td colspan="3"&gt;&lt;a href="selenium-screenshot-3.png"&gt;&lt;img src="selenium-screenshot-3.png" width="800px"&gt;&lt;/a&gt;</msg>
<msg time="2025-07-16T13:00:44.757684" level="FAIL">Element 'xpath=//*[@data-test="icon-edit-post-686ad1cca9c3972f5974db3f"]' not visible after 5 seconds.</msg>
<arg>${icon_edit_post}</arg>
<arg>timeout=5s</arg>
<doc>Waits until the element ``locator`` is visible.</doc>
<status status="FAIL" start="2025-07-16T13:00:39.535744" elapsed="5.222940">Element 'xpath=//*[@data-test="icon-edit-post-686ad1cca9c3972f5974db3f"]' not visible after 5 seconds.</status>
</kw>
<kw name="Click Element" owner="SeleniumLibrary">
<arg>${icon_edit_post}</arg>
<doc>Click the element identified by ``locator``.</doc>
<status status="NOT RUN" start="2025-07-16T13:00:44.758684" elapsed="0.000000"/>
</kw>
<kw name="Wait Until Page Contains Element" owner="SeleniumLibrary">
<arg>${checkheading}</arg>
<arg>timeout=5s</arg>
<doc>Waits until the element ``locator`` appears on the current page.</doc>
<status status="NOT RUN" start="2025-07-16T13:00:44.758684" elapsed="0.000000"/>
</kw>
<status status="FAIL" start="2025-07-16T13:00:39.535744" elapsed="5.222940">Element 'xpath=//*[@data-test="icon-edit-post-686ad1cca9c3972f5974db3f"]' not visible after 5 seconds.</status>
</kw>
<kw name="CancelUpdatePost" owner="keywords">
<status status="NOT RUN" start="2025-07-16T13:00:44.759684" elapsed="0.000000"/>
</kw>
<kw name="CheckPostCancelUpdate" owner="keywords">
<arg>(TC7012)</arg>
<status status="NOT RUN" start="2025-07-16T13:00:44.759684" elapsed="0.000000"/>
</kw>
<kw name="Close Browser" owner="SeleniumLibrary">
<doc>Closes the current browser.</doc>
<status status="NOT RUN" start="2025-07-16T13:00:44.759684" elapsed="0.000000"/>
</kw>
<doc>Test Verify that a user can cancel the edit of an existing product post without making any changes.</doc>
<status status="FAIL" start="2025-07-16T13:00:21.433967" elapsed="23.326718">Element 'xpath=//*[@data-test="icon-edit-post-686ad1cca9c3972f5974db3f"]' not visible after 5 seconds.</status>
</test>
<status status="FAIL" start="2025-07-16T12:55:54.923050" elapsed="289.837635"/>
</suite>
<statistics>
<total>
<stat pass="9" fail="3" skip="0">All Tests</stat>
</total>
<tag>
</tag>
<suite>
<stat name="PostingProducts" id="s1" pass="9" fail="3" skip="0">PostingProducts</stat>
</suite>
</statistics>
<errors>
</errors>
</robot>
